  [1m[35m (0.4ms)[0m  [1m[34mSELECT sqlite_version(*)[0m
  â†³ /home/juan/.rbenv/versions/2.5.1/bin/rake:23
  [1m[35m (114.9ms)[0m  [1m[35mCREATE TABLE "schema_migrations" ("version" varchar NOT NULL PRIMARY KEY)[0m
  â†³ /home/juan/.rbenv/versions/2.5.1/bin/rake:23
  [1m[35m (118.4ms)[0m  [1m[35mCREATE TABLE "ar_internal_metadata" ("key" varchar NOT NULL PRIMARY KEY, "value" varchar, "created_at" datetime NOT NULL, "updated_at" datetime NOT NULL)[0m
  â†³ /home/juan/.rbenv/versions/2.5.1/bin/rake:23
  [1m[36mActiveRecord::InternalMetadata Load (0.4ms)[0m  [1m[34mSELECT  "ar_internal_metadata".* FROM "ar_internal_metadata" WHERE "ar_internal_metadata"."key" = ? LIMIT ?[0m  [["key", "environment"], ["LIMIT", 1]]
  â†³ /home/juan/.rbenv/versions/2.5.1/bin/rake:23
  [1m[35m (0.1ms)[0m  [1m[36mbegin transaction[0m
  â†³ /home/juan/.rbenv/versions/2.5.1/bin/rake:23
  [1m[36mActiveRecord::InternalMetadata Create (0.6ms)[0m  [1m[32mINSERT INTO "ar_internal_metadata" ("key", "value", "created_at", "updated_at") VALUES (?, ?, ?, ?)[0m  [["key", "environment"], ["value", "development"], ["created_at", "2018-09-06 20:04:20.508631"], ["updated_at", "2018-09-06 20:04:20.508631"]]
  â†³ /home/juan/.rbenv/versions/2.5.1/bin/rake:23
  [1m[35m (79.9ms)[0m  [1m[36mcommit transaction[0m
  â†³ /home/juan/.rbenv/versions/2.5.1/bin/rake:23
  [1m[35m (0.2ms)[0m  [1m[34mSELECT "schema_migrations"."version" FROM "schema_migrations" ORDER BY "schema_migrations"."version" ASC[0m
  â†³ /home/juan/.rbenv/versions/2.5.1/bin/rake:23
Started GET "/" for 127.0.0.1 at 2018-09-06 16:14:58 -0400
Processing by PrincipalController#index as HTML
  Rendering principal/index.html.erb within layouts/application
  Rendered principal/index.html.erb within layouts/application (4.3ms)
Completed 500 Internal Server Error in 5783ms (ActiveRecord: 0.0ms)


  
ActionView::Template::Error (undefined local variable or method `current_user' for #<#<Class:0x000055beb410b620>:0x000055beb4100f90>
Did you mean?  current_page?):
    10:   </head>
    11: 
    12:   <body>
    13:     <% if current_user %>
    14:       <%= link_to "Cerrar sesion", user_destroy_path, mothod: :delete %>
    15:     <% else %>
    16:       <%= link_to "Iniciar sesion", new_user_session_path %>
  
app/views/layouts/application.html.erb:13:in `_app_views_layouts_application_html_erb__2176615883211627219_47138776498820'
Started GET "/" for 127.0.0.1 at 2018-09-06 16:16:36 -0400
Processing by PrincipalController#index as HTML
  Rendering principal/index.html.erb within layouts/application
  Rendered principal/index.html.erb within layouts/application (0.9ms)
Completed 500 Internal Server Error in 728ms (ActiveRecord: 0.0ms)


  
ActionView::Template::Error (undefined local variable or method `user_destroy_path' for #<#<Class:0x000055beb410b620>:0x00007f40e4d0b070>):
    11: 
    12:   <body>
    13:     <% if true %>
    14:       <%= link_to "Cerrar sesion", user_destroy_path, mothod: :delete %>
    15:     <% else %>
    16:       <%= link_to "Iniciar sesion", new_user_session_path %>
    17:       <%= link_to "Crear sesion", new_user_create_path %>
  
app/views/layouts/application.html.erb:14:in `_app_views_layouts_application_html_erb__2176615883211627219_69958346470680'
  [1m[35m (0.3ms)[0m  [1m[34mSELECT "schema_migrations"."version" FROM "schema_migrations" ORDER BY "schema_migrations"."version" ASC[0m
  â†³ /home/juan/.rbenv/versions/2.5.1/bin/rake:23
Migrating to DeviseCreateUsers (20180906202333)
  [1m[35m (0.1ms)[0m  [1m[36mbegin transaction[0m
  â†³ /home/juan/.rbenv/versions/2.5.1/bin/rake:23
  [1m[35m (0.2ms)[0m  [1m[34mSELECT sqlite_version(*)[0m
  â†³ db/migrate/20180906202333_devise_create_users.rb:5
  [1m[35m (0.8ms)[0m  [1m[35mCREATE TABLE "users" ("id" integer PRIMARY KEY AUTOINCREMENT NOT NULL, "email" varchar DEFAULT '' NOT NULL, "encrypted_password" varchar DEFAULT '' NOT NULL, "reset_password_token" varchar, "reset_password_sent_at" datetime, "remember_created_at" datetime, "created_at" datetime NOT NULL, "updated_at" datetime NOT NULL)[0m
  â†³ db/migrate/20180906202333_devise_create_users.rb:5
  [1m[35m (0.3ms)[0m  [1m[35mCREATE UNIQUE INDEX "index_users_on_email" ON "users" ("email")[0m
  â†³ db/migrate/20180906202333_devise_create_users.rb:39
  [1m[35m (0.3ms)[0m  [1m[35mCREATE UNIQUE INDEX "index_users_on_reset_password_token" ON "users" ("reset_password_token")[0m
  â†³ db/migrate/20180906202333_devise_create_users.rb:40
  [1m[36mActiveRecord::SchemaMigration Create (0.4ms)[0m  [1m[32mINSERT INTO "schema_migrations" ("version") VALUES (?)[0m  [["version", "20180906202333"]]
  â†³ /home/juan/.rbenv/versions/2.5.1/bin/rake:23
  [1m[35m (110.6ms)[0m  [1m[36mcommit transaction[0m
  â†³ /home/juan/.rbenv/versions/2.5.1/bin/rake:23
  [1m[36mActiveRecord::InternalMetadata Load (0.6ms)[0m  [1m[34mSELECT  "ar_internal_metadata".* FROM "ar_internal_metadata" WHERE "ar_internal_metadata"."key" = ? LIMIT ?[0m  [["key", "environment"], ["LIMIT", 1]]
  â†³ /home/juan/.rbenv/versions/2.5.1/bin/rake:23
  [1m[35m (0.5ms)[0m  [1m[36mbegin transaction[0m
  â†³ /home/juan/.rbenv/versions/2.5.1/bin/rake:23
  [1m[35m (0.2ms)[0m  [1m[36mcommit transaction[0m
  â†³ /home/juan/.rbenv/versions/2.5.1/bin/rake:23
  [1m[35m (0.4ms)[0m  [1m[34mSELECT "schema_migrations"."version" FROM "schema_migrations" ORDER BY "schema_migrations"."version" ASC[0m
  â†³ /home/juan/.rbenv/versions/2.5.1/bin/rake:23
Started GET "/" for 127.0.0.1 at 2018-09-06 16:29:54 -0400
  [1m[35m (0.3ms)[0m  [1m[34mSELECT "schema_migrations"."version" FROM "schema_migrations" ORDER BY "schema_migrations"."version" ASC[0m
  â†³ /home/juan/.rbenv/versions/2.5.1/lib/ruby/gems/2.5.0/gems/activerecord-5.2.1/lib/active_record/log_subscriber.rb:98
Processing by PrincipalController#index as HTML
  Rendering principal/index.html.erb within layouts/application
  Rendered principal/index.html.erb within layouts/application (3.2ms)
  [1m[36mUser Load (0.5ms)[0m  [1m[34mSELECT  "users".* FROM "users" WHERE "users"."id" = ? ORDER BY "users"."id" ASC LIMIT ?[0m  [["id", 3], ["LIMIT", 1]]
  â†³ app/views/layouts/application.html.erb:13
Completed 500 Internal Server Error in 1476ms (ActiveRecord: 1.9ms)


  
ActionView::Template::Error (undefined local variable or method `new_user_create_path' for #<#<Class:0x000055f9d8e33f50>:0x000055f9d8dc5028>
Did you mean?  new_user_registration_path):
    14:       <%= link_to "Cerrar sesion", user_destroy_path, mothod: :delete %>
    15:     <% else %>
    16:       <%= link_to "Iniciar sesion", new_user_session_path %>
    17:       <%= link_to "Crear sesion", new_user_create_path %>
    18:     <% end %>
    19:     <p class="notice"><%= notice %></p>
    20:     <p class="alert"><%= alert %></p>
  
app/views/layouts/application.html.erb:17:in `_app_views_layouts_application_html_erb__3829196575022806156_47265786247780'
Started GET "/" for 127.0.0.1 at 2018-09-06 16:30:24 -0400
Processing by PrincipalController#index as HTML
  Rendering principal/index.html.erb within layouts/application
  Rendered principal/index.html.erb within layouts/application (0.5ms)
  [1m[36mUser Load (1.4ms)[0m  [1m[34mSELECT  "users".* FROM "users" WHERE "users"."id" = ? ORDER BY "users"."id" ASC LIMIT ?[0m  [["id", 3], ["LIMIT", 1]]
  â†³ app/views/layouts/application.html.erb:13
Completed 200 OK in 69ms (Views: 66.2ms | ActiveRecord: 1.4ms)


  [1m[35m (0.4ms)[0m  [1m[34mSELECT "schema_migrations"."version" FROM "schema_migrations" ORDER BY "schema_migrations"."version" ASC[0m
  â†³ /home/juan/.rbenv/versions/2.5.1/bin/rake:23
  [1m[36mActiveRecord::InternalMetadata Load (9.2ms)[0m  [1m[34mSELECT  "ar_internal_metadata".* FROM "ar_internal_metadata" WHERE "ar_internal_metadata"."key" = ? LIMIT ?[0m  [["key", "environment"], ["LIMIT", 1]]
  â†³ /home/juan/.rbenv/versions/2.5.1/bin/rake:23
  [1m[35m (0.1ms)[0m  [1m[36mbegin transaction[0m
  â†³ /home/juan/.rbenv/versions/2.5.1/bin/rake:23
  [1m[35m (0.1ms)[0m  [1m[36mcommit transaction[0m
  â†³ /home/juan/.rbenv/versions/2.5.1/bin/rake:23
  [1m[35m (0.2ms)[0m  [1m[34mSELECT "schema_migrations"."version" FROM "schema_migrations" ORDER BY "schema_migrations"."version" ASC[0m
  â†³ /home/juan/.rbenv/versions/2.5.1/bin/rake:23
Started GET "/users/sign_up" for 127.0.0.1 at 2018-09-06 17:06:47 -0400
  [1m[35m (0.3ms)[0m  [1m[34mSELECT "schema_migrations"."version" FROM "schema_migrations" ORDER BY "schema_migrations"."version" ASC[0m
  â†³ /home/juan/.rbenv/versions/2.5.1/lib/ruby/gems/2.5.0/gems/activerecord-5.2.1/lib/active_record/log_subscriber.rb:98
Processing by Devise::RegistrationsController#new as HTML
Completed 500 Internal Server Error in 262ms (ActiveRecord: 0.0ms)


  
NoMethodError (undefined method `devise_controler?' for #<Devise::RegistrationsController:0x000055ec1fb08d88>
Did you mean?  devise_controller?):
  
activesupport (5.2.1) lib/active_support/callbacks.rb:426:in `block in make_lambda'
activesupport (5.2.1) lib/active_support/callbacks.rb:178:in `block (2 levels) in halting_and_conditional'
activesupport (5.2.1) lib/active_support/callbacks.rb:178:in `each'
activesupport (5.2.1) lib/active_support/callbacks.rb:178:in `all?'
activesupport (5.2.1) lib/active_support/callbacks.rb:178:in `block in halting_and_conditional'
activesupport (5.2.1) lib/active_support/callbacks.rb:513:in `block in invoke_before'
activesupport (5.2.1) lib/active_support/callbacks.rb:513:in `each'
activesupport (5.2.1) lib/active_support/callbacks.rb:513:in `invoke_before'
activesupport (5.2.1) lib/active_support/callbacks.rb:131:in `run_callbacks'
actionpack (5.2.1) lib/abstract_controller/callbacks.rb:41:in `process_action'
actionpack (5.2.1) lib/action_controller/metal/rescue.rb:22:in `process_action'
actionpack (5.2.1) lib/action_controller/metal/instrumentation.rb:34:in `block in process_action'
activesupport (5.2.1) lib/active_support/notifications.rb:168:in `block in instrument'
activesupport (5.2.1) lib/active_support/notifications/instrumenter.rb:23:in `instrument'
activesupport (5.2.1) lib/active_support/notifications.rb:168:in `instrument'
actionpack (5.2.1) lib/action_controller/metal/instrumentation.rb:32:in `process_action'
actionpack (5.2.1) lib/action_controller/metal/params_wrapper.rb:256:in `process_action'
activerecord (5.2.1) lib/active_record/railties/controller_runtime.rb:24:in `process_action'
actionpack (5.2.1) lib/abstract_controller/base.rb:134:in `process'
actionview (5.2.1) lib/action_view/rendering.rb:32:in `process'
actionpack (5.2.1) lib/action_controller/metal.rb:191:in `dispatch'
actionpack (5.2.1) lib/action_controller/metal.rb:252:in `dispatch'
actionpack (5.2.1) lib/action_dispatch/routing/route_set.rb:52:in `dispatch'
actionpack (5.2.1) lib/action_dispatch/routing/route_set.rb:34:in `serve'
actionpack (5.2.1) lib/action_dispatch/routing/mapper.rb:18:in `block in <class:Constraints>'
actionpack (5.2.1) lib/action_dispatch/routing/mapper.rb:48:in `serve'
actionpack (5.2.1) lib/action_dispatch/journey/router.rb:52:in `block in serve'
actionpack (5.2.1) lib/action_dispatch/journey/router.rb:35:in `each'
actionpack (5.2.1) lib/action_dispatch/journey/router.rb:35:in `serve'
actionpack (5.2.1) lib/action_dispatch/routing/route_set.rb:840:in `call'
warden (1.2.7) lib/warden/manager.rb:36:in `block in call'
warden (1.2.7) lib/warden/manager.rb:35:in `catch'
warden (1.2.7) lib/warden/manager.rb:35:in `call'
rack (2.0.5) lib/rack/tempfile_reaper.rb:15:in `call'
rack (2.0.5) lib/rack/etag.rb:25:in `call'
rack (2.0.5) lib/rack/conditional_get.rb:25:in `call'
rack (2.0.5) lib/rack/head.rb:12:in `call'
actionpack (5.2.1) lib/action_dispatch/http/content_security_policy.rb:18:in `call'
rack (2.0.5) lib/rack/session/abstract/id.rb:232:in `context'
rack (2.0.5) lib/rack/session/abstract/id.rb:226:in `call'
actionpack (5.2.1) lib/action_dispatch/middleware/cookies.rb:670:in `call'
activerecord (5.2.1) lib/active_record/migration.rb:559:in `call'
actionpack (5.2.1) lib/action_dispatch/middleware/callbacks.rb:28:in `block in call'
activesupport (5.2.1) lib/active_support/callbacks.rb:98:in `run_callbacks'
actionpack (5.2.1) lib/action_dispatch/middleware/callbacks.rb:26:in `call'
actionpack (5.2.1) lib/action_dispatch/middleware/executor.rb:14:in `call'
actionpack (5.2.1) lib/action_dispatch/middleware/debug_exceptions.rb:61:in `call'
web-console (3.7.0) lib/web_console/middleware.rb:135:in `call_app'
web-console (3.7.0) lib/web_console/middleware.rb:30:in `block in call'
web-console (3.7.0) lib/web_console/middleware.rb:20:in `catch'
web-console (3.7.0) lib/web_console/middleware.rb:20:in `call'
actionpack (5.2.1) lib/action_dispatch/middleware/show_exceptions.rb:33:in `call'
railties (5.2.1) lib/rails/rack/logger.rb:38:in `call_app'
railties (5.2.1) lib/rails/rack/logger.rb:26:in `block in call'
activesupport (5.2.1) lib/active_support/tagged_logging.rb:71:in `block in tagged'
activesupport (5.2.1) lib/active_support/tagged_logging.rb:28:in `tagged'
activesupport (5.2.1) lib/active_support/tagged_logging.rb:71:in `tagged'
railties (5.2.1) lib/rails/rack/logger.rb:26:in `call'
sprockets-rails (3.2.1) lib/sprockets/rails/quiet_assets.rb:13:in `call'
actionpack (5.2.1) lib/action_dispatch/middleware/remote_ip.rb:81:in `call'
actionpack (5.2.1) lib/action_dispatch/middleware/request_id.rb:27:in `call'
rack (2.0.5) lib/rack/method_override.rb:22:in `call'
rack (2.0.5) lib/rack/runtime.rb:22:in `call'
activesupport (5.2.1) lib/active_support/cache/strategy/local_cache_middleware.rb:29:in `call'
actionpack (5.2.1) lib/action_dispatch/middleware/executor.rb:14:in `call'
actionpack (5.2.1) lib/action_dispatch/middleware/static.rb:127:in `call'
rack (2.0.5) lib/rack/sendfile.rb:111:in `call'
railties (5.2.1) lib/rails/engine.rb:524:in `call'
puma (3.12.0) lib/puma/configuration.rb:225:in `call'
puma (3.12.0) lib/puma/server.rb:658:in `handle_request'
puma (3.12.0) lib/puma/server.rb:472:in `process_client'
puma (3.12.0) lib/puma/server.rb:332:in `block in run'
puma (3.12.0) lib/puma/thread_pool.rb:133:in `block in spawn_thread'
  [1m[35m (0.4ms)[0m  [1m[34mSELECT "schema_migrations"."version" FROM "schema_migrations" ORDER BY "schema_migrations"."version" ASC[0m
  â†³ /home/juan/.rbenv/versions/2.5.1/bin/rake:23
Migrating to CreateProfiles (20180907131127)
  [1m[35m (0.2ms)[0m  [1m[36mbegin transaction[0m
  â†³ /home/juan/.rbenv/versions/2.5.1/bin/rake:23
  [1m[35m (0.3ms)[0m  [1m[34mSELECT sqlite_version(*)[0m
  â†³ db/migrate/20180907131127_create_profiles.rb:3
  [1m[35m (9.3ms)[0m  [1m[35mCREATE TABLE "profiles" ("id" integer PRIMARY KEY AUTOINCREMENT NOT NULL, "nombre" varchar, "apellido" varchar, "dinero_dispolible" float, "created_at" datetime NOT NULL, "updated_at" datetime NOT NULL)[0m
  â†³ db/migrate/20180907131127_create_profiles.rb:3
  [1m[36mActiveRecord::SchemaMigration Create (0.4ms)[0m  [1m[32mINSERT INTO "schema_migrations" ("version") VALUES (?)[0m  [["version", "20180907131127"]]
  â†³ /home/juan/.rbenv/versions/2.5.1/bin/rake:23
  [1m[35m (441.3ms)[0m  [1m[36mcommit transaction[0m
  â†³ /home/juan/.rbenv/versions/2.5.1/bin/rake:23
  [1m[36mActiveRecord::InternalMetadata Load (0.6ms)[0m  [1m[34mSELECT  "ar_internal_metadata".* FROM "ar_internal_metadata" WHERE "ar_internal_metadata"."key" = ? LIMIT ?[0m  [["key", "environment"], ["LIMIT", 1]]
  â†³ /home/juan/.rbenv/versions/2.5.1/bin/rake:23
  [1m[35m (0.2ms)[0m  [1m[36mbegin transaction[0m
  â†³ /home/juan/.rbenv/versions/2.5.1/bin/rake:23
  [1m[35m (0.3ms)[0m  [1m[36mcommit transaction[0m
  â†³ /home/juan/.rbenv/versions/2.5.1/bin/rake:23
  [1m[35m (0.3ms)[0m  [1m[34mSELECT "schema_migrations"."version" FROM "schema_migrations" ORDER BY "schema_migrations"."version" ASC[0m
  â†³ /home/juan/.rbenv/versions/2.5.1/bin/rake:23
Started GET "/" for 127.0.0.1 at 2018-09-07 09:55:52 -0400
  [1m[35m (0.4ms)[0m  [1m[34mSELECT "schema_migrations"."version" FROM "schema_migrations" ORDER BY "schema_migrations"."version" ASC[0m
  â†³ /home/juan/.rbenv/versions/2.5.1/lib/ruby/gems/2.5.0/gems/activerecord-5.2.1/lib/active_record/log_subscriber.rb:98
Processing by PrincipalController#index as HTML
  Rendering principal/index.html.erb within layouts/application
  Rendered principal/index.html.erb within layouts/application (4.5ms)
Completed 200 OK in 1983ms (Views: 1830.4ms | ActiveRecord: 0.0ms)


Started GET "/users/sign_in" for 127.0.0.1 at 2018-09-07 09:56:00 -0400
Processing by Devise::SessionsController#new as HTML
  Rendering devise/sessions/new.html.erb within layouts/application
  Rendered devise/shared/_links.html.erb (2.2ms)
  Rendered devise/sessions/new.html.erb within layouts/application (497.5ms)
Completed 200 OK in 807ms (Views: 651.4ms | ActiveRecord: 1.4ms)


Started GET "/users/sign_up" for 127.0.0.1 at 2018-09-07 09:56:03 -0400
Processing by Devise::RegistrationsController#new as HTML
  Rendering devise/registrations/new.html.erb within layouts/application
  Rendered devise/registrations/new.html.erb within layouts/application (1.9ms)
Completed 500 Internal Server Error in 151ms (ActiveRecord: 0.0ms)


  
SyntaxError (/home/juan/Desktop/autenticacion_basico/app/views/devise/registrations/new.html.erb:25: syntax error, unexpected tIDENTIFIER, expecting keyword_do or '{' or '('
...", redirec_to profiles_new_path() );@output_buffer.safe_appe...
...              ^~~~~~~~~~~~~~~~~):
  
app/views/devise/registrations/new.html.erb:25: syntax error, unexpected tIDENTIFIER, expecting keyword_do or '{' or '('
Started GET "/users/sign_up" for 127.0.0.1 at 2018-09-07 09:56:35 -0400
Processing by Devise::RegistrationsController#new as HTML
  Rendering devise/registrations/new.html.erb within layouts/application
  Rendered devise/registrations/new.html.erb within layouts/application (1.8ms)
Completed 500 Internal Server Error in 9ms (ActiveRecord: 0.0ms)


  
SyntaxError (/home/juan/Desktop/autenticacion_basico/app/views/devise/registrations/new.html.erb:25: syntax error, unexpected tIDENTIFIER, expecting keyword_do or '{' or '('
..., redirect_to profiles_new_path() );@output_buffer.safe_appe...
...              ^~~~~~~~~~~~~~~~~):
  
app/views/devise/registrations/new.html.erb:25: syntax error, unexpected tIDENTIFIER, expecting keyword_do or '{' or '('
Started GET "/users/sign_up" for 127.0.0.1 at 2018-09-07 09:57:21 -0400
Processing by Devise::RegistrationsController#new as HTML
  Rendering devise/registrations/new.html.erb within layouts/application
  Rendered devise/registrations/new.html.erb within layouts/application (1.8ms)
Completed 500 Internal Server Error in 8ms (ActiveRecord: 0.0ms)


  
SyntaxError (/home/juan/Desktop/autenticacion_basico/app/views/devise/registrations/new.html.erb:25: syntax error, unexpected tSTRING_BEG, expecting keyword_do or '{' or '('
...submit "Sign up", redirect_to "profiles/new") );@output_buff...
...                              ^
/home/juan/Desktop/autenticacion_basico/app/views/devise/registrations/new.html.erb:25: syntax error, unexpected ')', expecting keyword_end
..., redirect_to "profiles/new") );@output_buffer.safe_append='
...                              ^
/home/juan/Desktop/autenticacion_basico/app/views/devise/registrations/new.html.erb:32: syntax error, unexpected keyword_ensure, expecting end-of-input
          ensure
          ^~~~~~):
  
app/views/devise/registrations/new.html.erb:25: syntax error, unexpected tSTRING_BEG, expecting keyword_do or '{' or '('
app/views/devise/registrations/new.html.erb:25: syntax error, unexpected ')', expecting keyword_end
app/views/devise/registrations/new.html.erb:32: syntax error, unexpected keyword_ensure, expecting end-of-input
Started GET "/users/sign_up" for 127.0.0.1 at 2018-09-07 09:58:25 -0400
Processing by Devise::RegistrationsController#new as HTML
  Rendering devise/registrations/new.html.erb within layouts/application
  Rendered devise/registrations/new.html.erb within layouts/application (1.6ms)
Completed 500 Internal Server Error in 8ms (ActiveRecord: 0.0ms)


  
SyntaxError (/home/juan/Desktop/autenticacion_basico/app/views/devise/registrations/new.html.erb:25: syntax error, unexpected tSTRING_BEG, expecting keyword_do or '{' or '('
...submit "Sign up", redirect_to "profiles/new" );@output_buffe...
...                              ^):
  
app/views/devise/registrations/new.html.erb:25: syntax error, unexpected tSTRING_BEG, expecting keyword_do or '{' or '('
Started GET "/users/sign_up" for 127.0.0.1 at 2018-09-07 10:07:26 -0400
Processing by Devise::RegistrationsController#new as HTML
  Rendering devise/registrations/new.html.erb within layouts/application
  Rendered devise/shared/_links.html.erb (2.6ms)
  Rendered devise/registrations/new.html.erb within layouts/application (36.4ms)
Completed 200 OK in 94ms (Views: 92.5ms | ActiveRecord: 0.0ms)


Started GET "/profiles/new" for 127.0.0.1 at 2018-09-07 10:08:04 -0400
  
ActionController::RoutingError (uninitialized constant ProfilesController):
  
bootsnap (1.3.1) lib/bootsnap/load_path_cache/core_ext/active_support.rb:53:in `block in load_missing_constant'
bootsnap (1.3.1) lib/bootsnap/load_path_cache/core_ext/active_support.rb:8:in `without_bootsnap_cache'
bootsnap (1.3.1) lib/bootsnap/load_path_cache/core_ext/active_support.rb:53:in `rescue in load_missing_constant'
bootsnap (1.3.1) lib/bootsnap/load_path_cache/core_ext/active_support.rb:42:in `load_missing_constant'
activesupport (5.2.1) lib/active_support/inflector/methods.rb:283:in `const_get'
activesupport (5.2.1) lib/active_support/inflector/methods.rb:283:in `block in constantize'
activesupport (5.2.1) lib/active_support/inflector/methods.rb:281:in `each'
activesupport (5.2.1) lib/active_support/inflector/methods.rb:281:in `inject'
activesupport (5.2.1) lib/active_support/inflector/methods.rb:281:in `constantize'
actionpack (5.2.1) lib/action_dispatch/http/request.rb:88:in `controller_class_for'
actionpack (5.2.1) lib/action_dispatch/http/request.rb:81:in `controller_class'
actionpack (5.2.1) lib/action_dispatch/routing/route_set.rb:46:in `controller'
actionpack (5.2.1) lib/action_dispatch/routing/route_set.rb:32:in `serve'
actionpack (5.2.1) lib/action_dispatch/journey/router.rb:52:in `block in serve'
actionpack (5.2.1) lib/action_dispatch/journey/router.rb:35:in `each'
actionpack (5.2.1) lib/action_dispatch/journey/router.rb:35:in `serve'
actionpack (5.2.1) lib/action_dispatch/routing/route_set.rb:840:in `call'
warden (1.2.7) lib/warden/manager.rb:36:in `block in call'
warden (1.2.7) lib/warden/manager.rb:35:in `catch'
warden (1.2.7) lib/warden/manager.rb:35:in `call'
rack (2.0.5) lib/rack/tempfile_reaper.rb:15:in `call'
rack (2.0.5) lib/rack/etag.rb:25:in `call'
rack (2.0.5) lib/rack/conditional_get.rb:25:in `call'
rack (2.0.5) lib/rack/head.rb:12:in `call'
actionpack (5.2.1) lib/action_dispatch/http/content_security_policy.rb:18:in `call'
rack (2.0.5) lib/rack/session/abstract/id.rb:232:in `context'
rack (2.0.5) lib/rack/session/abstract/id.rb:226:in `call'
actionpack (5.2.1) lib/action_dispatch/middleware/cookies.rb:670:in `call'
activerecord (5.2.1) lib/active_record/migration.rb:559:in `call'
actionpack (5.2.1) lib/action_dispatch/middleware/callbacks.rb:28:in `block in call'
activesupport (5.2.1) lib/active_support/callbacks.rb:98:in `run_callbacks'
actionpack (5.2.1) lib/action_dispatch/middleware/callbacks.rb:26:in `call'
actionpack (5.2.1) lib/action_dispatch/middleware/executor.rb:14:in `call'
actionpack (5.2.1) lib/action_dispatch/middleware/debug_exceptions.rb:61:in `call'
web-console (3.7.0) lib/web_console/middleware.rb:135:in `call_app'
web-console (3.7.0) lib/web_console/middleware.rb:30:in `block in call'
web-console (3.7.0) lib/web_console/middleware.rb:20:in `catch'
web-console (3.7.0) lib/web_console/middleware.rb:20:in `call'
actionpack (5.2.1) lib/action_dispatch/middleware/show_exceptions.rb:33:in `call'
railties (5.2.1) lib/rails/rack/logger.rb:38:in `call_app'
railties (5.2.1) lib/rails/rack/logger.rb:26:in `block in call'
activesupport (5.2.1) lib/active_support/tagged_logging.rb:71:in `block in tagged'
activesupport (5.2.1) lib/active_support/tagged_logging.rb:28:in `tagged'
activesupport (5.2.1) lib/active_support/tagged_logging.rb:71:in `tagged'
railties (5.2.1) lib/rails/rack/logger.rb:26:in `call'
sprockets-rails (3.2.1) lib/sprockets/rails/quiet_assets.rb:13:in `call'
actionpack (5.2.1) lib/action_dispatch/middleware/remote_ip.rb:81:in `call'
actionpack (5.2.1) lib/action_dispatch/middleware/request_id.rb:27:in `call'
rack (2.0.5) lib/rack/method_override.rb:22:in `call'
rack (2.0.5) lib/rack/runtime.rb:22:in `call'
activesupport (5.2.1) lib/active_support/cache/strategy/local_cache_middleware.rb:29:in `call'
actionpack (5.2.1) lib/action_dispatch/middleware/executor.rb:14:in `call'
actionpack (5.2.1) lib/action_dispatch/middleware/static.rb:127:in `call'
rack (2.0.5) lib/rack/sendfile.rb:111:in `call'
railties (5.2.1) lib/rails/engine.rb:524:in `call'
puma (3.12.0) lib/puma/configuration.rb:225:in `call'
puma (3.12.0) lib/puma/server.rb:658:in `handle_request'
puma (3.12.0) lib/puma/server.rb:472:in `process_client'
puma (3.12.0) lib/puma/server.rb:332:in `block in run'
puma (3.12.0) lib/puma/thread_pool.rb:133:in `block in spawn_thread'
Started GET "/profiles/new" for 127.0.0.1 at 2018-09-07 10:10:07 -0400
Processing by ProfilesController#new as HTML
  Rendering profiles/new.html.erb within layouts/application
  Rendered profiles/new.html.erb within layouts/application (1.9ms)
Completed 500 Internal Server Error in 77ms (ActiveRecord: 17.9ms)


  
SyntaxError (/home/juan/Desktop/autenticacion_basico/app/views/profiles/new.html.erb:10: syntax error, unexpected ')', expecting =>
...disponible, placeholder: 0,00 );@output_buffer.safe_append='
...                              ^
/home/juan/Desktop/autenticacion_basico/app/views/profiles/new.html.erb:13: syntax error, unexpected keyword_ensure, expecting ')'
          ensure
          ^~~~~~
/home/juan/Desktop/autenticacion_basico/app/views/profiles/new.html.erb:15: syntax error, unexpected keyword_end, expecting ')'
          end
          ^~~):
  
app/views/profiles/new.html.erb:10: syntax error, unexpected ')', expecting =>
app/views/profiles/new.html.erb:13: syntax error, unexpected keyword_ensure, expecting ')'
app/views/profiles/new.html.erb:15: syntax error, unexpected keyword_end, expecting ')'
Started GET "/profiles/new" for 127.0.0.1 at 2018-09-07 10:11:06 -0400
Processing by ProfilesController#new as HTML
  Rendering profiles/new.html.erb within layouts/application
  Rendered profiles/new.html.erb within layouts/application (3.2ms)
Completed 500 Internal Server Error in 12ms (ActiveRecord: 0.0ms)


  
SyntaxError (/home/juan/Desktop/autenticacion_basico/app/views/profiles/new.html.erb:10: syntax error, unexpected ')', expecting =>
...disponible, placeholder: 0,00 );@output_buffer.safe_append='
...                              ^
/home/juan/Desktop/autenticacion_basico/app/views/profiles/new.html.erb:13: syntax error, unexpected keyword_ensure, expecting ')'
          ensure
          ^~~~~~
/home/juan/Desktop/autenticacion_basico/app/views/profiles/new.html.erb:15: syntax error, unexpected keyword_end, expecting ')'
          end
          ^~~):
  
app/views/profiles/new.html.erb:10: syntax error, unexpected ')', expecting =>
app/views/profiles/new.html.erb:13: syntax error, unexpected keyword_ensure, expecting ')'
app/views/profiles/new.html.erb:15: syntax error, unexpected keyword_end, expecting ')'
Started GET "/profiles/new" for 127.0.0.1 at 2018-09-07 10:11:23 -0400
Processing by ProfilesController#new as HTML
  Rendering profiles/new.html.erb within layouts/application
  Rendered profiles/new.html.erb within layouts/application (1.4ms)
Completed 500 Internal Server Error in 11ms (ActiveRecord: 0.0ms)


  
SyntaxError (/home/juan/Desktop/autenticacion_basico/app/views/profiles/new.html.erb:10: syntax error, unexpected ')', expecting =>
...disponible, placeholder: 0,00 );@output_buffer.safe_append='
...                              ^
/home/juan/Desktop/autenticacion_basico/app/views/profiles/new.html.erb:13: syntax error, unexpected keyword_ensure, expecting ')'
          ensure
          ^~~~~~
/home/juan/Desktop/autenticacion_basico/app/views/profiles/new.html.erb:15: syntax error, unexpected keyword_end, expecting ')'
          end
          ^~~):
  
app/views/profiles/new.html.erb:10: syntax error, unexpected ')', expecting =>
app/views/profiles/new.html.erb:13: syntax error, unexpected keyword_ensure, expecting ')'
app/views/profiles/new.html.erb:15: syntax error, unexpected keyword_end, expecting ')'
Started GET "/profiles/new" for 127.0.0.1 at 2018-09-07 10:11:42 -0400
Processing by ProfilesController#new as HTML
  Rendering profiles/new.html.erb within layouts/application
  Rendered profiles/new.html.erb within layouts/application (5.0ms)
Completed 500 Internal Server Error in 16ms (ActiveRecord: 0.0ms)


  
SyntaxError (/home/juan/Desktop/autenticacion_basico/app/views/profiles/new.html.erb:15: syntax error, unexpected end-of-input, expecting keyword_end
          end
             ^):
  
app/views/profiles/new.html.erb:15: syntax error, unexpected end-of-input, expecting keyword_end
Started GET "/profiles/new" for 127.0.0.1 at 2018-09-07 10:12:28 -0400
Processing by ProfilesController#new as HTML
  Rendering profiles/new.html.erb within layouts/application
  Rendered profiles/new.html.erb within layouts/application (1.5ms)
Completed 500 Internal Server Error in 15ms (ActiveRecord: 0.0ms)


  
SyntaxError (/home/juan/Desktop/autenticacion_basico/app/views/profiles/new.html.erb:10: syntax error, unexpected '=', expecting ')'
...r.append=( :dinero_disponible = 0.00 );@output_buffer.safe_a...
...                              ^
/home/juan/Desktop/autenticacion_basico/app/views/profiles/new.html.erb:15: syntax error, unexpected end-of-input, expecting keyword_end
          end
             ^):
  
app/views/profiles/new.html.erb:10: syntax error, unexpected '=', expecting ')'
app/views/profiles/new.html.erb:15: syntax error, unexpected end-of-input, expecting keyword_end
Started GET "/profiles/new" for 127.0.0.1 at 2018-09-07 10:13:46 -0400
Processing by ProfilesController#new as HTML
  Rendering profiles/new.html.erb within layouts/application
  Rendered profiles/new.html.erb within layouts/application (1.7ms)
Completed 500 Internal Server Error in 12ms (ActiveRecord: 0.0ms)


  
SyntaxError (/home/juan/Desktop/autenticacion_basico/app/views/profiles/new.html.erb:13: syntax error, unexpected end-of-input, expecting keyword_end
          end
             ^):
  
app/views/profiles/new.html.erb:13: syntax error, unexpected end-of-input, expecting keyword_end
Started GET "/profiles/new" for 127.0.0.1 at 2018-09-07 10:14:11 -0400
Processing by ProfilesController#new as HTML
  Rendering profiles/new.html.erb within layouts/application
  Rendered profiles/new.html.erb within layouts/application (1.5ms)
Completed 500 Internal Server Error in 24ms (ActiveRecord: 0.0ms)


  
SyntaxError (/home/juan/Desktop/autenticacion_basico/app/views/profiles/new.html.erb:12: syntax error, unexpected end-of-input, expecting keyword_end
          end
             ^):
  
app/views/profiles/new.html.erb:12: syntax error, unexpected end-of-input, expecting keyword_end
Started GET "/profiles/new" for 127.0.0.1 at 2018-09-07 10:15:10 -0400
Processing by ProfilesController#new as HTML
  Rendering profiles/new.html.erb within layouts/application
  Rendered profiles/new.html.erb within layouts/application (61.5ms)
Completed 500 Internal Server Error in 69ms (ActiveRecord: 0.0ms)


  
ActionView::Template::Error (undefined method `dinero_disponible=' for #<Profile:0x00007fbe45ec9f68>
Did you mean?  dinero_dispolible=
               dinero_dispolible
               dinero_dispolible?
               dinero_dispolible_was):
     6: 	<div class="field">
     7: 		<%= f.text_field :apellido, placeholder: "Apellido" %>
     8: 	</div>
     9: 	<% @profile.dinero_disponible = 0.00 %>
    10: <% end %>
  
app/views/profiles/new.html.erb:9:in `block in _app_views_profiles_new_html_erb__1037776583311234596_70227596822000'
app/views/profiles/new.html.erb:2:in `_app_views_profiles_new_html_erb__1037776583311234596_70227596822000'
Started GET "/profiles/new" for 127.0.0.1 at 2018-09-07 10:15:43 -0400
Processing by ProfilesController#new as HTML
  Rendering profiles/new.html.erb within layouts/application
  Rendered profiles/new.html.erb within layouts/application (74.4ms)
Completed 200 OK in 487ms (Views: 483.5ms | ActiveRecord: 0.0ms)


Started GET "/profiles/new" for 127.0.0.1 at 2018-09-07 10:16:07 -0400
Processing by ProfilesController#new as HTML
  Rendering profiles/new.html.erb within layouts/application
  Rendered profiles/new.html.erb within layouts/application (2.1ms)
Completed 200 OK in 51ms (Views: 48.9ms | ActiveRecord: 0.0ms)


Started GET "/profiles/new" for 127.0.0.1 at 2018-09-07 10:17:13 -0400
Processing by ProfilesController#new as HTML
  Rendering profiles/new.html.erb within layouts/application
  Rendered profiles/new.html.erb within layouts/application (2.0ms)
Completed 200 OK in 57ms (Views: 54.7ms | ActiveRecord: 0.0ms)


Started GET "/users/sign_up" for 127.0.0.1 at 2018-09-07 10:20:39 -0400
Processing by Devise::RegistrationsController#new as HTML
  Rendering devise/registrations/new.html.erb within layouts/application
  Rendered devise/shared/_links.html.erb (3.1ms)
  Rendered devise/registrations/new.html.erb within layouts/application (76.3ms)
Completed 200 OK in 617ms (Views: 382.9ms | ActiveRecord: 68.3ms)


Started GET "/users/sign_up" for 127.0.0.1 at 2018-09-07 10:22:06 -0400
Processing by Devise::RegistrationsController#new as HTML
  Rendering devise/registrations/new.html.erb within layouts/application
  Rendered devise/shared/_links.html.erb (2.4ms)
  Rendered devise/registrations/new.html.erb within layouts/application (7.7ms)
Completed 200 OK in 60ms (Views: 58.7ms | ActiveRecord: 0.0ms)


Started GET "/profiles/new" for 127.0.0.1 at 2018-09-07 10:23:02 -0400
Processing by ProfilesController#new as HTML
  Rendering profiles/new.html.erb within layouts/application
  Rendered profiles/new.html.erb within layouts/application (299.9ms)
Completed 500 Internal Server Error in 307ms (ActiveRecord: 0.0ms)


  
ActionView::Template::Error (undefined method `sumit' for #<ActionView::Helpers::FormBuilder:0x00007fbe380d6da0>
Did you mean?  submit):
    11: 		Dinero disponible: <%= dinero_disponible %> 
    12: 	</div>
    13: 	<div class="action">
    14: 		<%= f.sumit "Finalizar" %>
    15: 	</div>
    16: <% end %>
  
app/views/profiles/new.html.erb:14:in `block in _app_views_profiles_new_html_erb__1037776583311234596_70227480492540'
app/views/profiles/new.html.erb:2:in `_app_views_profiles_new_html_erb__1037776583311234596_70227480492540'
Started GET "/profiles/new" for 127.0.0.1 at 2018-09-07 10:23:31 -0400
Processing by ProfilesController#new as HTML
  Rendering profiles/new.html.erb within layouts/application
  Rendered profiles/new.html.erb within layouts/application (2.1ms)
Completed 200 OK in 64ms (Views: 61.7ms | ActiveRecord: 0.0ms)


Started GET "/profiles/new" for 127.0.0.1 at 2018-09-07 10:33:35 -0400
Processing by ProfilesController#new as HTML
  Rendering profiles/new.html.erb within layouts/application
  Rendered profiles/new.html.erb within layouts/application (2.7ms)
Completed 200 OK in 286ms (Views: 205.4ms | ActiveRecord: 1.9ms)


Started GET "/profiles/new" for 127.0.0.1 at 2018-09-07 10:50:07 -0400
Processing by ProfilesController#new as HTML
  Rendering profiles/new.html.erb within layouts/application
  Rendered profiles/_form.html.erb (36.5ms)
  Rendered profiles/new.html.erb within layouts/application (48.8ms)
Completed 200 OK in 433ms (Views: 358.9ms | ActiveRecord: 1.7ms)


Started GET "/" for 127.0.0.1 at 2018-09-07 10:50:34 -0400
Processing by PrincipalController#index as HTML
  Rendering principal/index.html.erb within layouts/application
  Rendered principal/index.html.erb within layouts/application (1.0ms)
Completed 200 OK in 119ms (Views: 47.3ms | ActiveRecord: 0.0ms)


Started GET "/users/sign_up" for 127.0.0.1 at 2018-09-07 11:33:22 -0400
  [1m[35m (0.3ms)[0m  [1m[34mSELECT "schema_migrations"."version" FROM "schema_migrations" ORDER BY "schema_migrations"."version" ASC[0m
  â†³ /home/juan/.rbenv/versions/2.5.1/lib/ruby/gems/2.5.0/gems/activerecord-5.2.1/lib/active_record/log_subscriber.rb:98
  
ActiveRecord::PendingMigrationError (

Migrations are pending. To resolve this issue, run:

        bin/rails db:migrate RAILS_ENV=development

):
  
activerecord (5.2.1) lib/active_record/migration.rb:579:in `check_pending!'
activerecord (5.2.1) lib/active_record/migration.rb:556:in `call'
actionpack (5.2.1) lib/action_dispatch/middleware/callbacks.rb:28:in `block in call'
activesupport (5.2.1) lib/active_support/callbacks.rb:98:in `run_callbacks'
actionpack (5.2.1) lib/action_dispatch/middleware/callbacks.rb:26:in `call'
actionpack (5.2.1) lib/action_dispatch/middleware/executor.rb:14:in `call'
actionpack (5.2.1) lib/action_dispatch/middleware/debug_exceptions.rb:61:in `call'
web-console (3.7.0) lib/web_console/middleware.rb:135:in `call_app'
web-console (3.7.0) lib/web_console/middleware.rb:30:in `block in call'
web-console (3.7.0) lib/web_console/middleware.rb:20:in `catch'
web-console (3.7.0) lib/web_console/middleware.rb:20:in `call'
actionpack (5.2.1) lib/action_dispatch/middleware/show_exceptions.rb:33:in `call'
railties (5.2.1) lib/rails/rack/logger.rb:38:in `call_app'
railties (5.2.1) lib/rails/rack/logger.rb:26:in `block in call'
activesupport (5.2.1) lib/active_support/tagged_logging.rb:71:in `block in tagged'
activesupport (5.2.1) lib/active_support/tagged_logging.rb:28:in `tagged'
activesupport (5.2.1) lib/active_support/tagged_logging.rb:71:in `tagged'
railties (5.2.1) lib/rails/rack/logger.rb:26:in `call'
sprockets-rails (3.2.1) lib/sprockets/rails/quiet_assets.rb:13:in `call'
actionpack (5.2.1) lib/action_dispatch/middleware/remote_ip.rb:81:in `call'
actionpack (5.2.1) lib/action_dispatch/middleware/request_id.rb:27:in `call'
rack (2.0.5) lib/rack/method_override.rb:22:in `call'
rack (2.0.5) lib/rack/runtime.rb:22:in `call'
activesupport (5.2.1) lib/active_support/cache/strategy/local_cache_middleware.rb:29:in `call'
actionpack (5.2.1) lib/action_dispatch/middleware/executor.rb:14:in `call'
actionpack (5.2.1) lib/action_dispatch/middleware/static.rb:127:in `call'
rack (2.0.5) lib/rack/sendfile.rb:111:in `call'
railties (5.2.1) lib/rails/engine.rb:524:in `call'
puma (3.12.0) lib/puma/configuration.rb:225:in `call'
puma (3.12.0) lib/puma/server.rb:658:in `handle_request'
puma (3.12.0) lib/puma/server.rb:472:in `process_client'
puma (3.12.0) lib/puma/server.rb:332:in `block in run'
puma (3.12.0) lib/puma/thread_pool.rb:133:in `block in spawn_thread'
  [1m[35m (0.3ms)[0m  [1m[34mSELECT "schema_migrations"."version" FROM "schema_migrations" ORDER BY "schema_migrations"."version" ASC[0m
  â†³ /home/juan/.rbenv/versions/2.5.1/bin/rake:23
Migrating to AddUserIdToProfiles (20180907150301)
  [1m[35m (0.2ms)[0m  [1m[36mbegin transaction[0m
  â†³ /home/juan/.rbenv/versions/2.5.1/bin/rake:23
  [1m[35m (0.9ms)[0m  [1m[35mALTER TABLE "profiles" ADD "user_id" integer[0m
  â†³ db/migrate/20180907150301_add_user_id_to_profiles.rb:3
  [1m[35m (0.3ms)[0m  [1m[34mSELECT sqlite_version(*)[0m
  â†³ db/migrate/20180907150301_add_user_id_to_profiles.rb:3
  [1m[35m (12.5ms)[0m  [1m[35mCREATE  INDEX "index_profiles_on_user_id" ON "profiles" ("user_id")[0m
  â†³ db/migrate/20180907150301_add_user_id_to_profiles.rb:3
  [1m[36mActiveRecord::SchemaMigration Create (0.7ms)[0m  [1m[32mINSERT INTO "schema_migrations" ("version") VALUES (?)[0m  [["version", "20180907150301"]]
  â†³ /home/juan/.rbenv/versions/2.5.1/bin/rake:23
  [1m[35m (223.3ms)[0m  [1m[36mcommit transaction[0m
  â†³ /home/juan/.rbenv/versions/2.5.1/bin/rake:23
  [1m[36mActiveRecord::InternalMetadata Load (0.5ms)[0m  [1m[34mSELECT  "ar_internal_metadata".* FROM "ar_internal_metadata" WHERE "ar_internal_metadata"."key" = ? LIMIT ?[0m  [["key", "environment"], ["LIMIT", 1]]
  â†³ /home/juan/.rbenv/versions/2.5.1/bin/rake:23
  [1m[35m (0.1ms)[0m  [1m[36mbegin transaction[0m
  â†³ /home/juan/.rbenv/versions/2.5.1/bin/rake:23
  [1m[35m (0.2ms)[0m  [1m[36mcommit transaction[0m
  â†³ /home/juan/.rbenv/versions/2.5.1/bin/rake:23
  [1m[35m (0.4ms)[0m  [1m[34mSELECT "schema_migrations"."version" FROM "schema_migrations" ORDER BY "schema_migrations"."version" ASC[0m
  â†³ /home/juan/.rbenv/versions/2.5.1/bin/rake:23
Started GET "/users/sign_up" for 127.0.0.1 at 2018-09-07 11:34:14 -0400
  [1m[35m (0.4ms)[0m  [1m[34mSELECT "schema_migrations"."version" FROM "schema_migrations" ORDER BY "schema_migrations"."version" ASC[0m
  â†³ /home/juan/.rbenv/versions/2.5.1/lib/ruby/gems/2.5.0/gems/activerecord-5.2.1/lib/active_record/log_subscriber.rb:98
Processing by Devise::RegistrationsController#new as HTML
  Rendering devise/registrations/new.html.erb within layouts/application
  Rendered devise/registrations/new.html.erb within layouts/application (1392.3ms)
Completed 500 Internal Server Error in 1502ms (ActiveRecord: 3.0ms)


  
ActionView::Template::Error (undefined method `dinero_disponible=' for #<ActionView::Helpers::FormBuilder:0x000055c3b9425130>):
    28:     <div class="field">
    29:       <%= profiel_form.text_field :apellido, placeholder: "Apellido" %>
    30:     </div>
    31:     <% profiel_form.dinero_disponible = 0.00 %>
    32:     <div class="field">
    33:       Dinero disponible: <%= profiel_form.dinero_disponible %> 
    34:     </div>
  
app/views/devise/registrations/new.html.erb:31:in `block (2 levels) in _app_views_devise_registrations_new_html_erb__1376731912643358371_47149543995940'
app/views/devise/registrations/new.html.erb:24:in `block in _app_views_devise_registrations_new_html_erb__1376731912643358371_47149543995940'
app/views/devise/registrations/new.html.erb:3:in `_app_views_devise_registrations_new_html_erb__1376731912643358371_47149543995940'
Started GET "/users/sign_up" for 127.0.0.1 at 2018-09-07 11:35:03 -0400
Processing by Devise::RegistrationsController#new as HTML
  Rendering devise/registrations/new.html.erb within layouts/application
  Rendered devise/registrations/new.html.erb within layouts/application (2.6ms)
Completed 500 Internal Server Error in 18ms (ActiveRecord: 0.0ms)


  
SyntaxError (/home/juan/Desktop/autenticacion_basico/app/views/devise/registrations/new.html.erb:31: syntax error, unexpected '=', expecting keyword_end
...reeze;     :dinero_disponible = 0.00 
...                              ^
/home/juan/Desktop/autenticacion_basico/app/views/devise/registrations/new.html.erb:46: syntax error, unexpected keyword_ensure, expecting end-of-input
          ensure
          ^~~~~~):
  
app/views/devise/registrations/new.html.erb:31: syntax error, unexpected '=', expecting keyword_end
app/views/devise/registrations/new.html.erb:46: syntax error, unexpected keyword_ensure, expecting end-of-input
Started GET "/users/sign_up" for 127.0.0.1 at 2018-09-07 11:35:26 -0400
Processing by Devise::RegistrationsController#new as HTML
  Rendering devise/registrations/new.html.erb within layouts/application
  Rendered devise/registrations/new.html.erb within layouts/application (1181.8ms)
Completed 500 Internal Server Error in 1189ms (ActiveRecord: 0.0ms)


  
ActionView::Template::Error (undefined method `dinero_disponible' for #<ActionView::Helpers::FormBuilder:0x00007f710cff16b0>):
    30:     </div>
    31:     <% dinero_disponible = 0.00 %>
    32:     <div class="field">
    33:       Dinero disponible: <%= profiel_form.dinero_disponible %> 
    34:     </div>
    35:   <% end %>
    36: 
  
app/views/devise/registrations/new.html.erb:33:in `block (2 levels) in _app_views_devise_registrations_new_html_erb__1376731912643358371_70061762940900'
app/views/devise/registrations/new.html.erb:24:in `block in _app_views_devise_registrations_new_html_erb__1376731912643358371_70061762940900'
app/views/devise/registrations/new.html.erb:3:in `_app_views_devise_registrations_new_html_erb__1376731912643358371_70061762940900'
Started GET "/users/sign_up" for 127.0.0.1 at 2018-09-07 11:35:43 -0400
Processing by Devise::RegistrationsController#new as HTML
  Rendering devise/registrations/new.html.erb within layouts/application
  Rendered devise/shared/_links.html.erb (3.4ms)
  Rendered devise/registrations/new.html.erb within layouts/application (108.6ms)
Completed 200 OK in 1318ms (Views: 1316.5ms | ActiveRecord: 0.0ms)


Started GET "/users/sign_up" for 127.0.0.1 at 2018-09-07 11:37:28 -0400
Processing by Devise::RegistrationsController#new as HTML
  Rendering devise/registrations/new.html.erb within layouts/application
  Rendered devise/registrations/new.html.erb within layouts/application (2.2ms)
Completed 500 Internal Server Error in 42ms (ActiveRecord: 0.0ms)


  
SyntaxError (/home/juan/Desktop/autenticacion_basico/app/views/devise/registrations/new.html.erb:26: syntax error, unexpected ':', expecting ')'
..._buffer.append=( profiel_form :nombre, "Nomre" );@output_buf...
...                              ^
/home/juan/Desktop/autenticacion_basico/app/views/devise/registrations/new.html.erb:26: syntax error, unexpected ')', expecting &. or :: or '[' or '.'
...profiel_form :nombre, "Nomre" );@output_buffer.safe_append='...
...                              ^
/home/juan/Desktop/autenticacion_basico/app/views/devise/registrations/new.html.erb:30: syntax error, unexpected ':', expecting ')'
..._buffer.append=( profiel_form :apellido, "Apellido" );@outpu...
...                              ^
/home/juan/Desktop/autenticacion_basico/app/views/devise/registrations/new.html.erb:30: syntax error, unexpected ')', expecting &. or :: or '[' or '.'
...el_form :apellido, "Apellido" );@output_buffer.safe_append='...
...                              ^
/home/juan/Desktop/autenticacion_basico/app/views/devise/registrations/new.html.erb:37: syntax error, unexpected keyword_end, expecting ')'
'.freeze;   end 
            ^~~
/home/juan/Desktop/autenticacion_basico/app/views/devise/registrations/new.html.erb:43: syntax error, unexpected keyword_end, expecting ')'
'.freeze; end 
          ^~~
/home/juan/Desktop/autenticacion_basico/app/views/devise/registrations/new.html.erb:48: syntax error, unexpected keyword_ensure, expecting ')'
          ensure
          ^~~~~~
/home/juan/Desktop/autenticacion_basico/app/views/devise/registrations/new.html.erb:50: syntax error, unexpected keyword_end, expecting ')'
          end
          ^~~):
  
app/views/devise/registrations/new.html.erb:26: syntax error, unexpected ':', expecting ')'
app/views/devise/registrations/new.html.erb:26: syntax error, unexpected ')', expecting &. or :: or '[' or '.'
app/views/devise/registrations/new.html.erb:30: syntax error, unexpected ':', expecting ')'
app/views/devise/registrations/new.html.erb:30: syntax error, unexpected ')', expecting &. or :: or '[' or '.'
app/views/devise/registrations/new.html.erb:37: syntax error, unexpected keyword_end, expecting ')'
app/views/devise/registrations/new.html.erb:43: syntax error, unexpected keyword_end, expecting ')'
app/views/devise/registrations/new.html.erb:48: syntax error, unexpected keyword_ensure, expecting ')'
app/views/devise/registrations/new.html.erb:50: syntax error, unexpected keyword_end, expecting ')'
Started GET "/users/sign_up" for 127.0.0.1 at 2018-09-07 11:38:13 -0400
Processing by Devise::RegistrationsController#new as HTML
  Rendering devise/registrations/new.html.erb within layouts/application
  Rendered devise/shared/_links.html.erb (2.4ms)
  Rendered devise/registrations/new.html.erb within layouts/application (15.0ms)
Completed 200 OK in 273ms (Views: 272.1ms | ActiveRecord: 0.0ms)


Started POST "/users" for 127.0.0.1 at 2018-09-07 11:39:08 -0400
Processing by Devise::RegistrationsController#create as HTML
  Parameters: {"utf8"=>"âœ“", "authenticity_token"=>"kTqnwdv49X1BzRB4X7EwQ5EnkHSdF3Wd2Psn2TA/pECi93pJuen08RM38s3ZoGm1r7mRXmo3v0jldawgmJidjA==", "user"=>{"email"=>"jdgn94@gmail.com", "password"=>"[FILTERED]", "password_confirmation"=>"[FILTERED]", "profile"=>{"nombre"=>"Juan", "apellido"=>"Gonzalez"}}, "commit"=>"Crear cuenta"}
Unpermitted parameter: :profile
  [1m[35m (0.1ms)[0m  [1m[36mbegin transaction[0m
  â†³ /home/juan/.rbenv/versions/2.5.1/lib/ruby/gems/2.5.0/gems/activerecord-5.2.1/lib/active_record/log_subscriber.rb:98
  [1m[36mUser Exists (37.7ms)[0m  [1m[34mSELECT  1 AS one FROM "users" WHERE "users"."email" = ? LIMIT ?[0m  [["email", "jdgn94@gmail.com"], ["LIMIT", 1]]
  â†³ /home/juan/.rbenv/versions/2.5.1/lib/ruby/gems/2.5.0/gems/activerecord-5.2.1/lib/active_record/log_subscriber.rb:98
  [1m[36mUser Create (44.5ms)[0m  [1m[32mINSERT INTO "users" ("email", "encrypted_password", "created_at", "updated_at") VALUES (?, ?, ?, ?)[0m  [["email", "jdgn94@gmail.com"], ["encrypted_password", "$2a$11$Z6N5wnMTbltF6DiCqM9weOuPyFthCOVrywcnjww6kwHC0PX7vg/Ua"], ["created_at", "2018-09-07 15:39:09.473810"], ["updated_at", "2018-09-07 15:39:09.473810"]]
  â†³ /home/juan/.rbenv/versions/2.5.1/lib/ruby/gems/2.5.0/gems/activerecord-5.2.1/lib/active_record/log_subscriber.rb:98
  [1m[35m (170.1ms)[0m  [1m[36mcommit transaction[0m
  â†³ /home/juan/.rbenv/versions/2.5.1/lib/ruby/gems/2.5.0/gems/activerecord-5.2.1/lib/active_record/log_subscriber.rb:98
Redirected to http://localhost:3000/
Completed 302 Found in 1476ms (ActiveRecord: 252.4ms)


Started GET "/" for 127.0.0.1 at 2018-09-07 11:39:09 -0400
Processing by PrincipalController#index as HTML
  Rendering principal/index.html.erb within layouts/application
  Rendered principal/index.html.erb within layouts/application (0.7ms)
  [1m[36mUser Load (0.6ms)[0m  [1m[34mSELECT  "users".* FROM "users" WHERE "users"."id" = ? ORDER BY "users"."id" ASC LIMIT ?[0m  [["id", 1], ["LIMIT", 1]]
  â†³ app/views/layouts/application.html.erb:13
Completed 500 Internal Server Error in 813ms (ActiveRecord: 0.6ms)


  
ActionView::Template::Error (undefined local variable or method `user_destroy_path' for #<#<Class:0x000055c3ba45f0a0>:0x000055c3ba3f69d8>
Did you mean?  user_session_path):
    11: 
    12:   <body>
    13:     <% if current_user %>
    14:       <%= link_to "Cerrar sesion", user_destroy_path, mothod: :delete %>
    15:     <% else %>
    16:       <%= link_to "Iniciar sesion", new_user_session_path %>
    17:       <%= link_to "Crear sesion", new_user_registration_path %>
  
app/views/layouts/application.html.erb:14:in `_app_views_layouts_application_html_erb__1954576578687608030_47149565495960'
Started GET "/" for 127.0.0.1 at 2018-09-07 11:40:08 -0400
Processing by PrincipalController#index as HTML
  Rendering principal/index.html.erb within layouts/application
  Rendered principal/index.html.erb within layouts/application (0.9ms)
  [1m[36mUser Load (8.9ms)[0m  [1m[34mSELECT  "users".* FROM "users" WHERE "users"."id" = ? ORDER BY "users"."id" ASC LIMIT ?[0m  [["id", 1], ["LIMIT", 1]]
  â†³ app/views/layouts/application.html.erb:13
Completed 200 OK in 239ms (Views: 184.9ms | ActiveRecord: 8.9ms)


Started GET "/users/sign_in" for 127.0.0.1 at 2018-09-07 11:40:16 -0400
Processing by Devise::SessionsController#new as HTML
  [1m[36mUser Load (0.3ms)[0m  [1m[34mSELECT  "users".* FROM "users" WHERE "users"."id" = ? ORDER BY "users"."id" ASC LIMIT ?[0m  [["id", 1], ["LIMIT", 1]]
  â†³ /home/juan/.rbenv/versions/2.5.1/lib/ruby/gems/2.5.0/gems/activerecord-5.2.1/lib/active_record/log_subscriber.rb:98
Redirected to http://localhost:3000/
Filter chain halted as :require_no_authentication rendered or redirected
Completed 302 Found in 5ms (ActiveRecord: 0.3ms)


Started GET "/" for 127.0.0.1 at 2018-09-07 11:40:17 -0400
Processing by PrincipalController#index as HTML
  Rendering principal/index.html.erb within layouts/application
  Rendered principal/index.html.erb within layouts/application (0.6ms)
  [1m[36mUser Load (0.5ms)[0m  [1m[34mSELECT  "users".* FROM "users" WHERE "users"."id" = ? ORDER BY "users"."id" ASC LIMIT ?[0m  [["id", 1], ["LIMIT", 1]]
  â†³ app/views/layouts/application.html.erb:13
Completed 200 OK in 56ms (Views: 53.1ms | ActiveRecord: 0.5ms)


Started GET "/" for 127.0.0.1 at 2018-09-07 11:40:44 -0400
Processing by PrincipalController#index as HTML
  Rendering principal/index.html.erb within layouts/application
  Rendered principal/index.html.erb within layouts/application (0.6ms)
  [1m[36mUser Load (0.5ms)[0m  [1m[34mSELECT  "users".* FROM "users" WHERE "users"."id" = ? ORDER BY "users"."id" ASC LIMIT ?[0m  [["id", 1], ["LIMIT", 1]]
  â†³ app/views/layouts/application.html.erb:13
Completed 500 Internal Server Error in 636ms (ActiveRecord: 0.5ms)


  
ActionView::Template::Error (undefined local variable or method `user_destroy_path' for #<#<Class:0x000055c3ba45f0a0>:0x00007f7109e13008>
Did you mean?  user_session_path):
    11: 
    12:   <body>
    13:     <% if current_user %>
    14:       <%= link_to "Cerrar sesion", user_destroy_path, mothod: :delete %>
    15:     <% else %>
    16:       <%= link_to "Iniciar sesion", new_user_session_path %>
    17:       <%= link_to "Crear sesion", new_user_registration_path %>
  
app/views/layouts/application.html.erb:14:in `_app_views_layouts_application_html_erb__1954576578687608030_70061736966100'
Started GET "/" for 127.0.0.1 at 2018-09-07 11:42:52 -0400
Processing by PrincipalController#index as HTML
  Rendering principal/index.html.erb within layouts/application
  Rendered principal/index.html.erb within layouts/application (21.5ms)
  [1m[36mUser Load (161.0ms)[0m  [1m[34mSELECT  "users".* FROM "users" WHERE "users"."id" = ? ORDER BY "users"."id" ASC LIMIT ?[0m  [["id", 1], ["LIMIT", 1]]
  â†³ app/views/layouts/application.html.erb:13
Completed 200 OK in 957ms (Views: 671.2ms | ActiveRecord: 161.0ms)


Started GET "/users/sign_out" for 127.0.0.1 at 2018-09-07 11:42:57 -0400
  
ActionController::RoutingError (No route matches [GET] "/users/sign_out"):
  
actionpack (5.2.1) lib/action_dispatch/middleware/debug_exceptions.rb:65:in `call'
web-console (3.7.0) lib/web_console/middleware.rb:135:in `call_app'
web-console (3.7.0) lib/web_console/middleware.rb:30:in `block in call'
web-console (3.7.0) lib/web_console/middleware.rb:20:in `catch'
web-console (3.7.0) lib/web_console/middleware.rb:20:in `call'
actionpack (5.2.1) lib/action_dispatch/middleware/show_exceptions.rb:33:in `call'
railties (5.2.1) lib/rails/rack/logger.rb:38:in `call_app'
railties (5.2.1) lib/rails/rack/logger.rb:26:in `block in call'
activesupport (5.2.1) lib/active_support/tagged_logging.rb:71:in `block in tagged'
activesupport (5.2.1) lib/active_support/tagged_logging.rb:28:in `tagged'
activesupport (5.2.1) lib/active_support/tagged_logging.rb:71:in `tagged'
railties (5.2.1) lib/rails/rack/logger.rb:26:in `call'
sprockets-rails (3.2.1) lib/sprockets/rails/quiet_assets.rb:13:in `call'
actionpack (5.2.1) lib/action_dispatch/middleware/remote_ip.rb:81:in `call'
actionpack (5.2.1) lib/action_dispatch/middleware/request_id.rb:27:in `call'
rack (2.0.5) lib/rack/method_override.rb:22:in `call'
rack (2.0.5) lib/rack/runtime.rb:22:in `call'
activesupport (5.2.1) lib/active_support/cache/strategy/local_cache_middleware.rb:29:in `call'
actionpack (5.2.1) lib/action_dispatch/middleware/executor.rb:14:in `call'
actionpack (5.2.1) lib/action_dispatch/middleware/static.rb:127:in `call'
rack (2.0.5) lib/rack/sendfile.rb:111:in `call'
railties (5.2.1) lib/rails/engine.rb:524:in `call'
puma (3.12.0) lib/puma/configuration.rb:225:in `call'
puma (3.12.0) lib/puma/server.rb:658:in `handle_request'
puma (3.12.0) lib/puma/server.rb:472:in `process_client'
puma (3.12.0) lib/puma/server.rb:332:in `block in run'
puma (3.12.0) lib/puma/thread_pool.rb:133:in `block in spawn_thread'
Started GET "/users/sign_out" for 127.0.0.1 at 2018-09-07 11:43:42 -0400
  
AbstractController::ActionNotFound (The action 'show' could not be found for UsersController):
  
actionpack (5.2.1) lib/abstract_controller/base.rb:129:in `process'
actionview (5.2.1) lib/action_view/rendering.rb:32:in `process'
actionpack (5.2.1) lib/action_controller/metal.rb:191:in `dispatch'
actionpack (5.2.1) lib/action_controller/metal.rb:252:in `dispatch'
actionpack (5.2.1) lib/action_dispatch/routing/route_set.rb:52:in `dispatch'
actionpack (5.2.1) lib/action_dispatch/routing/route_set.rb:34:in `serve'
actionpack (5.2.1) lib/action_dispatch/journey/router.rb:52:in `block in serve'
actionpack (5.2.1) lib/action_dispatch/journey/router.rb:35:in `each'
actionpack (5.2.1) lib/action_dispatch/journey/router.rb:35:in `serve'
actionpack (5.2.1) lib/action_dispatch/routing/route_set.rb:840:in `call'
warden (1.2.7) lib/warden/manager.rb:36:in `block in call'
warden (1.2.7) lib/warden/manager.rb:35:in `catch'
warden (1.2.7) lib/warden/manager.rb:35:in `call'
rack (2.0.5) lib/rack/tempfile_reaper.rb:15:in `call'
rack (2.0.5) lib/rack/etag.rb:25:in `call'
rack (2.0.5) lib/rack/conditional_get.rb:25:in `call'
rack (2.0.5) lib/rack/head.rb:12:in `call'
actionpack (5.2.1) lib/action_dispatch/http/content_security_policy.rb:18:in `call'
rack (2.0.5) lib/rack/session/abstract/id.rb:232:in `context'
rack (2.0.5) lib/rack/session/abstract/id.rb:226:in `call'
actionpack (5.2.1) lib/action_dispatch/middleware/cookies.rb:670:in `call'
activerecord (5.2.1) lib/active_record/migration.rb:559:in `call'
actionpack (5.2.1) lib/action_dispatch/middleware/callbacks.rb:28:in `block in call'
activesupport (5.2.1) lib/active_support/callbacks.rb:98:in `run_callbacks'
actionpack (5.2.1) lib/action_dispatch/middleware/callbacks.rb:26:in `call'
actionpack (5.2.1) lib/action_dispatch/middleware/executor.rb:14:in `call'
actionpack (5.2.1) lib/action_dispatch/middleware/debug_exceptions.rb:61:in `call'
web-console (3.7.0) lib/web_console/middleware.rb:135:in `call_app'
web-console (3.7.0) lib/web_console/middleware.rb:30:in `block in call'
web-console (3.7.0) lib/web_console/middleware.rb:20:in `catch'
web-console (3.7.0) lib/web_console/middleware.rb:20:in `call'
actionpack (5.2.1) lib/action_dispatch/middleware/show_exceptions.rb:33:in `call'
railties (5.2.1) lib/rails/rack/logger.rb:38:in `call_app'
railties (5.2.1) lib/rails/rack/logger.rb:26:in `block in call'
activesupport (5.2.1) lib/active_support/tagged_logging.rb:71:in `block in tagged'
activesupport (5.2.1) lib/active_support/tagged_logging.rb:28:in `tagged'
activesupport (5.2.1) lib/active_support/tagged_logging.rb:71:in `tagged'
railties (5.2.1) lib/rails/rack/logger.rb:26:in `call'
sprockets-rails (3.2.1) lib/sprockets/rails/quiet_assets.rb:13:in `call'
actionpack (5.2.1) lib/action_dispatch/middleware/remote_ip.rb:81:in `call'
actionpack (5.2.1) lib/action_dispatch/middleware/request_id.rb:27:in `call'
rack (2.0.5) lib/rack/method_override.rb:22:in `call'
rack (2.0.5) lib/rack/runtime.rb:22:in `call'
activesupport (5.2.1) lib/active_support/cache/strategy/local_cache_middleware.rb:29:in `call'
actionpack (5.2.1) lib/action_dispatch/middleware/executor.rb:14:in `call'
actionpack (5.2.1) lib/action_dispatch/middleware/static.rb:127:in `call'
rack (2.0.5) lib/rack/sendfile.rb:111:in `call'
railties (5.2.1) lib/rails/engine.rb:524:in `call'
puma (3.12.0) lib/puma/configuration.rb:225:in `call'
puma (3.12.0) lib/puma/server.rb:658:in `handle_request'
puma (3.12.0) lib/puma/server.rb:472:in `process_client'
puma (3.12.0) lib/puma/server.rb:332:in `block in run'
puma (3.12.0) lib/puma/thread_pool.rb:133:in `block in spawn_thread'
Started GET "/" for 127.0.0.1 at 2018-09-07 11:44:03 -0400
Processing by PrincipalController#index as HTML
  Rendering principal/index.html.erb within layouts/application
  Rendered principal/index.html.erb within layouts/application (0.8ms)
  [1m[36mUser Load (44.7ms)[0m  [1m[34mSELECT  "users".* FROM "users" WHERE "users"."id" = ? ORDER BY "users"."id" ASC LIMIT ?[0m  [["id", 1], ["LIMIT", 1]]
  â†³ app/views/layouts/application.html.erb:13
Completed 200 OK in 104ms (Views: 55.4ms | ActiveRecord: 46.9ms)


Started GET "/users/sign_out" for 127.0.0.1 at 2018-09-07 11:44:07 -0400
  
AbstractController::ActionNotFound (The action 'show' could not be found for UsersController):
  
actionpack (5.2.1) lib/abstract_controller/base.rb:129:in `process'
actionview (5.2.1) lib/action_view/rendering.rb:32:in `process'
actionpack (5.2.1) lib/action_controller/metal.rb:191:in `dispatch'
actionpack (5.2.1) lib/action_controller/metal.rb:252:in `dispatch'
actionpack (5.2.1) lib/action_dispatch/routing/route_set.rb:52:in `dispatch'
actionpack (5.2.1) lib/action_dispatch/routing/route_set.rb:34:in `serve'
actionpack (5.2.1) lib/action_dispatch/journey/router.rb:52:in `block in serve'
actionpack (5.2.1) lib/action_dispatch/journey/router.rb:35:in `each'
actionpack (5.2.1) lib/action_dispatch/journey/router.rb:35:in `serve'
actionpack (5.2.1) lib/action_dispatch/routing/route_set.rb:840:in `call'
warden (1.2.7) lib/warden/manager.rb:36:in `block in call'
warden (1.2.7) lib/warden/manager.rb:35:in `catch'
warden (1.2.7) lib/warden/manager.rb:35:in `call'
rack (2.0.5) lib/rack/tempfile_reaper.rb:15:in `call'
rack (2.0.5) lib/rack/etag.rb:25:in `call'
rack (2.0.5) lib/rack/conditional_get.rb:25:in `call'
rack (2.0.5) lib/rack/head.rb:12:in `call'
actionpack (5.2.1) lib/action_dispatch/http/content_security_policy.rb:18:in `call'
rack (2.0.5) lib/rack/session/abstract/id.rb:232:in `context'
rack (2.0.5) lib/rack/session/abstract/id.rb:226:in `call'
actionpack (5.2.1) lib/action_dispatch/middleware/cookies.rb:670:in `call'
activerecord (5.2.1) lib/active_record/migration.rb:559:in `call'
actionpack (5.2.1) lib/action_dispatch/middleware/callbacks.rb:28:in `block in call'
activesupport (5.2.1) lib/active_support/callbacks.rb:98:in `run_callbacks'
actionpack (5.2.1) lib/action_dispatch/middleware/callbacks.rb:26:in `call'
actionpack (5.2.1) lib/action_dispatch/middleware/executor.rb:14:in `call'
actionpack (5.2.1) lib/action_dispatch/middleware/debug_exceptions.rb:61:in `call'
web-console (3.7.0) lib/web_console/middleware.rb:135:in `call_app'
web-console (3.7.0) lib/web_console/middleware.rb:30:in `block in call'
web-console (3.7.0) lib/web_console/middleware.rb:20:in `catch'
web-console (3.7.0) lib/web_console/middleware.rb:20:in `call'
actionpack (5.2.1) lib/action_dispatch/middleware/show_exceptions.rb:33:in `call'
railties (5.2.1) lib/rails/rack/logger.rb:38:in `call_app'
railties (5.2.1) lib/rails/rack/logger.rb:26:in `block in call'
activesupport (5.2.1) lib/active_support/tagged_logging.rb:71:in `block in tagged'
activesupport (5.2.1) lib/active_support/tagged_logging.rb:28:in `tagged'
activesupport (5.2.1) lib/active_support/tagged_logging.rb:71:in `tagged'
railties (5.2.1) lib/rails/rack/logger.rb:26:in `call'
sprockets-rails (3.2.1) lib/sprockets/rails/quiet_assets.rb:13:in `call'
actionpack (5.2.1) lib/action_dispatch/middleware/remote_ip.rb:81:in `call'
actionpack (5.2.1) lib/action_dispatch/middleware/request_id.rb:27:in `call'
rack (2.0.5) lib/rack/method_override.rb:22:in `call'
rack (2.0.5) lib/rack/runtime.rb:22:in `call'
activesupport (5.2.1) lib/active_support/cache/strategy/local_cache_middleware.rb:29:in `call'
actionpack (5.2.1) lib/action_dispatch/middleware/executor.rb:14:in `call'
actionpack (5.2.1) lib/action_dispatch/middleware/static.rb:127:in `call'
rack (2.0.5) lib/rack/sendfile.rb:111:in `call'
railties (5.2.1) lib/rails/engine.rb:524:in `call'
puma (3.12.0) lib/puma/configuration.rb:225:in `call'
puma (3.12.0) lib/puma/server.rb:658:in `handle_request'
puma (3.12.0) lib/puma/server.rb:472:in `process_client'
puma (3.12.0) lib/puma/server.rb:332:in `block in run'
puma (3.12.0) lib/puma/thread_pool.rb:133:in `block in spawn_thread'
Started GET "/" for 127.0.0.1 at 2018-09-07 11:46:19 -0400
Processing by PrincipalController#index as HTML
  Rendering principal/index.html.erb within layouts/application
  Rendered principal/index.html.erb within layouts/application (0.8ms)
  [1m[36mUser Load (0.5ms)[0m  [1m[34mSELECT  "users".* FROM "users" WHERE "users"."id" = ? ORDER BY "users"."id" ASC LIMIT ?[0m  [["id", 1], ["LIMIT", 1]]
  â†³ app/views/layouts/application.html.erb:13
Completed 200 OK in 46ms (Views: 42.0ms | ActiveRecord: 0.5ms)


Started GET "/users/sign_out" for 127.0.0.1 at 2018-09-07 11:46:28 -0400
  
AbstractController::ActionNotFound (The action 'show' could not be found for UsersController):
  
actionpack (5.2.1) lib/abstract_controller/base.rb:129:in `process'
actionview (5.2.1) lib/action_view/rendering.rb:32:in `process'
actionpack (5.2.1) lib/action_controller/metal.rb:191:in `dispatch'
actionpack (5.2.1) lib/action_controller/metal.rb:252:in `dispatch'
actionpack (5.2.1) lib/action_dispatch/routing/route_set.rb:52:in `dispatch'
actionpack (5.2.1) lib/action_dispatch/routing/route_set.rb:34:in `serve'
actionpack (5.2.1) lib/action_dispatch/journey/router.rb:52:in `block in serve'
actionpack (5.2.1) lib/action_dispatch/journey/router.rb:35:in `each'
actionpack (5.2.1) lib/action_dispatch/journey/router.rb:35:in `serve'
actionpack (5.2.1) lib/action_dispatch/routing/route_set.rb:840:in `call'
warden (1.2.7) lib/warden/manager.rb:36:in `block in call'
warden (1.2.7) lib/warden/manager.rb:35:in `catch'
warden (1.2.7) lib/warden/manager.rb:35:in `call'
rack (2.0.5) lib/rack/tempfile_reaper.rb:15:in `call'
rack (2.0.5) lib/rack/etag.rb:25:in `call'
rack (2.0.5) lib/rack/conditional_get.rb:25:in `call'
rack (2.0.5) lib/rack/head.rb:12:in `call'
actionpack (5.2.1) lib/action_dispatch/http/content_security_policy.rb:18:in `call'
rack (2.0.5) lib/rack/session/abstract/id.rb:232:in `context'
rack (2.0.5) lib/rack/session/abstract/id.rb:226:in `call'
actionpack (5.2.1) lib/action_dispatch/middleware/cookies.rb:670:in `call'
activerecord (5.2.1) lib/active_record/migration.rb:559:in `call'
actionpack (5.2.1) lib/action_dispatch/middleware/callbacks.rb:28:in `block in call'
activesupport (5.2.1) lib/active_support/callbacks.rb:98:in `run_callbacks'
actionpack (5.2.1) lib/action_dispatch/middleware/callbacks.rb:26:in `call'
actionpack (5.2.1) lib/action_dispatch/middleware/executor.rb:14:in `call'
actionpack (5.2.1) lib/action_dispatch/middleware/debug_exceptions.rb:61:in `call'
web-console (3.7.0) lib/web_console/middleware.rb:135:in `call_app'
web-console (3.7.0) lib/web_console/middleware.rb:30:in `block in call'
web-console (3.7.0) lib/web_console/middleware.rb:20:in `catch'
web-console (3.7.0) lib/web_console/middleware.rb:20:in `call'
actionpack (5.2.1) lib/action_dispatch/middleware/show_exceptions.rb:33:in `call'
railties (5.2.1) lib/rails/rack/logger.rb:38:in `call_app'
railties (5.2.1) lib/rails/rack/logger.rb:26:in `block in call'
activesupport (5.2.1) lib/active_support/tagged_logging.rb:71:in `block in tagged'
activesupport (5.2.1) lib/active_support/tagged_logging.rb:28:in `tagged'
activesupport (5.2.1) lib/active_support/tagged_logging.rb:71:in `tagged'
railties (5.2.1) lib/rails/rack/logger.rb:26:in `call'
sprockets-rails (3.2.1) lib/sprockets/rails/quiet_assets.rb:13:in `call'
actionpack (5.2.1) lib/action_dispatch/middleware/remote_ip.rb:81:in `call'
actionpack (5.2.1) lib/action_dispatch/middleware/request_id.rb:27:in `call'
rack (2.0.5) lib/rack/method_override.rb:22:in `call'
rack (2.0.5) lib/rack/runtime.rb:22:in `call'
activesupport (5.2.1) lib/active_support/cache/strategy/local_cache_middleware.rb:29:in `call'
actionpack (5.2.1) lib/action_dispatch/middleware/executor.rb:14:in `call'
actionpack (5.2.1) lib/action_dispatch/middleware/static.rb:127:in `call'
rack (2.0.5) lib/rack/sendfile.rb:111:in `call'
railties (5.2.1) lib/rails/engine.rb:524:in `call'
puma (3.12.0) lib/puma/configuration.rb:225:in `call'
puma (3.12.0) lib/puma/server.rb:658:in `handle_request'
puma (3.12.0) lib/puma/server.rb:472:in `process_client'
puma (3.12.0) lib/puma/server.rb:332:in `block in run'
puma (3.12.0) lib/puma/thread_pool.rb:133:in `block in spawn_thread'
Started GET "/users/sign_out" for 127.0.0.1 at 2018-09-07 11:47:03 -0400
Processing by UsersController#show as HTML
  Parameters: {"id"=>"sign_out"}
Completed 406 Not Acceptable in 60ms (ActiveRecord: 0.0ms)


  
ActionController::UnknownFormat (UsersController#show is missing a template for this request format and variant.

request.formats: ["text/html"]
request.variant: []

NOTE! For XHR/Ajax or API requests, this action would normally respond with 204 No Content: an empty white screen. Since you're loading it in a web browser, we assume that you expected to actually render a template, not nothing, so we're showing an error to be extra-clear. If you expect 204 No Content, carry on. That's what you'll get from an XHR or API request. Give it a shot.):
  
actionpack (5.2.1) lib/action_controller/metal/implicit_render.rb:55:in `default_render'
actionpack (5.2.1) lib/action_controller/metal/basic_implicit_render.rb:6:in `block in send_action'
actionpack (5.2.1) lib/action_controller/metal/basic_implicit_render.rb:6:in `tap'
actionpack (5.2.1) lib/action_controller/metal/basic_implicit_render.rb:6:in `send_action'
actionpack (5.2.1) lib/abstract_controller/base.rb:194:in `process_action'
actionpack (5.2.1) lib/action_controller/metal/rendering.rb:30:in `process_action'
actionpack (5.2.1) lib/abstract_controller/callbacks.rb:42:in `block in process_action'
activesupport (5.2.1) lib/active_support/callbacks.rb:132:in `run_callbacks'
actionpack (5.2.1) lib/abstract_controller/callbacks.rb:41:in `process_action'
actionpack (5.2.1) lib/action_controller/metal/rescue.rb:22:in `process_action'
actionpack (5.2.1) lib/action_controller/metal/instrumentation.rb:34:in `block in process_action'
activesupport (5.2.1) lib/active_support/notifications.rb:168:in `block in instrument'
activesupport (5.2.1) lib/active_support/notifications/instrumenter.rb:23:in `instrument'
activesupport (5.2.1) lib/active_support/notifications.rb:168:in `instrument'
actionpack (5.2.1) lib/action_controller/metal/instrumentation.rb:32:in `process_action'
actionpack (5.2.1) lib/action_controller/metal/params_wrapper.rb:256:in `process_action'
activerecord (5.2.1) lib/active_record/railties/controller_runtime.rb:24:in `process_action'
actionpack (5.2.1) lib/abstract_controller/base.rb:134:in `process'
actionview (5.2.1) lib/action_view/rendering.rb:32:in `process'
actionpack (5.2.1) lib/action_controller/metal.rb:191:in `dispatch'
actionpack (5.2.1) lib/action_controller/metal.rb:252:in `dispatch'
actionpack (5.2.1) lib/action_dispatch/routing/route_set.rb:52:in `dispatch'
actionpack (5.2.1) lib/action_dispatch/routing/route_set.rb:34:in `serve'
actionpack (5.2.1) lib/action_dispatch/journey/router.rb:52:in `block in serve'
actionpack (5.2.1) lib/action_dispatch/journey/router.rb:35:in `each'
actionpack (5.2.1) lib/action_dispatch/journey/router.rb:35:in `serve'
actionpack (5.2.1) lib/action_dispatch/routing/route_set.rb:840:in `call'
warden (1.2.7) lib/warden/manager.rb:36:in `block in call'
warden (1.2.7) lib/warden/manager.rb:35:in `catch'
warden (1.2.7) lib/warden/manager.rb:35:in `call'
rack (2.0.5) lib/rack/tempfile_reaper.rb:15:in `call'
rack (2.0.5) lib/rack/etag.rb:25:in `call'
rack (2.0.5) lib/rack/conditional_get.rb:25:in `call'
rack (2.0.5) lib/rack/head.rb:12:in `call'
actionpack (5.2.1) lib/action_dispatch/http/content_security_policy.rb:18:in `call'
rack (2.0.5) lib/rack/session/abstract/id.rb:232:in `context'
rack (2.0.5) lib/rack/session/abstract/id.rb:226:in `call'
actionpack (5.2.1) lib/action_dispatch/middleware/cookies.rb:670:in `call'
activerecord (5.2.1) lib/active_record/migration.rb:559:in `call'
actionpack (5.2.1) lib/action_dispatch/middleware/callbacks.rb:28:in `block in call'
activesupport (5.2.1) lib/active_support/callbacks.rb:98:in `run_callbacks'
actionpack (5.2.1) lib/action_dispatch/middleware/callbacks.rb:26:in `call'
actionpack (5.2.1) lib/action_dispatch/middleware/executor.rb:14:in `call'
actionpack (5.2.1) lib/action_dispatch/middleware/debug_exceptions.rb:61:in `call'
web-console (3.7.0) lib/web_console/middleware.rb:135:in `call_app'
web-console (3.7.0) lib/web_console/middleware.rb:30:in `block in call'
web-console (3.7.0) lib/web_console/middleware.rb:20:in `catch'
web-console (3.7.0) lib/web_console/middleware.rb:20:in `call'
actionpack (5.2.1) lib/action_dispatch/middleware/show_exceptions.rb:33:in `call'
railties (5.2.1) lib/rails/rack/logger.rb:38:in `call_app'
railties (5.2.1) lib/rails/rack/logger.rb:26:in `block in call'
activesupport (5.2.1) lib/active_support/tagged_logging.rb:71:in `block in tagged'
activesupport (5.2.1) lib/active_support/tagged_logging.rb:28:in `tagged'
activesupport (5.2.1) lib/active_support/tagged_logging.rb:71:in `tagged'
railties (5.2.1) lib/rails/rack/logger.rb:26:in `call'
sprockets-rails (3.2.1) lib/sprockets/rails/quiet_assets.rb:13:in `call'
actionpack (5.2.1) lib/action_dispatch/middleware/remote_ip.rb:81:in `call'
actionpack (5.2.1) lib/action_dispatch/middleware/request_id.rb:27:in `call'
rack (2.0.5) lib/rack/method_override.rb:22:in `call'
rack (2.0.5) lib/rack/runtime.rb:22:in `call'
activesupport (5.2.1) lib/active_support/cache/strategy/local_cache_middleware.rb:29:in `call'
actionpack (5.2.1) lib/action_dispatch/middleware/executor.rb:14:in `call'
actionpack (5.2.1) lib/action_dispatch/middleware/static.rb:127:in `call'
rack (2.0.5) lib/rack/sendfile.rb:111:in `call'
railties (5.2.1) lib/rails/engine.rb:524:in `call'
puma (3.12.0) lib/puma/configuration.rb:225:in `call'
puma (3.12.0) lib/puma/server.rb:658:in `handle_request'
puma (3.12.0) lib/puma/server.rb:472:in `process_client'
puma (3.12.0) lib/puma/server.rb:332:in `block in run'
puma (3.12.0) lib/puma/thread_pool.rb:133:in `block in spawn_thread'
Started GET "/users/sign_out" for 127.0.0.1 at 2018-09-07 11:48:13 -0400
Processing by UsersController#show as HTML
  Parameters: {"id"=>"sign_out"}
  Rendering users/show.html.erb within layouts/application
  Rendered users/show.html.erb within layouts/application (0.7ms)
  [1m[36mUser Load (9.3ms)[0m  [1m[34mSELECT  "users".* FROM "users" WHERE "users"."id" = ? ORDER BY "users"."id" ASC LIMIT ?[0m  [["id", 1], ["LIMIT", 1]]
  â†³ app/views/layouts/application.html.erb:13
Completed 200 OK in 83ms (Views: 70.8ms | ActiveRecord: 10.9ms)


Started GET "/users/sign_out" for 127.0.0.1 at 2018-09-07 11:48:17 -0400
Processing by UsersController#show as HTML
  Parameters: {"id"=>"sign_out"}
  Rendering users/show.html.erb within layouts/application
  Rendered users/show.html.erb within layouts/application (0.6ms)
  [1m[36mUser Load (0.5ms)[0m  [1m[34mSELECT  "users".* FROM "users" WHERE "users"."id" = ? ORDER BY "users"."id" ASC LIMIT ?[0m  [["id", 1], ["LIMIT", 1]]
  â†³ app/views/layouts/application.html.erb:13
Completed 200 OK in 49ms (Views: 46.9ms | ActiveRecord: 0.5ms)


Started GET "/" for 127.0.0.1 at 2018-09-07 11:50:22 -0400
Processing by PrincipalController#index as HTML
  Rendering principal/index.html.erb within layouts/application
  Rendered principal/index.html.erb within layouts/application (1.5ms)
  [1m[36mUser Load (0.7ms)[0m  [1m[34mSELECT  "users".* FROM "users" WHERE "users"."id" = ? ORDER BY "users"."id" ASC LIMIT ?[0m  [["id", 1], ["LIMIT", 1]]
  â†³ app/views/layouts/application.html.erb:13
Completed 200 OK in 62ms (Views: 58.8ms | ActiveRecord: 0.7ms)


Started DELETE "/users/sign_out" for 127.0.0.1 at 2018-09-07 11:50:32 -0400
Processing by Devise::SessionsController#destroy as HTML
  Parameters: {"authenticity_token"=>"fWqoh3Aptv+uIxGo6GiRmTkFtp/tLZ62cnhKbzaYGNhOp3UPEji3c/zZ8x1uechvB5u3tRoNVGNP9sGWnj8hFA=="}
  [1m[36mUser Load (0.6ms)[0m  [1m[34mSELECT  "users".* FROM "users" WHERE "users"."id" = ? ORDER BY "users"."id" ASC LIMIT ?[0m  [["id", 1], ["LIMIT", 1]]
  â†³ /home/juan/.rbenv/versions/2.5.1/lib/ruby/gems/2.5.0/gems/activerecord-5.2.1/lib/active_record/log_subscriber.rb:98
  [1m[35m (0.2ms)[0m  [1m[36mbegin transaction[0m
  â†³ /home/juan/.rbenv/versions/2.5.1/lib/ruby/gems/2.5.0/gems/activerecord-5.2.1/lib/active_record/log_subscriber.rb:98
  [1m[35m (0.1ms)[0m  [1m[36mcommit transaction[0m
  â†³ /home/juan/.rbenv/versions/2.5.1/lib/ruby/gems/2.5.0/gems/activerecord-5.2.1/lib/active_record/log_subscriber.rb:98
Redirected to http://localhost:3000/
Completed 302 Found in 206ms (ActiveRecord: 0.9ms)


Started GET "/" for 127.0.0.1 at 2018-09-07 11:50:33 -0400
Processing by PrincipalController#index as HTML
  Rendering principal/index.html.erb within layouts/application
  Rendered principal/index.html.erb within layouts/application (0.6ms)
Completed 200 OK in 50ms (Views: 47.1ms | ActiveRecord: 0.0ms)


  [1m[36mUser Load (13.0ms)[0m  [1m[34mSELECT  "users".* FROM "users" LIMIT ?[0m  [["LIMIT", 11]]
  [1m[36mProfile Load (15.6ms)[0m  [1m[34mSELECT  "profiles".* FROM "profiles" LIMIT ?[0m  [["LIMIT", 11]]
  [1m[35m (0.4ms)[0m  [1m[34mSELECT "schema_migrations"."version" FROM "schema_migrations" ORDER BY "schema_migrations"."version" ASC[0m
  â†³ /home/juan/.rbenv/versions/2.5.1/bin/rake:23
  [1m[36mActiveRecord::InternalMetadata Load (19.0ms)[0m  [1m[34mSELECT  "ar_internal_metadata".* FROM "ar_internal_metadata" WHERE "ar_internal_metadata"."key" = ? LIMIT ?[0m  [["key", "environment"], ["LIMIT", 1]]
  â†³ /home/juan/.rbenv/versions/2.5.1/bin/rake:23
  [1m[35m (0.2ms)[0m  [1m[36mbegin transaction[0m
  â†³ /home/juan/.rbenv/versions/2.5.1/bin/rake:23
  [1m[35m (0.1ms)[0m  [1m[36mcommit transaction[0m
  â†³ /home/juan/.rbenv/versions/2.5.1/bin/rake:23
  [1m[35m (0.2ms)[0m  [1m[34mSELECT "schema_migrations"."version" FROM "schema_migrations" ORDER BY "schema_migrations"."version" ASC[0m
  â†³ /home/juan/.rbenv/versions/2.5.1/bin/rake:23
  [1m[36mUser Load (1.6ms)[0m  [1m[34mSELECT  "users".* FROM "users" LIMIT ?[0m  [["LIMIT", 11]]
  [1m[36mProfile Load (0.6ms)[0m  [1m[34mSELECT  "profiles".* FROM "profiles" LIMIT ?[0m  [["LIMIT", 11]]
Started GET "/users/sign_up" for 127.0.0.1 at 2018-09-07 11:59:45 -0400
Processing by Devise::RegistrationsController#new as HTML
  Rendering devise/registrations/new.html.erb within layouts/application
  Rendered devise/shared/_links.html.erb (50.9ms)
  Rendered devise/registrations/new.html.erb within layouts/application (1131.7ms)
Completed 200 OK in 2356ms (Views: 1902.2ms | ActiveRecord: 15.1ms)


Started GET "/users/sign_in" for 127.0.0.1 at 2018-09-07 12:00:01 -0400
Processing by Devise::SessionsController#new as HTML
  Rendering devise/sessions/new.html.erb within layouts/application
  Rendered devise/shared/_links.html.erb (12.1ms)
  Rendered devise/sessions/new.html.erb within layouts/application (348.6ms)
Completed 200 OK in 596ms (Views: 571.2ms | ActiveRecord: 0.0ms)


Started GET "/users/sign_up" for 127.0.0.1 at 2018-09-07 12:00:04 -0400
Processing by Devise::RegistrationsController#new as HTML
  Rendering devise/registrations/new.html.erb within layouts/application
  Rendered devise/shared/_links.html.erb (5.1ms)
  Rendered devise/registrations/new.html.erb within layouts/application (10.3ms)
Completed 200 OK in 69ms (Views: 67.1ms | ActiveRecord: 0.0ms)


Started GET "/users/sign_up" for 127.0.0.1 at 2018-09-07 12:02:18 -0400
  [1m[35m (5.4ms)[0m  [1m[34mSELECT "schema_migrations"."version" FROM "schema_migrations" ORDER BY "schema_migrations"."version" ASC[0m
  â†³ /home/juan/.rbenv/versions/2.5.1/lib/ruby/gems/2.5.0/gems/activerecord-5.2.1/lib/active_record/log_subscriber.rb:98
Processing by Devise::RegistrationsController#new as HTML
  Rendering devise/registrations/new.html.erb within layouts/application
  Rendered devise/shared/_links.html.erb (1.9ms)
  Rendered devise/registrations/new.html.erb within layouts/application (70.4ms)
Completed 200 OK in 1032ms (Views: 994.1ms | ActiveRecord: 2.5ms)


Started GET "/users/sign_up" for 127.0.0.1 at 2018-09-07 12:07:02 -0400
Processing by Devise::RegistrationsController#new as HTML
  Rendering devise/registrations/new.html.erb within layouts/application
  Rendered devise/shared/_links.html.erb (2.2ms)
  Rendered devise/registrations/new.html.erb within layouts/application (78.4ms)
Completed 200 OK in 117ms (Views: 114.4ms | ActiveRecord: 0.6ms)


Started POST "/users" for 127.0.0.1 at 2018-09-07 12:07:30 -0400
Processing by Devise::RegistrationsController#create as HTML
  Parameters: {"utf8"=>"âœ“", "authenticity_token"=>"lc2B2HLIjXkATfQZwevmUmmWwNT1Wt5tNpTtwuVfVVYqKP/CID4q4iErcZQkMdUlzBzeQzkn2RufYDANP82Osw==", "user"=>{"email"=>"hola@mail.com", "password"=>"[FILTERED]", "password_confirmation"=>"[FILTERED]", "profile_attributes"=>{"nombre"=>"hola", "apellido"=>"papi"}}, "commit"=>"Crear cuenta"}
Unpermitted parameter: :profile_attributes
  [1m[35m (0.1ms)[0m  [1m[36mbegin transaction[0m
  â†³ /home/juan/.rbenv/versions/2.5.1/lib/ruby/gems/2.5.0/gems/activerecord-5.2.1/lib/active_record/log_subscriber.rb:98
  [1m[36mUser Exists (15.7ms)[0m  [1m[34mSELECT  1 AS one FROM "users" WHERE "users"."email" = ? LIMIT ?[0m  [["email", "hola@mail.com"], ["LIMIT", 1]]
  â†³ /home/juan/.rbenv/versions/2.5.1/lib/ruby/gems/2.5.0/gems/activerecord-5.2.1/lib/active_record/log_subscriber.rb:98
  [1m[36mUser Create (4.4ms)[0m  [1m[32mINSERT INTO "users" ("email", "encrypted_password", "created_at", "updated_at") VALUES (?, ?, ?, ?)[0m  [["email", "hola@mail.com"], ["encrypted_password", "$2a$11$butLXjWIvBrwXtXLa8.AvuA.GfTmwRe7YhULVYSEiwthgQ0pxt1ye"], ["created_at", "2018-09-07 16:07:31.357819"], ["updated_at", "2018-09-07 16:07:31.357819"]]
  â†³ /home/juan/.rbenv/versions/2.5.1/lib/ruby/gems/2.5.0/gems/activerecord-5.2.1/lib/active_record/log_subscriber.rb:98
  [1m[35m (80.3ms)[0m  [1m[36mcommit transaction[0m
  â†³ /home/juan/.rbenv/versions/2.5.1/lib/ruby/gems/2.5.0/gems/activerecord-5.2.1/lib/active_record/log_subscriber.rb:98
Redirected to http://localhost:3000/
Completed 302 Found in 720ms (ActiveRecord: 100.5ms)


Started GET "/" for 127.0.0.1 at 2018-09-07 12:07:31 -0400
Processing by PrincipalController#index as HTML
  Rendering principal/index.html.erb within layouts/application
  Rendered principal/index.html.erb within layouts/application (0.6ms)
  [1m[36mUser Load (0.5ms)[0m  [1m[34mSELECT  "users".* FROM "users" WHERE "users"."id" = ? ORDER BY "users"."id" ASC LIMIT ?[0m  [["id", 2], ["LIMIT", 1]]
  â†³ app/views/layouts/application.html.erb:13
Completed 200 OK in 72ms (Views: 52.0ms | ActiveRecord: 0.5ms)


  [1m[36mProfile Load (4.8ms)[0m  [1m[34mSELECT  "profiles".* FROM "profiles" LIMIT ?[0m  [["LIMIT", 11]]
Started DELETE "/users/sign_out" for 127.0.0.1 at 2018-09-07 12:11:27 -0400
  
NoMethodError (undefined method `attr_accessible' for User (call 'User.connection' to establish a connection):Class
Did you mean?  attr_accessor):
  
app/models/user.rb:6:in `<class:User>'
app/models/user.rb:1:in `<main>'
config/routes.rb:2:in `block in <main>'
config/routes.rb:1:in `<main>'
Started GET "/users/sign_in" for 127.0.0.1 at 2018-09-07 12:12:25 -0400
Processing by Devise::SessionsController#new as HTML
Started GET "/users/sign_up" for 127.0.0.1 at 2018-09-07 12:12:30 -0400
  [1m[36mUser Load (48.6ms)[0m  [1m[34mSELECT  "users".* FROM "users" WHERE "users"."id" = ? ORDER BY "users"."id" ASC LIMIT ?[0m  [["id", 2], ["LIMIT", 1]]
  â†³ /home/juan/.rbenv/versions/2.5.1/lib/ruby/gems/2.5.0/gems/activerecord-5.2.1/lib/active_record/log_subscriber.rb:98
Redirected to http://localhost:3000/
Filter chain halted as :require_no_authentication rendered or redirected
Completed 302 Found in 547ms (ActiveRecord: 50.7ms)


Processing by Devise::RegistrationsController#new as HTML
  [1m[36mUser Load (0.4ms)[0m  [1m[34mSELECT  "users".* FROM "users" WHERE "users"."id" = ? ORDER BY "users"."id" ASC LIMIT ?[0m  [["id", 2], ["LIMIT", 1]]
  â†³ /home/juan/.rbenv/versions/2.5.1/lib/ruby/gems/2.5.0/gems/activerecord-5.2.1/lib/active_record/log_subscriber.rb:98
Redirected to http://localhost:3000/
Filter chain halted as :require_no_authentication rendered or redirected
Completed 302 Found in 632ms (ActiveRecord: 8.8ms)


Started GET "/" for 127.0.0.1 at 2018-09-07 12:12:31 -0400
Processing by PrincipalController#index as HTML
  Rendering principal/index.html.erb within layouts/application
  Rendered principal/index.html.erb within layouts/application (0.7ms)
  [1m[36mUser Load (0.4ms)[0m  [1m[34mSELECT  "users".* FROM "users" WHERE "users"."id" = ? ORDER BY "users"."id" ASC LIMIT ?[0m  [["id", 2], ["LIMIT", 1]]
  â†³ app/views/layouts/application.html.erb:13
Completed 200 OK in 1290ms (Views: 1205.7ms | ActiveRecord: 0.4ms)


Started DELETE "/users/sign_out" for 127.0.0.1 at 2018-09-07 12:12:36 -0400
Processing by Devise::SessionsController#destroy as HTML
  Parameters: {"authenticity_token"=>"WdLEomYZROjO8jMs5W1xWnyarzk4CVIYD1hI4HOxvUXmN7q4NO/jc++UtqEAt0It2RCxrvR0VW6mrJUvqSNmoA=="}
  [1m[36mUser Load (0.5ms)[0m  [1m[34mSELECT  "users".* FROM "users" WHERE "users"."id" = ? ORDER BY "users"."id" ASC LIMIT ?[0m  [["id", 2], ["LIMIT", 1]]
  â†³ /home/juan/.rbenv/versions/2.5.1/lib/ruby/gems/2.5.0/gems/activerecord-5.2.1/lib/active_record/log_subscriber.rb:98
  [1m[35m (0.2ms)[0m  [1m[36mbegin transaction[0m
  â†³ /home/juan/.rbenv/versions/2.5.1/lib/ruby/gems/2.5.0/gems/activerecord-5.2.1/lib/active_record/log_subscriber.rb:98
  [1m[35m (0.1ms)[0m  [1m[36mcommit transaction[0m
  â†³ /home/juan/.rbenv/versions/2.5.1/lib/ruby/gems/2.5.0/gems/activerecord-5.2.1/lib/active_record/log_subscriber.rb:98
Redirected to http://localhost:3000/
Completed 302 Found in 65ms (ActiveRecord: 0.8ms)


Started GET "/" for 127.0.0.1 at 2018-09-07 12:12:36 -0400
Processing by PrincipalController#index as HTML
  Rendering principal/index.html.erb within layouts/application
  Rendered principal/index.html.erb within layouts/application (0.5ms)
Completed 200 OK in 70ms (Views: 67.1ms | ActiveRecord: 0.0ms)


Started GET "/users/sign_up" for 127.0.0.1 at 2018-09-07 12:12:42 -0400
Processing by Devise::RegistrationsController#new as HTML
  Rendering devise/registrations/new.html.erb within layouts/application
  Rendered devise/shared/_links.html.erb (1.8ms)
  Rendered devise/registrations/new.html.erb within layouts/application (278.0ms)
Completed 200 OK in 594ms (Views: 588.7ms | ActiveRecord: 3.5ms)


Started GET "/users/sign_in" for 127.0.0.1 at 2018-09-07 12:13:57 -0400
Processing by Devise::SessionsController#new as HTML
  Rendering devise/sessions/new.html.erb within layouts/application
  Rendered devise/shared/_links.html.erb (3.7ms)
  Rendered devise/sessions/new.html.erb within layouts/application (2451.3ms)
Completed 200 OK in 3649ms (Views: 3470.5ms | ActiveRecord: 0.0ms)


Started POST "/users" for 127.0.0.1 at 2018-09-07 12:14:08 -0400
Processing by Devise::RegistrationsController#create as HTML
  Parameters: {"utf8"=>"âœ“", "authenticity_token"=>"Gan91VMFX6Gvi6483veWtTLHXUG9eX48xXg5ioYo95K/rc3jJKqMstaxCabJ/IkZ0yz/809Byu3HOInRByC9Sw==", "user"=>{"email"=>"juan-daniel-94@hotmail.com", "password"=>"[FILTERED]", "password_confirmation"=>"[FILTERED]", "profile_attributes"=>{"nombre"=>"Juan D", "apellido"=>"Gonzalez N"}}, "commit"=>"Crear cuenta"}
Unpermitted parameter: :profile_attributes
  [1m[35m (153.3ms)[0m  [1m[36mbegin transaction[0m
  â†³ /home/juan/.rbenv/versions/2.5.1/lib/ruby/gems/2.5.0/gems/activerecord-5.2.1/lib/active_record/log_subscriber.rb:98
  [1m[36mUser Create (130.0ms)[0m  [1m[32mINSERT INTO "users" ("created_at", "updated_at") VALUES (?, ?)[0m  [["created_at", "2018-09-07 16:14:08.270525"], ["updated_at", "2018-09-07 16:14:08.270525"]]
  â†³ /home/juan/.rbenv/versions/2.5.1/lib/ruby/gems/2.5.0/gems/activerecord-5.2.1/lib/active_record/log_subscriber.rb:98
  [1m[35m (261.6ms)[0m  [1m[36mcommit transaction[0m
  â†³ /home/juan/.rbenv/versions/2.5.1/lib/ruby/gems/2.5.0/gems/activerecord-5.2.1/lib/active_record/log_subscriber.rb:98
Redirected to http://localhost:3000/
Completed 302 Found in 666ms (ActiveRecord: 544.9ms)


Started GET "/" for 127.0.0.1 at 2018-09-07 12:14:09 -0400
Processing by PrincipalController#index as HTML
  Rendering principal/index.html.erb within layouts/application
  Rendered principal/index.html.erb within layouts/application (0.8ms)
  [1m[36mUser Load (0.4ms)[0m  [1m[34mSELECT  "users".* FROM "users" WHERE "users"."id" = ? ORDER BY "users"."id" ASC LIMIT ?[0m  [["id", 3], ["LIMIT", 1]]
  â†³ app/views/layouts/application.html.erb:13
Completed 200 OK in 94ms (Views: 41.5ms | ActiveRecord: 0.4ms)


  [1m[36mUser Load (0.6ms)[0m  [1m[34mSELECT  "users".* FROM "users" ORDER BY "users"."id" DESC LIMIT ?[0m  [["LIMIT", 1]]
  [1m[36mUser Load (0.6ms)[0m  [1m[34mSELECT  "users".* FROM "users" LIMIT ?[0m  [["LIMIT", 11]]
  [1m[36mProfile Load (0.6ms)[0m  [1m[34mSELECT  "profiles".* FROM "profiles" ORDER BY "profiles"."id" DESC LIMIT ?[0m  [["LIMIT", 1]]
  [1m[36mProfile Load (0.6ms)[0m  [1m[34mSELECT  "profiles".* FROM "profiles" LIMIT ?[0m  [["LIMIT", 11]]
Started DELETE "/users/sign_out" for 127.0.0.1 at 2018-09-07 12:43:45 -0400
Processing by Devise::SessionsController#destroy as HTML
  Parameters: {"authenticity_token"=>"cEddDKyrVNBv/DkF0HcUzaxvj5qykUuUpGxo6wwq7QS1TXqultY1gCFsUxT8PXY+MCMwihh8I/uVVg54Z3eCtw=="}
  [1m[36mUser Load (6.1ms)[0m  [1m[34mSELECT  "users".* FROM "users" WHERE "users"."id" = ? ORDER BY "users"."id" ASC LIMIT ?[0m  [["id", 3], ["LIMIT", 1]]
  â†³ /home/juan/.rbenv/versions/2.5.1/lib/ruby/gems/2.5.0/gems/activerecord-5.2.1/lib/active_record/log_subscriber.rb:98
  [1m[35m (0.1ms)[0m  [1m[36mbegin transaction[0m
  â†³ /home/juan/.rbenv/versions/2.5.1/lib/ruby/gems/2.5.0/gems/activerecord-5.2.1/lib/active_record/log_subscriber.rb:98
  [1m[35m (0.3ms)[0m  [1m[36mcommit transaction[0m
  â†³ /home/juan/.rbenv/versions/2.5.1/lib/ruby/gems/2.5.0/gems/activerecord-5.2.1/lib/active_record/log_subscriber.rb:98
Redirected to http://localhost:3000/
Completed 302 Found in 144ms (ActiveRecord: 82.9ms)


Started GET "/" for 127.0.0.1 at 2018-09-07 12:43:47 -0400
Processing by PrincipalController#index as HTML
  Rendering principal/index.html.erb within layouts/application
  Rendered principal/index.html.erb within layouts/application (0.7ms)
Completed 200 OK in 389ms (Views: 370.2ms | ActiveRecord: 0.0ms)


Started GET "/users/sign_up" for 127.0.0.1 at 2018-09-07 12:43:50 -0400
Processing by Devise::RegistrationsController#new as HTML
  Rendering devise/registrations/new.html.erb within layouts/application
  Rendered devise/shared/_links.html.erb (2.9ms)
  Rendered devise/registrations/new.html.erb within layouts/application (94.9ms)
Completed 200 OK in 214ms (Views: 207.7ms | ActiveRecord: 1.7ms)


Started GET "/users/sign_in" for 127.0.0.1 at 2018-09-07 12:43:51 -0400
Processing by Devise::SessionsController#new as HTML
  Rendering devise/sessions/new.html.erb within layouts/application
  Rendered devise/shared/_links.html.erb (2.4ms)
  Rendered devise/sessions/new.html.erb within layouts/application (10.1ms)
Completed 200 OK in 118ms (Views: 116.0ms | ActiveRecord: 0.0ms)


Started GET "/users/sign_up" for 127.0.0.1 at 2018-09-07 12:43:53 -0400
Processing by Devise::RegistrationsController#new as HTML
  Rendering devise/registrations/new.html.erb within layouts/application
  Rendered devise/shared/_links.html.erb (1.8ms)
  Rendered devise/registrations/new.html.erb within layouts/application (8.6ms)
Completed 200 OK in 70ms (Views: 66.5ms | ActiveRecord: 0.0ms)


Started GET "/users/sign_in" for 127.0.0.1 at 2018-09-07 12:43:55 -0400
Processing by Devise::SessionsController#new as HTML
  Rendering devise/sessions/new.html.erb within layouts/application
  Rendered devise/shared/_links.html.erb (2.1ms)
  Rendered devise/sessions/new.html.erb within layouts/application (11.0ms)
Completed 200 OK in 57ms (Views: 55.4ms | ActiveRecord: 0.0ms)


Started GET "/users/sign_up" for 127.0.0.1 at 2018-09-07 12:43:59 -0400
Processing by Devise::RegistrationsController#new as HTML
  Rendering devise/registrations/new.html.erb within layouts/application
  Rendered devise/shared/_links.html.erb (1.7ms)
  Rendered devise/registrations/new.html.erb within layouts/application (12.5ms)
Completed 200 OK in 54ms (Views: 52.5ms | ActiveRecord: 0.0ms)


Started POST "/users" for 127.0.0.1 at 2018-09-07 12:44:27 -0400
Processing by Devise::RegistrationsController#create as HTML
  Parameters: {"utf8"=>"âœ“", "authenticity_token"=>"/JkutHBg8tNGXCDf3hogGuhYYkVezX0FNytvWF5bcJhSF73HDdFHvmOsYHc9/zqVqNjrLoZR0qZa7QDBbDBvmA==", "user"=>{"email"=>"tu_papi@mail.com", "password"=>"[FILTERED]", "password_confirmation"=>"[FILTERED]", "profile_attributes"=>{"nombre"=>"soy tu", "apellido"=>"papi"}}, "commit"=>"Crear cuenta"}
Unpermitted parameter: :profile_attributes
  [1m[35m (0.1ms)[0m  [1m[36mbegin transaction[0m
  â†³ /home/juan/.rbenv/versions/2.5.1/lib/ruby/gems/2.5.0/gems/activerecord-5.2.1/lib/active_record/log_subscriber.rb:98
  [1m[36mUser Create (458.2ms)[0m  [1m[32mINSERT INTO "users" ("created_at", "updated_at") VALUES (?, ?)[0m  [["created_at", "2018-09-07 16:44:27.817566"], ["updated_at", "2018-09-07 16:44:27.817566"]]
  â†³ /home/juan/.rbenv/versions/2.5.1/lib/ruby/gems/2.5.0/gems/activerecord-5.2.1/lib/active_record/log_subscriber.rb:98
  [1m[35m (0.2ms)[0m  [1m[31mrollback transaction[0m
  â†³ /home/juan/.rbenv/versions/2.5.1/lib/ruby/gems/2.5.0/gems/activerecord-5.2.1/lib/active_record/log_subscriber.rb:98
Completed 500 Internal Server Error in 467ms (ActiveRecord: 458.5ms)


  
ActiveRecord::RecordNotUnique (SQLite3::ConstraintException: UNIQUE constraint failed: users.email: INSERT INTO "users" ("created_at", "updated_at") VALUES (?, ?)):
  
sqlite3 (1.3.13) lib/sqlite3/statement.rb:108:in `step'
sqlite3 (1.3.13) lib/sqlite3/statement.rb:108:in `block in each'
sqlite3 (1.3.13) lib/sqlite3/statement.rb:107:in `loop'
sqlite3 (1.3.13) lib/sqlite3/statement.rb:107:in `each'
activerecord (5.2.1) lib/active_record/connection_adapters/sqlite3_adapter.rb:222:in `to_a'
activerecord (5.2.1) lib/active_record/connection_adapters/sqlite3_adapter.rb:222:in `block (2 levels) in exec_query'
activesupport (5.2.1) lib/active_support/dependencies/interlock.rb:48:in `block in permit_concurrent_loads'
activesupport (5.2.1) lib/active_support/concurrency/share_lock.rb:187:in `yield_shares'
activesupport (5.2.1) lib/active_support/dependencies/interlock.rb:47:in `permit_concurrent_loads'
activerecord (5.2.1) lib/active_record/connection_adapters/sqlite3_adapter.rb:213:in `block in exec_query'
activerecord (5.2.1) lib/active_record/connection_adapters/abstract_adapter.rb:579:in `block (2 levels) in log'
/home/juan/.rbenv/versions/2.5.1/lib/ruby/2.5.0/monitor.rb:226:in `mon_synchronize'
activerecord (5.2.1) lib/active_record/connection_adapters/abstract_adapter.rb:578:in `block in log'
activesupport (5.2.1) lib/active_support/notifications/instrumenter.rb:23:in `instrument'
activerecord (5.2.1) lib/active_record/connection_adapters/abstract_adapter.rb:569:in `log'
activerecord (5.2.1) lib/active_record/connection_adapters/sqlite3_adapter.rb:212:in `exec_query'
activerecord (5.2.1) lib/active_record/connection_adapters/abstract/database_statements.rb:117:in `exec_insert'
activerecord (5.2.1) lib/active_record/connection_adapters/abstract/database_statements.rb:149:in `insert'
activerecord (5.2.1) lib/active_record/connection_adapters/abstract/query_cache.rb:21:in `insert'
activerecord (5.2.1) lib/active_record/persistence.rb:187:in `_insert_record'
activerecord (5.2.1) lib/active_record/persistence.rb:733:in `_create_record'
activerecord (5.2.1) lib/active_record/counter_cache.rb:184:in `_create_record'
activerecord (5.2.1) lib/active_record/locking/optimistic.rb:70:in `_create_record'
activerecord (5.2.1) lib/active_record/attribute_methods/dirty.rb:137:in `_create_record'
activerecord (5.2.1) lib/active_record/callbacks.rb:346:in `block in _create_record'
activesupport (5.2.1) lib/active_support/callbacks.rb:132:in `run_callbacks'
activesupport (5.2.1) lib/active_support/callbacks.rb:816:in `_run_create_callbacks'
activerecord (5.2.1) lib/active_record/callbacks.rb:346:in `_create_record'
activerecord (5.2.1) lib/active_record/timestamp.rb:102:in `_create_record'
activerecord (5.2.1) lib/active_record/persistence.rb:704:in `create_or_update'
activerecord (5.2.1) lib/active_record/callbacks.rb:342:in `block in create_or_update'
activesupport (5.2.1) lib/active_support/callbacks.rb:98:in `run_callbacks'
activesupport (5.2.1) lib/active_support/callbacks.rb:816:in `_run_save_callbacks'
activerecord (5.2.1) lib/active_record/callbacks.rb:342:in `create_or_update'
activerecord (5.2.1) lib/active_record/persistence.rb:275:in `save'
activerecord (5.2.1) lib/active_record/validations.rb:46:in `save'
activerecord (5.2.1) lib/active_record/transactions.rb:310:in `block (2 levels) in save'
activerecord (5.2.1) lib/active_record/transactions.rb:387:in `block in with_transaction_returning_status'
activerecord (5.2.1) lib/active_record/connection_adapters/abstract/database_statements.rb:254:in `block in transaction'
activerecord (5.2.1) lib/active_record/connection_adapters/abstract/transaction.rb:239:in `block in within_new_transaction'
/home/juan/.rbenv/versions/2.5.1/lib/ruby/2.5.0/monitor.rb:226:in `mon_synchronize'
activerecord (5.2.1) lib/active_record/connection_adapters/abstract/transaction.rb:236:in `within_new_transaction'
activerecord (5.2.1) lib/active_record/connection_adapters/abstract/database_statements.rb:254:in `transaction'
activerecord (5.2.1) lib/active_record/transactions.rb:212:in `transaction'
activerecord (5.2.1) lib/active_record/transactions.rb:385:in `with_transaction_returning_status'
activerecord (5.2.1) lib/active_record/transactions.rb:310:in `block in save'
activerecord (5.2.1) lib/active_record/transactions.rb:325:in `rollback_active_record_state!'
activerecord (5.2.1) lib/active_record/transactions.rb:309:in `save'
activerecord (5.2.1) lib/active_record/suppressor.rb:44:in `save'
devise (4.5.0) app/controllers/devise/registrations_controller.rb:19:in `create'
actionpack (5.2.1) lib/action_controller/metal/basic_implicit_render.rb:6:in `send_action'
actionpack (5.2.1) lib/abstract_controller/base.rb:194:in `process_action'
actionpack (5.2.1) lib/action_controller/metal/rendering.rb:30:in `process_action'
actionpack (5.2.1) lib/abstract_controller/callbacks.rb:42:in `block in process_action'
activesupport (5.2.1) lib/active_support/callbacks.rb:132:in `run_callbacks'
actionpack (5.2.1) lib/abstract_controller/callbacks.rb:41:in `process_action'
actionpack (5.2.1) lib/action_controller/metal/rescue.rb:22:in `process_action'
actionpack (5.2.1) lib/action_controller/metal/instrumentation.rb:34:in `block in process_action'
activesupport (5.2.1) lib/active_support/notifications.rb:168:in `block in instrument'
activesupport (5.2.1) lib/active_support/notifications/instrumenter.rb:23:in `instrument'
activesupport (5.2.1) lib/active_support/notifications.rb:168:in `instrument'
actionpack (5.2.1) lib/action_controller/metal/instrumentation.rb:32:in `process_action'
actionpack (5.2.1) lib/action_controller/metal/params_wrapper.rb:256:in `process_action'
activerecord (5.2.1) lib/active_record/railties/controller_runtime.rb:24:in `process_action'
actionpack (5.2.1) lib/abstract_controller/base.rb:134:in `process'
actionview (5.2.1) lib/action_view/rendering.rb:32:in `process'
actionpack (5.2.1) lib/action_controller/metal.rb:191:in `dispatch'
actionpack (5.2.1) lib/action_controller/metal.rb:252:in `dispatch'
actionpack (5.2.1) lib/action_dispatch/routing/route_set.rb:52:in `dispatch'
actionpack (5.2.1) lib/action_dispatch/routing/route_set.rb:34:in `serve'
actionpack (5.2.1) lib/action_dispatch/routing/mapper.rb:18:in `block in <class:Constraints>'
actionpack (5.2.1) lib/action_dispatch/routing/mapper.rb:48:in `serve'
actionpack (5.2.1) lib/action_dispatch/journey/router.rb:52:in `block in serve'
actionpack (5.2.1) lib/action_dispatch/journey/router.rb:35:in `each'
actionpack (5.2.1) lib/action_dispatch/journey/router.rb:35:in `serve'
actionpack (5.2.1) lib/action_dispatch/routing/route_set.rb:840:in `call'
warden (1.2.7) lib/warden/manager.rb:36:in `block in call'
warden (1.2.7) lib/warden/manager.rb:35:in `catch'
warden (1.2.7) lib/warden/manager.rb:35:in `call'
rack (2.0.5) lib/rack/tempfile_reaper.rb:15:in `call'
rack (2.0.5) lib/rack/etag.rb:25:in `call'
rack (2.0.5) lib/rack/conditional_get.rb:38:in `call'
rack (2.0.5) lib/rack/head.rb:12:in `call'
actionpack (5.2.1) lib/action_dispatch/http/content_security_policy.rb:18:in `call'
rack (2.0.5) lib/rack/session/abstract/id.rb:232:in `context'
rack (2.0.5) lib/rack/session/abstract/id.rb:226:in `call'
actionpack (5.2.1) lib/action_dispatch/middleware/cookies.rb:670:in `call'
activerecord (5.2.1) lib/active_record/migration.rb:559:in `call'
actionpack (5.2.1) lib/action_dispatch/middleware/callbacks.rb:28:in `block in call'
activesupport (5.2.1) lib/active_support/callbacks.rb:98:in `run_callbacks'
actionpack (5.2.1) lib/action_dispatch/middleware/callbacks.rb:26:in `call'
actionpack (5.2.1) lib/action_dispatch/middleware/executor.rb:14:in `call'
actionpack (5.2.1) lib/action_dispatch/middleware/debug_exceptions.rb:61:in `call'
web-console (3.7.0) lib/web_console/middleware.rb:135:in `call_app'
web-console (3.7.0) lib/web_console/middleware.rb:30:in `block in call'
web-console (3.7.0) lib/web_console/middleware.rb:20:in `catch'
web-console (3.7.0) lib/web_console/middleware.rb:20:in `call'
actionpack (5.2.1) lib/action_dispatch/middleware/show_exceptions.rb:33:in `call'
railties (5.2.1) lib/rails/rack/logger.rb:38:in `call_app'
railties (5.2.1) lib/rails/rack/logger.rb:26:in `block in call'
activesupport (5.2.1) lib/active_support/tagged_logging.rb:71:in `block in tagged'
activesupport (5.2.1) lib/active_support/tagged_logging.rb:28:in `tagged'
activesupport (5.2.1) lib/active_support/tagged_logging.rb:71:in `tagged'
railties (5.2.1) lib/rails/rack/logger.rb:26:in `call'
sprockets-rails (3.2.1) lib/sprockets/rails/quiet_assets.rb:13:in `call'
actionpack (5.2.1) lib/action_dispatch/middleware/remote_ip.rb:81:in `call'
actionpack (5.2.1) lib/action_dispatch/middleware/request_id.rb:27:in `call'
rack (2.0.5) lib/rack/method_override.rb:22:in `call'
rack (2.0.5) lib/rack/runtime.rb:22:in `call'
activesupport (5.2.1) lib/active_support/cache/strategy/local_cache_middleware.rb:29:in `call'
actionpack (5.2.1) lib/action_dispatch/middleware/executor.rb:14:in `call'
actionpack (5.2.1) lib/action_dispatch/middleware/static.rb:127:in `call'
rack (2.0.5) lib/rack/sendfile.rb:111:in `call'
railties (5.2.1) lib/rails/engine.rb:524:in `call'
puma (3.12.0) lib/puma/configuration.rb:225:in `call'
puma (3.12.0) lib/puma/server.rb:658:in `handle_request'
puma (3.12.0) lib/puma/server.rb:472:in `process_client'
puma (3.12.0) lib/puma/server.rb:332:in `block in run'
puma (3.12.0) lib/puma/thread_pool.rb:133:in `block in spawn_thread'
Started POST "/users" for 127.0.0.1 at 2018-09-07 12:44:57 -0400
Processing by Devise::RegistrationsController#create as HTML
  Parameters: {"utf8"=>"âœ“", "authenticity_token"=>"/JkutHBg8tNGXCDf3hogGuhYYkVezX0FNytvWF5bcJhSF73HDdFHvmOsYHc9/zqVqNjrLoZR0qZa7QDBbDBvmA==", "user"=>{"email"=>"tu_papi@mail.com", "password"=>"[FILTERED]", "password_confirmation"=>"[FILTERED]", "profile_attributes"=>{"nombre"=>"soy tu", "apellido"=>"papi"}}, "commit"=>"Crear cuenta"}
Unpermitted parameter: :profile_attributes
  [1m[35m (0.1ms)[0m  [1m[36mbegin transaction[0m
  â†³ /home/juan/.rbenv/versions/2.5.1/lib/ruby/gems/2.5.0/gems/activerecord-5.2.1/lib/active_record/log_subscriber.rb:98
  [1m[36mUser Create (1.2ms)[0m  [1m[32mINSERT INTO "users" ("created_at", "updated_at") VALUES (?, ?)[0m  [["created_at", "2018-09-07 16:44:57.647892"], ["updated_at", "2018-09-07 16:44:57.647892"]]
  â†³ /home/juan/.rbenv/versions/2.5.1/lib/ruby/gems/2.5.0/gems/activerecord-5.2.1/lib/active_record/log_subscriber.rb:98
  [1m[35m (0.1ms)[0m  [1m[31mrollback transaction[0m
  â†³ /home/juan/.rbenv/versions/2.5.1/lib/ruby/gems/2.5.0/gems/activerecord-5.2.1/lib/active_record/log_subscriber.rb:98
Completed 500 Internal Server Error in 22ms (ActiveRecord: 2.9ms)


  
ActiveRecord::RecordNotUnique (SQLite3::ConstraintException: UNIQUE constraint failed: users.email: INSERT INTO "users" ("created_at", "updated_at") VALUES (?, ?)):
  
sqlite3 (1.3.13) lib/sqlite3/statement.rb:108:in `step'
sqlite3 (1.3.13) lib/sqlite3/statement.rb:108:in `block in each'
sqlite3 (1.3.13) lib/sqlite3/statement.rb:107:in `loop'
sqlite3 (1.3.13) lib/sqlite3/statement.rb:107:in `each'
activerecord (5.2.1) lib/active_record/connection_adapters/sqlite3_adapter.rb:222:in `to_a'
activerecord (5.2.1) lib/active_record/connection_adapters/sqlite3_adapter.rb:222:in `block (2 levels) in exec_query'
activesupport (5.2.1) lib/active_support/dependencies/interlock.rb:48:in `block in permit_concurrent_loads'
activesupport (5.2.1) lib/active_support/concurrency/share_lock.rb:187:in `yield_shares'
activesupport (5.2.1) lib/active_support/dependencies/interlock.rb:47:in `permit_concurrent_loads'
activerecord (5.2.1) lib/active_record/connection_adapters/sqlite3_adapter.rb:213:in `block in exec_query'
activerecord (5.2.1) lib/active_record/connection_adapters/abstract_adapter.rb:579:in `block (2 levels) in log'
/home/juan/.rbenv/versions/2.5.1/lib/ruby/2.5.0/monitor.rb:226:in `mon_synchronize'
activerecord (5.2.1) lib/active_record/connection_adapters/abstract_adapter.rb:578:in `block in log'
activesupport (5.2.1) lib/active_support/notifications/instrumenter.rb:23:in `instrument'
activerecord (5.2.1) lib/active_record/connection_adapters/abstract_adapter.rb:569:in `log'
activerecord (5.2.1) lib/active_record/connection_adapters/sqlite3_adapter.rb:212:in `exec_query'
activerecord (5.2.1) lib/active_record/connection_adapters/abstract/database_statements.rb:117:in `exec_insert'
activerecord (5.2.1) lib/active_record/connection_adapters/abstract/database_statements.rb:149:in `insert'
activerecord (5.2.1) lib/active_record/connection_adapters/abstract/query_cache.rb:21:in `insert'
activerecord (5.2.1) lib/active_record/persistence.rb:187:in `_insert_record'
activerecord (5.2.1) lib/active_record/persistence.rb:733:in `_create_record'
activerecord (5.2.1) lib/active_record/counter_cache.rb:184:in `_create_record'
activerecord (5.2.1) lib/active_record/locking/optimistic.rb:70:in `_create_record'
activerecord (5.2.1) lib/active_record/attribute_methods/dirty.rb:137:in `_create_record'
activerecord (5.2.1) lib/active_record/callbacks.rb:346:in `block in _create_record'
activesupport (5.2.1) lib/active_support/callbacks.rb:132:in `run_callbacks'
activesupport (5.2.1) lib/active_support/callbacks.rb:816:in `_run_create_callbacks'
activerecord (5.2.1) lib/active_record/callbacks.rb:346:in `_create_record'
activerecord (5.2.1) lib/active_record/timestamp.rb:102:in `_create_record'
activerecord (5.2.1) lib/active_record/persistence.rb:704:in `create_or_update'
activerecord (5.2.1) lib/active_record/callbacks.rb:342:in `block in create_or_update'
activesupport (5.2.1) lib/active_support/callbacks.rb:98:in `run_callbacks'
activesupport (5.2.1) lib/active_support/callbacks.rb:816:in `_run_save_callbacks'
activerecord (5.2.1) lib/active_record/callbacks.rb:342:in `create_or_update'
activerecord (5.2.1) lib/active_record/persistence.rb:275:in `save'
activerecord (5.2.1) lib/active_record/validations.rb:46:in `save'
activerecord (5.2.1) lib/active_record/transactions.rb:310:in `block (2 levels) in save'
activerecord (5.2.1) lib/active_record/transactions.rb:387:in `block in with_transaction_returning_status'
activerecord (5.2.1) lib/active_record/connection_adapters/abstract/database_statements.rb:254:in `block in transaction'
activerecord (5.2.1) lib/active_record/connection_adapters/abstract/transaction.rb:239:in `block in within_new_transaction'
/home/juan/.rbenv/versions/2.5.1/lib/ruby/2.5.0/monitor.rb:226:in `mon_synchronize'
activerecord (5.2.1) lib/active_record/connection_adapters/abstract/transaction.rb:236:in `within_new_transaction'
activerecord (5.2.1) lib/active_record/connection_adapters/abstract/database_statements.rb:254:in `transaction'
activerecord (5.2.1) lib/active_record/transactions.rb:212:in `transaction'
activerecord (5.2.1) lib/active_record/transactions.rb:385:in `with_transaction_returning_status'
activerecord (5.2.1) lib/active_record/transactions.rb:310:in `block in save'
activerecord (5.2.1) lib/active_record/transactions.rb:325:in `rollback_active_record_state!'
activerecord (5.2.1) lib/active_record/transactions.rb:309:in `save'
activerecord (5.2.1) lib/active_record/suppressor.rb:44:in `save'
devise (4.5.0) app/controllers/devise/registrations_controller.rb:19:in `create'
actionpack (5.2.1) lib/action_controller/metal/basic_implicit_render.rb:6:in `send_action'
actionpack (5.2.1) lib/abstract_controller/base.rb:194:in `process_action'
actionpack (5.2.1) lib/action_controller/metal/rendering.rb:30:in `process_action'
actionpack (5.2.1) lib/abstract_controller/callbacks.rb:42:in `block in process_action'
activesupport (5.2.1) lib/active_support/callbacks.rb:132:in `run_callbacks'
actionpack (5.2.1) lib/abstract_controller/callbacks.rb:41:in `process_action'
actionpack (5.2.1) lib/action_controller/metal/rescue.rb:22:in `process_action'
actionpack (5.2.1) lib/action_controller/metal/instrumentation.rb:34:in `block in process_action'
activesupport (5.2.1) lib/active_support/notifications.rb:168:in `block in instrument'
activesupport (5.2.1) lib/active_support/notifications/instrumenter.rb:23:in `instrument'
activesupport (5.2.1) lib/active_support/notifications.rb:168:in `instrument'
actionpack (5.2.1) lib/action_controller/metal/instrumentation.rb:32:in `process_action'
actionpack (5.2.1) lib/action_controller/metal/params_wrapper.rb:256:in `process_action'
activerecord (5.2.1) lib/active_record/railties/controller_runtime.rb:24:in `process_action'
actionpack (5.2.1) lib/abstract_controller/base.rb:134:in `process'
actionview (5.2.1) lib/action_view/rendering.rb:32:in `process'
actionpack (5.2.1) lib/action_controller/metal.rb:191:in `dispatch'
actionpack (5.2.1) lib/action_controller/metal.rb:252:in `dispatch'
actionpack (5.2.1) lib/action_dispatch/routing/route_set.rb:52:in `dispatch'
actionpack (5.2.1) lib/action_dispatch/routing/route_set.rb:34:in `serve'
actionpack (5.2.1) lib/action_dispatch/routing/mapper.rb:18:in `block in <class:Constraints>'
actionpack (5.2.1) lib/action_dispatch/routing/mapper.rb:48:in `serve'
actionpack (5.2.1) lib/action_dispatch/journey/router.rb:52:in `block in serve'
actionpack (5.2.1) lib/action_dispatch/journey/router.rb:35:in `each'
actionpack (5.2.1) lib/action_dispatch/journey/router.rb:35:in `serve'
actionpack (5.2.1) lib/action_dispatch/routing/route_set.rb:840:in `call'
warden (1.2.7) lib/warden/manager.rb:36:in `block in call'
warden (1.2.7) lib/warden/manager.rb:35:in `catch'
warden (1.2.7) lib/warden/manager.rb:35:in `call'
rack (2.0.5) lib/rack/tempfile_reaper.rb:15:in `call'
rack (2.0.5) lib/rack/etag.rb:25:in `call'
rack (2.0.5) lib/rack/conditional_get.rb:38:in `call'
rack (2.0.5) lib/rack/head.rb:12:in `call'
actionpack (5.2.1) lib/action_dispatch/http/content_security_policy.rb:18:in `call'
rack (2.0.5) lib/rack/session/abstract/id.rb:232:in `context'
rack (2.0.5) lib/rack/session/abstract/id.rb:226:in `call'
actionpack (5.2.1) lib/action_dispatch/middleware/cookies.rb:670:in `call'
activerecord (5.2.1) lib/active_record/migration.rb:559:in `call'
actionpack (5.2.1) lib/action_dispatch/middleware/callbacks.rb:28:in `block in call'
activesupport (5.2.1) lib/active_support/callbacks.rb:98:in `run_callbacks'
actionpack (5.2.1) lib/action_dispatch/middleware/callbacks.rb:26:in `call'
actionpack (5.2.1) lib/action_dispatch/middleware/executor.rb:14:in `call'
actionpack (5.2.1) lib/action_dispatch/middleware/debug_exceptions.rb:61:in `call'
web-console (3.7.0) lib/web_console/middleware.rb:135:in `call_app'
web-console (3.7.0) lib/web_console/middleware.rb:30:in `block in call'
web-console (3.7.0) lib/web_console/middleware.rb:20:in `catch'
web-console (3.7.0) lib/web_console/middleware.rb:20:in `call'
actionpack (5.2.1) lib/action_dispatch/middleware/show_exceptions.rb:33:in `call'
railties (5.2.1) lib/rails/rack/logger.rb:38:in `call_app'
railties (5.2.1) lib/rails/rack/logger.rb:26:in `block in call'
activesupport (5.2.1) lib/active_support/tagged_logging.rb:71:in `block in tagged'
activesupport (5.2.1) lib/active_support/tagged_logging.rb:28:in `tagged'
activesupport (5.2.1) lib/active_support/tagged_logging.rb:71:in `tagged'
railties (5.2.1) lib/rails/rack/logger.rb:26:in `call'
sprockets-rails (3.2.1) lib/sprockets/rails/quiet_assets.rb:13:in `call'
actionpack (5.2.1) lib/action_dispatch/middleware/remote_ip.rb:81:in `call'
actionpack (5.2.1) lib/action_dispatch/middleware/request_id.rb:27:in `call'
rack (2.0.5) lib/rack/method_override.rb:22:in `call'
rack (2.0.5) lib/rack/runtime.rb:22:in `call'
activesupport (5.2.1) lib/active_support/cache/strategy/local_cache_middleware.rb:29:in `call'
actionpack (5.2.1) lib/action_dispatch/middleware/executor.rb:14:in `call'
actionpack (5.2.1) lib/action_dispatch/middleware/static.rb:127:in `call'
rack (2.0.5) lib/rack/sendfile.rb:111:in `call'
railties (5.2.1) lib/rails/engine.rb:524:in `call'
puma (3.12.0) lib/puma/configuration.rb:225:in `call'
puma (3.12.0) lib/puma/server.rb:658:in `handle_request'
puma (3.12.0) lib/puma/server.rb:472:in `process_client'
puma (3.12.0) lib/puma/server.rb:332:in `block in run'
puma (3.12.0) lib/puma/thread_pool.rb:133:in `block in spawn_thread'
Started POST "/users" for 127.0.0.1 at 2018-09-07 12:45:19 -0400
Processing by Devise::RegistrationsController#create as HTML
  Parameters: {"utf8"=>"âœ“", "authenticity_token"=>"/JkutHBg8tNGXCDf3hogGuhYYkVezX0FNytvWF5bcJhSF73HDdFHvmOsYHc9/zqVqNjrLoZR0qZa7QDBbDBvmA==", "user"=>{"email"=>"tu_papi@mail.com", "password"=>"[FILTERED]", "password_confirmation"=>"[FILTERED]", "profile_attributes"=>{"nombre"=>"soy tu", "apellido"=>"papi"}}, "commit"=>"Crear cuenta"}
Unpermitted parameter: :profile_attributes
  [1m[35m (0.1ms)[0m  [1m[36mbegin transaction[0m
  â†³ /home/juan/.rbenv/versions/2.5.1/lib/ruby/gems/2.5.0/gems/activerecord-5.2.1/lib/active_record/log_subscriber.rb:98
  [1m[36mUser Create (1.3ms)[0m  [1m[32mINSERT INTO "users" ("created_at", "updated_at") VALUES (?, ?)[0m  [["created_at", "2018-09-07 16:45:19.044118"], ["updated_at", "2018-09-07 16:45:19.044118"]]
  â†³ /home/juan/.rbenv/versions/2.5.1/lib/ruby/gems/2.5.0/gems/activerecord-5.2.1/lib/active_record/log_subscriber.rb:98
  [1m[35m (0.2ms)[0m  [1m[31mrollback transaction[0m
  â†³ /home/juan/.rbenv/versions/2.5.1/lib/ruby/gems/2.5.0/gems/activerecord-5.2.1/lib/active_record/log_subscriber.rb:98
Completed 500 Internal Server Error in 14ms (ActiveRecord: 1.7ms)


  
ActiveRecord::RecordNotUnique (SQLite3::ConstraintException: UNIQUE constraint failed: users.email: INSERT INTO "users" ("created_at", "updated_at") VALUES (?, ?)):
  
sqlite3 (1.3.13) lib/sqlite3/statement.rb:108:in `step'
sqlite3 (1.3.13) lib/sqlite3/statement.rb:108:in `block in each'
sqlite3 (1.3.13) lib/sqlite3/statement.rb:107:in `loop'
sqlite3 (1.3.13) lib/sqlite3/statement.rb:107:in `each'
activerecord (5.2.1) lib/active_record/connection_adapters/sqlite3_adapter.rb:222:in `to_a'
activerecord (5.2.1) lib/active_record/connection_adapters/sqlite3_adapter.rb:222:in `block (2 levels) in exec_query'
activesupport (5.2.1) lib/active_support/dependencies/interlock.rb:48:in `block in permit_concurrent_loads'
activesupport (5.2.1) lib/active_support/concurrency/share_lock.rb:187:in `yield_shares'
activesupport (5.2.1) lib/active_support/dependencies/interlock.rb:47:in `permit_concurrent_loads'
activerecord (5.2.1) lib/active_record/connection_adapters/sqlite3_adapter.rb:213:in `block in exec_query'
activerecord (5.2.1) lib/active_record/connection_adapters/abstract_adapter.rb:579:in `block (2 levels) in log'
/home/juan/.rbenv/versions/2.5.1/lib/ruby/2.5.0/monitor.rb:226:in `mon_synchronize'
activerecord (5.2.1) lib/active_record/connection_adapters/abstract_adapter.rb:578:in `block in log'
activesupport (5.2.1) lib/active_support/notifications/instrumenter.rb:23:in `instrument'
activerecord (5.2.1) lib/active_record/connection_adapters/abstract_adapter.rb:569:in `log'
activerecord (5.2.1) lib/active_record/connection_adapters/sqlite3_adapter.rb:212:in `exec_query'
activerecord (5.2.1) lib/active_record/connection_adapters/abstract/database_statements.rb:117:in `exec_insert'
activerecord (5.2.1) lib/active_record/connection_adapters/abstract/database_statements.rb:149:in `insert'
activerecord (5.2.1) lib/active_record/connection_adapters/abstract/query_cache.rb:21:in `insert'
activerecord (5.2.1) lib/active_record/persistence.rb:187:in `_insert_record'
activerecord (5.2.1) lib/active_record/persistence.rb:733:in `_create_record'
activerecord (5.2.1) lib/active_record/counter_cache.rb:184:in `_create_record'
activerecord (5.2.1) lib/active_record/locking/optimistic.rb:70:in `_create_record'
activerecord (5.2.1) lib/active_record/attribute_methods/dirty.rb:137:in `_create_record'
activerecord (5.2.1) lib/active_record/callbacks.rb:346:in `block in _create_record'
activesupport (5.2.1) lib/active_support/callbacks.rb:132:in `run_callbacks'
activesupport (5.2.1) lib/active_support/callbacks.rb:816:in `_run_create_callbacks'
activerecord (5.2.1) lib/active_record/callbacks.rb:346:in `_create_record'
activerecord (5.2.1) lib/active_record/timestamp.rb:102:in `_create_record'
activerecord (5.2.1) lib/active_record/persistence.rb:704:in `create_or_update'
activerecord (5.2.1) lib/active_record/callbacks.rb:342:in `block in create_or_update'
activesupport (5.2.1) lib/active_support/callbacks.rb:98:in `run_callbacks'
activesupport (5.2.1) lib/active_support/callbacks.rb:816:in `_run_save_callbacks'
activerecord (5.2.1) lib/active_record/callbacks.rb:342:in `create_or_update'
activerecord (5.2.1) lib/active_record/persistence.rb:275:in `save'
activerecord (5.2.1) lib/active_record/validations.rb:46:in `save'
activerecord (5.2.1) lib/active_record/transactions.rb:310:in `block (2 levels) in save'
activerecord (5.2.1) lib/active_record/transactions.rb:387:in `block in with_transaction_returning_status'
activerecord (5.2.1) lib/active_record/connection_adapters/abstract/database_statements.rb:254:in `block in transaction'
activerecord (5.2.1) lib/active_record/connection_adapters/abstract/transaction.rb:239:in `block in within_new_transaction'
/home/juan/.rbenv/versions/2.5.1/lib/ruby/2.5.0/monitor.rb:226:in `mon_synchronize'
activerecord (5.2.1) lib/active_record/connection_adapters/abstract/transaction.rb:236:in `within_new_transaction'
activerecord (5.2.1) lib/active_record/connection_adapters/abstract/database_statements.rb:254:in `transaction'
activerecord (5.2.1) lib/active_record/transactions.rb:212:in `transaction'
activerecord (5.2.1) lib/active_record/transactions.rb:385:in `with_transaction_returning_status'
activerecord (5.2.1) lib/active_record/transactions.rb:310:in `block in save'
activerecord (5.2.1) lib/active_record/transactions.rb:325:in `rollback_active_record_state!'
activerecord (5.2.1) lib/active_record/transactions.rb:309:in `save'
activerecord (5.2.1) lib/active_record/suppressor.rb:44:in `save'
devise (4.5.0) app/controllers/devise/registrations_controller.rb:19:in `create'
actionpack (5.2.1) lib/action_controller/metal/basic_implicit_render.rb:6:in `send_action'
actionpack (5.2.1) lib/abstract_controller/base.rb:194:in `process_action'
actionpack (5.2.1) lib/action_controller/metal/rendering.rb:30:in `process_action'
actionpack (5.2.1) lib/abstract_controller/callbacks.rb:42:in `block in process_action'
activesupport (5.2.1) lib/active_support/callbacks.rb:132:in `run_callbacks'
actionpack (5.2.1) lib/abstract_controller/callbacks.rb:41:in `process_action'
actionpack (5.2.1) lib/action_controller/metal/rescue.rb:22:in `process_action'
actionpack (5.2.1) lib/action_controller/metal/instrumentation.rb:34:in `block in process_action'
activesupport (5.2.1) lib/active_support/notifications.rb:168:in `block in instrument'
activesupport (5.2.1) lib/active_support/notifications/instrumenter.rb:23:in `instrument'
activesupport (5.2.1) lib/active_support/notifications.rb:168:in `instrument'
actionpack (5.2.1) lib/action_controller/metal/instrumentation.rb:32:in `process_action'
actionpack (5.2.1) lib/action_controller/metal/params_wrapper.rb:256:in `process_action'
activerecord (5.2.1) lib/active_record/railties/controller_runtime.rb:24:in `process_action'
actionpack (5.2.1) lib/abstract_controller/base.rb:134:in `process'
actionview (5.2.1) lib/action_view/rendering.rb:32:in `process'
actionpack (5.2.1) lib/action_controller/metal.rb:191:in `dispatch'
actionpack (5.2.1) lib/action_controller/metal.rb:252:in `dispatch'
actionpack (5.2.1) lib/action_dispatch/routing/route_set.rb:52:in `dispatch'
actionpack (5.2.1) lib/action_dispatch/routing/route_set.rb:34:in `serve'
actionpack (5.2.1) lib/action_dispatch/routing/mapper.rb:18:in `block in <class:Constraints>'
actionpack (5.2.1) lib/action_dispatch/routing/mapper.rb:48:in `serve'
actionpack (5.2.1) lib/action_dispatch/journey/router.rb:52:in `block in serve'
actionpack (5.2.1) lib/action_dispatch/journey/router.rb:35:in `each'
actionpack (5.2.1) lib/action_dispatch/journey/router.rb:35:in `serve'
actionpack (5.2.1) lib/action_dispatch/routing/route_set.rb:840:in `call'
warden (1.2.7) lib/warden/manager.rb:36:in `block in call'
warden (1.2.7) lib/warden/manager.rb:35:in `catch'
warden (1.2.7) lib/warden/manager.rb:35:in `call'
rack (2.0.5) lib/rack/tempfile_reaper.rb:15:in `call'
rack (2.0.5) lib/rack/etag.rb:25:in `call'
rack (2.0.5) lib/rack/conditional_get.rb:38:in `call'
rack (2.0.5) lib/rack/head.rb:12:in `call'
actionpack (5.2.1) lib/action_dispatch/http/content_security_policy.rb:18:in `call'
rack (2.0.5) lib/rack/session/abstract/id.rb:232:in `context'
rack (2.0.5) lib/rack/session/abstract/id.rb:226:in `call'
actionpack (5.2.1) lib/action_dispatch/middleware/cookies.rb:670:in `call'
activerecord (5.2.1) lib/active_record/migration.rb:559:in `call'
actionpack (5.2.1) lib/action_dispatch/middleware/callbacks.rb:28:in `block in call'
activesupport (5.2.1) lib/active_support/callbacks.rb:98:in `run_callbacks'
actionpack (5.2.1) lib/action_dispatch/middleware/callbacks.rb:26:in `call'
actionpack (5.2.1) lib/action_dispatch/middleware/executor.rb:14:in `call'
actionpack (5.2.1) lib/action_dispatch/middleware/debug_exceptions.rb:61:in `call'
web-console (3.7.0) lib/web_console/middleware.rb:135:in `call_app'
web-console (3.7.0) lib/web_console/middleware.rb:30:in `block in call'
web-console (3.7.0) lib/web_console/middleware.rb:20:in `catch'
web-console (3.7.0) lib/web_console/middleware.rb:20:in `call'
actionpack (5.2.1) lib/action_dispatch/middleware/show_exceptions.rb:33:in `call'
railties (5.2.1) lib/rails/rack/logger.rb:38:in `call_app'
railties (5.2.1) lib/rails/rack/logger.rb:26:in `block in call'
activesupport (5.2.1) lib/active_support/tagged_logging.rb:71:in `block in tagged'
activesupport (5.2.1) lib/active_support/tagged_logging.rb:28:in `tagged'
activesupport (5.2.1) lib/active_support/tagged_logging.rb:71:in `tagged'
railties (5.2.1) lib/rails/rack/logger.rb:26:in `call'
sprockets-rails (3.2.1) lib/sprockets/rails/quiet_assets.rb:13:in `call'
actionpack (5.2.1) lib/action_dispatch/middleware/remote_ip.rb:81:in `call'
actionpack (5.2.1) lib/action_dispatch/middleware/request_id.rb:27:in `call'
rack (2.0.5) lib/rack/method_override.rb:22:in `call'
rack (2.0.5) lib/rack/runtime.rb:22:in `call'
activesupport (5.2.1) lib/active_support/cache/strategy/local_cache_middleware.rb:29:in `call'
actionpack (5.2.1) lib/action_dispatch/middleware/executor.rb:14:in `call'
actionpack (5.2.1) lib/action_dispatch/middleware/static.rb:127:in `call'
rack (2.0.5) lib/rack/sendfile.rb:111:in `call'
railties (5.2.1) lib/rails/engine.rb:524:in `call'
puma (3.12.0) lib/puma/configuration.rb:225:in `call'
puma (3.12.0) lib/puma/server.rb:658:in `handle_request'
puma (3.12.0) lib/puma/server.rb:472:in `process_client'
puma (3.12.0) lib/puma/server.rb:332:in `block in run'
puma (3.12.0) lib/puma/thread_pool.rb:133:in `block in spawn_thread'
Started GET "/users/sign_in" for 127.0.0.1 at 2018-09-07 12:46:48 -0400
Processing by Devise::SessionsController#new as HTML
  Rendering devise/sessions/new.html.erb within layouts/application
  Rendered devise/shared/_links.html.erb (2.0ms)
  Rendered devise/sessions/new.html.erb within layouts/application (12.9ms)
Completed 200 OK in 59ms (Views: 56.6ms | ActiveRecord: 0.0ms)


Started POST "/users/sign_in" for 127.0.0.1 at 2018-09-07 12:46:56 -0400
Processing by Devise::SessionsController#create as HTML
  Parameters: {"utf8"=>"âœ“", "authenticity_token"=>"CKKAbCDsEaNeHlVKajw8VwvI4PrYvIhm4Lcap+HSs7SfiQ0Fakt59CJGhbOj8HX8iNfHlAUmRJpt3DJmTYdlfg==", "user"=>{"email"=>"tu_papi@mail.com", "password"=>"[FILTERED]", "remember_me"=>"0"}, "commit"=>"Log in"}
  [1m[36mUser Load (0.5ms)[0m  [1m[34mSELECT  "users".* FROM "users" WHERE "users"."email" = ? ORDER BY "users"."id" ASC LIMIT ?[0m  [["email", "tu_papi@mail.com"], ["LIMIT", 1]]
  â†³ /home/juan/.rbenv/versions/2.5.1/lib/ruby/gems/2.5.0/gems/activerecord-5.2.1/lib/active_record/log_subscriber.rb:98
Completed 401 Unauthorized in 102ms (ActiveRecord: 0.5ms)


Processing by Devise::SessionsController#new as HTML
  Parameters: {"utf8"=>"âœ“", "authenticity_token"=>"CKKAbCDsEaNeHlVKajw8VwvI4PrYvIhm4Lcap+HSs7SfiQ0Fakt59CJGhbOj8HX8iNfHlAUmRJpt3DJmTYdlfg==", "user"=>{"email"=>"tu_papi@mail.com", "password"=>"[FILTERED]", "remember_me"=>"0"}, "commit"=>"Log in"}
  Rendering devise/sessions/new.html.erb within layouts/application
  Rendered devise/shared/_links.html.erb (2.0ms)
  Rendered devise/sessions/new.html.erb within layouts/application (19.9ms)
Completed 200 OK in 63ms (Views: 61.1ms | ActiveRecord: 0.0ms)


Started POST "/users/sign_in" for 127.0.0.1 at 2018-09-07 12:47:08 -0400
Processing by Devise::SessionsController#create as HTML
  Parameters: {"utf8"=>"âœ“", "authenticity_token"=>"Isk4YMwyj1VWyGCk3BfYHjOjygGh6ZaZx5oL457O1NeIQtMlGy6c7JNyE4kMzt9qmgrC4QDuIGk/svUg7L1diQ==", "user"=>{"email"=>"tu_papi@mail.com", "password"=>"[FILTERED]", "remember_me"=>"0"}, "commit"=>"Log in"}
  [1m[36mUser Load (0.4ms)[0m  [1m[34mSELECT  "users".* FROM "users" WHERE "users"."email" = ? ORDER BY "users"."id" ASC LIMIT ?[0m  [["email", "tu_papi@mail.com"], ["LIMIT", 1]]
  â†³ /home/juan/.rbenv/versions/2.5.1/lib/ruby/gems/2.5.0/gems/activerecord-5.2.1/lib/active_record/log_subscriber.rb:98
Completed 401 Unauthorized in 3ms (ActiveRecord: 0.4ms)


Processing by Devise::SessionsController#new as HTML
  Parameters: {"utf8"=>"âœ“", "authenticity_token"=>"Isk4YMwyj1VWyGCk3BfYHjOjygGh6ZaZx5oL457O1NeIQtMlGy6c7JNyE4kMzt9qmgrC4QDuIGk/svUg7L1diQ==", "user"=>{"email"=>"tu_papi@mail.com", "password"=>"[FILTERED]", "remember_me"=>"0"}, "commit"=>"Log in"}
  Rendering devise/sessions/new.html.erb within layouts/application
  Rendered devise/shared/_links.html.erb (2.1ms)
  Rendered devise/sessions/new.html.erb within layouts/application (11.6ms)
Completed 200 OK in 72ms (Views: 70.3ms | ActiveRecord: 0.0ms)


  [1m[36mUser Load (17.5ms)[0m  [1m[34mSELECT  "users".* FROM "users" ORDER BY "users"."id" DESC LIMIT ?[0m  [["LIMIT", 1]]
Started POST "/users/sign_in" for 127.0.0.1 at 2018-09-07 12:48:02 -0400
Processing by Devise::SessionsController#create as HTML
  Parameters: {"utf8"=>"âœ“", "authenticity_token"=>"3a3YltWOHwAcAdANLcNrbroo6BVluxY0C+PrAuXG+Ix3JjPTApIMudm7oyD9GmwaE4Hg9cS8oMTzyxXBl7Vx0g==", "user"=>{"email"=>"hola@mail.com", "password"=>"[FILTERED]", "remember_me"=>"0"}, "commit"=>"Log in"}
  [1m[36mUser Load (0.4ms)[0m  [1m[34mSELECT  "users".* FROM "users" WHERE "users"."email" = ? ORDER BY "users"."id" ASC LIMIT ?[0m  [["email", "hola@mail.com"], ["LIMIT", 1]]
  â†³ /home/juan/.rbenv/versions/2.5.1/lib/ruby/gems/2.5.0/gems/activerecord-5.2.1/lib/active_record/log_subscriber.rb:98
Redirected to http://localhost:3000/
Completed 302 Found in 318ms (ActiveRecord: 0.4ms)


Started GET "/" for 127.0.0.1 at 2018-09-07 12:48:03 -0400
Processing by PrincipalController#index as HTML
  Rendering principal/index.html.erb within layouts/application
  Rendered principal/index.html.erb within layouts/application (0.6ms)
  [1m[36mUser Load (0.7ms)[0m  [1m[34mSELECT  "users".* FROM "users" WHERE "users"."id" = ? ORDER BY "users"."id" ASC LIMIT ?[0m  [["id", 2], ["LIMIT", 1]]
  â†³ app/views/layouts/application.html.erb:13
Completed 200 OK in 38ms (Views: 35.0ms | ActiveRecord: 0.7ms)


  [1m[36mProfile Load (0.5ms)[0m  [1m[34mSELECT  "profiles".* FROM "profiles" ORDER BY "profiles"."id" DESC LIMIT ?[0m  [["LIMIT", 1]]
  [1m[36mProfile Load (0.5ms)[0m  [1m[34mSELECT  "profiles".* FROM "profiles" LIMIT ?[0m  [["LIMIT", 11]]
Started DELETE "/users/sign_out" for 127.0.0.1 at 2018-09-07 12:52:37 -0400
  
NameError (uninitialized constant Devise::Models::Validatablez):
  
app/models/user.rb:4:in `<class:User>'
app/models/user.rb:1:in `<main>'
config/routes.rb:2:in `block in <main>'
config/routes.rb:1:in `<main>'
Started DELETE "/users/sign_out" for 127.0.0.1 at 2018-09-07 12:52:54 -0400
  
ActionController::RoutingError (No route matches [DELETE] "/users/sign_out"):
  
actionpack (5.2.1) lib/action_dispatch/middleware/debug_exceptions.rb:65:in `call'
web-console (3.7.0) lib/web_console/middleware.rb:135:in `call_app'
web-console (3.7.0) lib/web_console/middleware.rb:30:in `block in call'
web-console (3.7.0) lib/web_console/middleware.rb:20:in `catch'
web-console (3.7.0) lib/web_console/middleware.rb:20:in `call'
actionpack (5.2.1) lib/action_dispatch/middleware/show_exceptions.rb:33:in `call'
railties (5.2.1) lib/rails/rack/logger.rb:38:in `call_app'
railties (5.2.1) lib/rails/rack/logger.rb:26:in `block in call'
activesupport (5.2.1) lib/active_support/tagged_logging.rb:71:in `block in tagged'
activesupport (5.2.1) lib/active_support/tagged_logging.rb:28:in `tagged'
activesupport (5.2.1) lib/active_support/tagged_logging.rb:71:in `tagged'
railties (5.2.1) lib/rails/rack/logger.rb:26:in `call'
sprockets-rails (3.2.1) lib/sprockets/rails/quiet_assets.rb:13:in `call'
actionpack (5.2.1) lib/action_dispatch/middleware/remote_ip.rb:81:in `call'
actionpack (5.2.1) lib/action_dispatch/middleware/request_id.rb:27:in `call'
rack (2.0.5) lib/rack/method_override.rb:22:in `call'
rack (2.0.5) lib/rack/runtime.rb:22:in `call'
activesupport (5.2.1) lib/active_support/cache/strategy/local_cache_middleware.rb:29:in `call'
actionpack (5.2.1) lib/action_dispatch/middleware/executor.rb:14:in `call'
actionpack (5.2.1) lib/action_dispatch/middleware/static.rb:127:in `call'
rack (2.0.5) lib/rack/sendfile.rb:111:in `call'
railties (5.2.1) lib/rails/engine.rb:524:in `call'
puma (3.12.0) lib/puma/configuration.rb:225:in `call'
puma (3.12.0) lib/puma/server.rb:658:in `handle_request'
puma (3.12.0) lib/puma/server.rb:472:in `process_client'
puma (3.12.0) lib/puma/server.rb:332:in `block in run'
puma (3.12.0) lib/puma/thread_pool.rb:133:in `block in spawn_thread'
Started DELETE "/users/sign_out" for 127.0.0.1 at 2018-09-07 12:52:59 -0400
  
ActionController::RoutingError (No route matches [DELETE] "/users/sign_out"):
  
actionpack (5.2.1) lib/action_dispatch/middleware/debug_exceptions.rb:65:in `call'
web-console (3.7.0) lib/web_console/middleware.rb:135:in `call_app'
web-console (3.7.0) lib/web_console/middleware.rb:30:in `block in call'
web-console (3.7.0) lib/web_console/middleware.rb:20:in `catch'
web-console (3.7.0) lib/web_console/middleware.rb:20:in `call'
actionpack (5.2.1) lib/action_dispatch/middleware/show_exceptions.rb:33:in `call'
railties (5.2.1) lib/rails/rack/logger.rb:38:in `call_app'
railties (5.2.1) lib/rails/rack/logger.rb:26:in `block in call'
activesupport (5.2.1) lib/active_support/tagged_logging.rb:71:in `block in tagged'
activesupport (5.2.1) lib/active_support/tagged_logging.rb:28:in `tagged'
activesupport (5.2.1) lib/active_support/tagged_logging.rb:71:in `tagged'
railties (5.2.1) lib/rails/rack/logger.rb:26:in `call'
sprockets-rails (3.2.1) lib/sprockets/rails/quiet_assets.rb:13:in `call'
actionpack (5.2.1) lib/action_dispatch/middleware/remote_ip.rb:81:in `call'
actionpack (5.2.1) lib/action_dispatch/middleware/request_id.rb:27:in `call'
rack (2.0.5) lib/rack/method_override.rb:22:in `call'
rack (2.0.5) lib/rack/runtime.rb:22:in `call'
activesupport (5.2.1) lib/active_support/cache/strategy/local_cache_middleware.rb:29:in `call'
actionpack (5.2.1) lib/action_dispatch/middleware/executor.rb:14:in `call'
actionpack (5.2.1) lib/action_dispatch/middleware/static.rb:127:in `call'
rack (2.0.5) lib/rack/sendfile.rb:111:in `call'
railties (5.2.1) lib/rails/engine.rb:524:in `call'
puma (3.12.0) lib/puma/configuration.rb:225:in `call'
puma (3.12.0) lib/puma/server.rb:658:in `handle_request'
puma (3.12.0) lib/puma/server.rb:472:in `process_client'
puma (3.12.0) lib/puma/server.rb:332:in `block in run'
puma (3.12.0) lib/puma/thread_pool.rb:133:in `block in spawn_thread'
Started DELETE "/users/sign_out" for 127.0.0.1 at 2018-09-07 12:53:08 -0400
  
ActionController::RoutingError (No route matches [DELETE] "/users/sign_out"):
  
actionpack (5.2.1) lib/action_dispatch/middleware/debug_exceptions.rb:65:in `call'
web-console (3.7.0) lib/web_console/middleware.rb:135:in `call_app'
web-console (3.7.0) lib/web_console/middleware.rb:30:in `block in call'
web-console (3.7.0) lib/web_console/middleware.rb:20:in `catch'
web-console (3.7.0) lib/web_console/middleware.rb:20:in `call'
actionpack (5.2.1) lib/action_dispatch/middleware/show_exceptions.rb:33:in `call'
railties (5.2.1) lib/rails/rack/logger.rb:38:in `call_app'
railties (5.2.1) lib/rails/rack/logger.rb:26:in `block in call'
activesupport (5.2.1) lib/active_support/tagged_logging.rb:71:in `block in tagged'
activesupport (5.2.1) lib/active_support/tagged_logging.rb:28:in `tagged'
activesupport (5.2.1) lib/active_support/tagged_logging.rb:71:in `tagged'
railties (5.2.1) lib/rails/rack/logger.rb:26:in `call'
sprockets-rails (3.2.1) lib/sprockets/rails/quiet_assets.rb:13:in `call'
actionpack (5.2.1) lib/action_dispatch/middleware/remote_ip.rb:81:in `call'
actionpack (5.2.1) lib/action_dispatch/middleware/request_id.rb:27:in `call'
rack (2.0.5) lib/rack/method_override.rb:22:in `call'
rack (2.0.5) lib/rack/runtime.rb:22:in `call'
activesupport (5.2.1) lib/active_support/cache/strategy/local_cache_middleware.rb:29:in `call'
actionpack (5.2.1) lib/action_dispatch/middleware/executor.rb:14:in `call'
actionpack (5.2.1) lib/action_dispatch/middleware/static.rb:127:in `call'
rack (2.0.5) lib/rack/sendfile.rb:111:in `call'
railties (5.2.1) lib/rails/engine.rb:524:in `call'
puma (3.12.0) lib/puma/configuration.rb:225:in `call'
puma (3.12.0) lib/puma/server.rb:658:in `handle_request'
puma (3.12.0) lib/puma/server.rb:472:in `process_client'
puma (3.12.0) lib/puma/server.rb:332:in `block in run'
puma (3.12.0) lib/puma/thread_pool.rb:133:in `block in spawn_thread'
Started GET "/" for 127.0.0.1 at 2018-09-07 12:53:27 -0400
  
NameError (uninitialized constant Devise::Models::Validatablez):
  
app/models/user.rb:4:in `<class:User>'
app/models/user.rb:1:in `<main>'
config/routes.rb:2:in `block in <main>'
config/routes.rb:1:in `<main>'
Started GET "/" for 127.0.0.1 at 2018-09-07 12:54:11 -0400
Processing by PrincipalController#index as HTML
  Rendering principal/index.html.erb within layouts/application
  Rendered principal/index.html.erb within layouts/application (0.6ms)
  [1m[36mUser Load (0.4ms)[0m  [1m[34mSELECT  "users".* FROM "users" WHERE "users"."id" = ? ORDER BY "users"."id" ASC LIMIT ?[0m  [["id", 2], ["LIMIT", 1]]
  â†³ app/views/layouts/application.html.erb:13
Completed 200 OK in 73ms (Views: 67.4ms | ActiveRecord: 2.2ms)


Started DELETE "/users/sign_out" for 127.0.0.1 at 2018-09-07 12:54:13 -0400
Processing by Devise::SessionsController#destroy as HTML
  Parameters: {"authenticity_token"=>"u0uxcoUSLyTxun14Ejhyw6AsCalo8IvigJ234GFzv+eS9YD793n19K0jksJSa8uucttlVvHZ4gJnnDZcawuGnA=="}
  [1m[36mUser Load (0.6ms)[0m  [1m[34mSELECT  "users".* FROM "users" WHERE "users"."id" = ? ORDER BY "users"."id" ASC LIMIT ?[0m  [["id", 2], ["LIMIT", 1]]
  â†³ /home/juan/.rbenv/versions/2.5.1/lib/ruby/gems/2.5.0/gems/activerecord-5.2.1/lib/active_record/log_subscriber.rb:98
  [1m[35m (0.1ms)[0m  [1m[36mbegin transaction[0m
  â†³ /home/juan/.rbenv/versions/2.5.1/lib/ruby/gems/2.5.0/gems/activerecord-5.2.1/lib/active_record/log_subscriber.rb:98
  [1m[35m (0.1ms)[0m  [1m[36mcommit transaction[0m
  â†³ /home/juan/.rbenv/versions/2.5.1/lib/ruby/gems/2.5.0/gems/activerecord-5.2.1/lib/active_record/log_subscriber.rb:98
Redirected to http://localhost:3000/
Completed 302 Found in 9ms (ActiveRecord: 0.9ms)


Started GET "/" for 127.0.0.1 at 2018-09-07 12:54:13 -0400
Processing by PrincipalController#index as HTML
  Rendering principal/index.html.erb within layouts/application
  Rendered principal/index.html.erb within layouts/application (0.6ms)
Completed 200 OK in 37ms (Views: 35.7ms | ActiveRecord: 0.0ms)


Started GET "/users/sign_up" for 127.0.0.1 at 2018-09-07 12:54:20 -0400
Processing by Devise::RegistrationsController#new as HTML
  Rendering devise/registrations/new.html.erb within layouts/application
  Rendered devise/shared/_links.html.erb (2.1ms)
  Rendered devise/registrations/new.html.erb within layouts/application (28.8ms)
Completed 200 OK in 66ms (Views: 63.0ms | ActiveRecord: 1.5ms)


Started GET "/users/sign_in" for 127.0.0.1 at 2018-09-07 12:54:47 -0400
Processing by Devise::SessionsController#new as HTML
  Rendering devise/sessions/new.html.erb within layouts/application
  Rendered devise/shared/_links.html.erb (1.9ms)
  Rendered devise/sessions/new.html.erb within layouts/application (10.8ms)
Completed 200 OK in 59ms (Views: 56.4ms | ActiveRecord: 0.0ms)


Started POST "/users" for 127.0.0.1 at 2018-09-07 12:54:52 -0400
Processing by Devise::RegistrationsController#create as HTML
  Parameters: {"utf8"=>"âœ“", "authenticity_token"=>"vDsgDpTw0cJ5zRGLv4Uw+tMo0JvLS45AZkT67Y+9Xti1CHjRCV72v+C4jdn94x408Si4Y8pAklmAlzmUlqwAkQ==", "user"=>{"email"=>"tu_papi@mail.com", "password"=>"[FILTERED]", "password_confirmation"=>"[FILTERED]", "profile_attributes"=>{"nombre"=>"soy tu", "apellido"=>"papi"}}, "commit"=>"Crear cuenta"}
Unpermitted parameter: :profile_attributes
  [1m[35m (0.1ms)[0m  [1m[36mbegin transaction[0m
  â†³ /home/juan/.rbenv/versions/2.5.1/lib/ruby/gems/2.5.0/gems/activerecord-5.2.1/lib/active_record/log_subscriber.rb:98
  [1m[36mUser Exists (0.3ms)[0m  [1m[34mSELECT  1 AS one FROM "users" WHERE "users"."email" = ? LIMIT ?[0m  [["email", "tu_papi@mail.com"], ["LIMIT", 1]]
  â†³ /home/juan/.rbenv/versions/2.5.1/lib/ruby/gems/2.5.0/gems/activerecord-5.2.1/lib/active_record/log_subscriber.rb:98
  [1m[36mUser Create (13.3ms)[0m  [1m[32mINSERT INTO "users" ("email", "encrypted_password", "created_at", "updated_at") VALUES (?, ?, ?, ?)[0m  [["email", "tu_papi@mail.com"], ["encrypted_password", "$2a$11$7Y0Gj8HsBV4Vuh74q3Ia8u45uVjoesLlB2ELFJbj4osbxwgQ3HoGu"], ["created_at", "2018-09-07 16:54:52.613086"], ["updated_at", "2018-09-07 16:54:52.613086"]]
  â†³ /home/juan/.rbenv/versions/2.5.1/lib/ruby/gems/2.5.0/gems/activerecord-5.2.1/lib/active_record/log_subscriber.rb:98
  [1m[35m (71.0ms)[0m  [1m[36mcommit transaction[0m
  â†³ /home/juan/.rbenv/versions/2.5.1/lib/ruby/gems/2.5.0/gems/activerecord-5.2.1/lib/active_record/log_subscriber.rb:98
Redirected to http://localhost:3000/
Completed 302 Found in 332ms (ActiveRecord: 84.7ms)


Started GET "/" for 127.0.0.1 at 2018-09-07 12:54:52 -0400
Processing by PrincipalController#index as HTML
  Rendering principal/index.html.erb within layouts/application
  Rendered principal/index.html.erb within layouts/application (0.6ms)
  [1m[36mUser Load (0.4ms)[0m  [1m[34mSELECT  "users".* FROM "users" WHERE "users"."id" = ? ORDER BY "users"."id" ASC LIMIT ?[0m  [["id", 4], ["LIMIT", 1]]
  â†³ app/views/layouts/application.html.erb:13
Completed 200 OK in 44ms (Views: 41.9ms | ActiveRecord: 0.4ms)


  [1m[36mUser Load (0.4ms)[0m  [1m[34mSELECT  "users".* FROM "users" ORDER BY "users"."id" DESC LIMIT ?[0m  [["LIMIT", 1]]
  [1m[36mProfile Load (0.3ms)[0m  [1m[34mSELECT  "profiles".* FROM "profiles" ORDER BY "profiles"."id" DESC LIMIT ?[0m  [["LIMIT", 1]]
  [1m[36mProfile Load (0.3ms)[0m  [1m[34mSELECT  "profiles".* FROM "profiles" ORDER BY "profiles"."id" DESC LIMIT ?[0m  [["LIMIT", 1]]
Started DELETE "/users/sign_out" for 127.0.0.1 at 2018-09-07 12:56:31 -0400
Processing by Devise::SessionsController#destroy as HTML
  Parameters: {"authenticity_token"=>"pm2FyJP++HCxQh6BhoUMV9HcuYYTt/OZUXb/v6yJckBHTt54aA2zcli8Q/OOhy/IXVsO5cPQ4g4XpmFsRFh+Tw=="}
  [1m[36mUser Load (0.5ms)[0m  [1m[34mSELECT  "users".* FROM "users" WHERE "users"."id" = ? ORDER BY "users"."id" ASC LIMIT ?[0m  [["id", 4], ["LIMIT", 1]]
  â†³ /home/juan/.rbenv/versions/2.5.1/lib/ruby/gems/2.5.0/gems/activerecord-5.2.1/lib/active_record/log_subscriber.rb:98
  [1m[35m (0.1ms)[0m  [1m[36mbegin transaction[0m
  â†³ /home/juan/.rbenv/versions/2.5.1/lib/ruby/gems/2.5.0/gems/activerecord-5.2.1/lib/active_record/log_subscriber.rb:98
  [1m[35m (0.2ms)[0m  [1m[36mcommit transaction[0m
  â†³ /home/juan/.rbenv/versions/2.5.1/lib/ruby/gems/2.5.0/gems/activerecord-5.2.1/lib/active_record/log_subscriber.rb:98
Redirected to http://localhost:3000/
Completed 302 Found in 16ms (ActiveRecord: 0.8ms)


Started GET "/" for 127.0.0.1 at 2018-09-07 12:56:31 -0400
Processing by PrincipalController#index as HTML
  Rendering principal/index.html.erb within layouts/application
  Rendered principal/index.html.erb within layouts/application (0.6ms)
Completed 200 OK in 50ms (Views: 46.6ms | ActiveRecord: 0.0ms)


Started GET "/" for 127.0.0.1 at 2018-09-07 12:56:34 -0400
Processing by PrincipalController#index as HTML
  Rendering principal/index.html.erb within layouts/application
  Rendered principal/index.html.erb within layouts/application (0.6ms)
Completed 200 OK in 61ms (Views: 59.8ms | ActiveRecord: 0.0ms)


  [1m[35m (0.5ms)[0m  [1m[34mSELECT "schema_migrations"."version" FROM "schema_migrations" ORDER BY "schema_migrations"."version" ASC[0m
  â†³ /home/juan/.rbenv/versions/2.5.1/bin/rake:23
Migrating to CreateTransactions (20180907170941)
  [1m[35m (0.1ms)[0m  [1m[36mbegin transaction[0m
  â†³ /home/juan/.rbenv/versions/2.5.1/bin/rake:23
  [1m[35m (0.2ms)[0m  [1m[31mrollback transaction[0m
  â†³ /home/juan/.rbenv/versions/2.5.1/bin/rake:23
  [1m[35m (11.4ms)[0m  [1m[34mSELECT "schema_migrations"."version" FROM "schema_migrations" ORDER BY "schema_migrations"."version" ASC[0m
  â†³ /home/juan/.rbenv/versions/2.5.1/bin/rake:23
Migrating to CreateTransactions (20180907170941)
  [1m[35m (0.1ms)[0m  [1m[36mbegin transaction[0m
  â†³ /home/juan/.rbenv/versions/2.5.1/bin/rake:23
  [1m[35m (0.3ms)[0m  [1m[34mSELECT sqlite_version(*)[0m
  â†³ db/migrate/20180907170941_create_transactions.rb:3
  [1m[35m (9.3ms)[0m  [1m[35mCREATE TABLE "transactions" ("id" integer PRIMARY KEY AUTOINCREMENT NOT NULL, "ingreso" integer, "retiro" integer, "dinero_disponible" integer, "created_at" datetime NOT NULL, "updated_at" datetime NOT NULL)[0m
  â†³ db/migrate/20180907170941_create_transactions.rb:3
  [1m[36mActiveRecord::SchemaMigration Create (1.5ms)[0m  [1m[32mINSERT INTO "schema_migrations" ("version") VALUES (?)[0m  [["version", "20180907170941"]]
  â†³ /home/juan/.rbenv/versions/2.5.1/bin/rake:23
  [1m[35m (118.8ms)[0m  [1m[36mcommit transaction[0m
  â†³ /home/juan/.rbenv/versions/2.5.1/bin/rake:23
  [1m[36mActiveRecord::InternalMetadata Load (0.5ms)[0m  [1m[34mSELECT  "ar_internal_metadata".* FROM "ar_internal_metadata" WHERE "ar_internal_metadata"."key" = ? LIMIT ?[0m  [["key", "environment"], ["LIMIT", 1]]
  â†³ /home/juan/.rbenv/versions/2.5.1/bin/rake:23
  [1m[35m (0.2ms)[0m  [1m[36mbegin transaction[0m
  â†³ /home/juan/.rbenv/versions/2.5.1/bin/rake:23
  [1m[35m (0.1ms)[0m  [1m[36mcommit transaction[0m
  â†³ /home/juan/.rbenv/versions/2.5.1/bin/rake:23
  [1m[35m (0.3ms)[0m  [1m[34mSELECT "schema_migrations"."version" FROM "schema_migrations" ORDER BY "schema_migrations"."version" ASC[0m
  â†³ /home/juan/.rbenv/versions/2.5.1/bin/rake:23
Started GET "/users/sign_up" for 127.0.0.1 at 2018-09-07 13:32:59 -0400
  [1m[35m (0.3ms)[0m  [1m[34mSELECT "schema_migrations"."version" FROM "schema_migrations" ORDER BY "schema_migrations"."version" ASC[0m
  â†³ /home/juan/.rbenv/versions/2.5.1/lib/ruby/gems/2.5.0/gems/activerecord-5.2.1/lib/active_record/log_subscriber.rb:98
  
RuntimeError (Circular dependency detected while autoloading constant Devise::RegistrationsController):
  
app/controllers/devise/registrations_controller.rb:3:in `<main>'
Started GET "/users/sign_up" for 127.0.0.1 at 2018-09-07 13:37:11 -0400
  
RuntimeError (Circular dependency detected while autoloading constant Devise::RegistrationsController):
  
app/controllers/devise/registrations_controller.rb:3:in `<main>'
Started GET "/users/sign_up" for 127.0.0.1 at 2018-09-07 13:37:16 -0400
  
RuntimeError (Circular dependency detected while autoloading constant Devise::RegistrationsController):
  
app/controllers/devise/registrations_controller.rb:3:in `<main>'
Started GET "/users/sign_up" for 127.0.0.1 at 2018-09-07 13:48:44 -0400
  
NoMethodError (undefined method `attr_accessible' for User (call 'User.connection' to establish a connection):Class
Did you mean?  attr_accessor):
  
app/models/user.rb:6:in `<class:User>'
app/models/user.rb:1:in `<main>'
config/routes.rb:2:in `block in <main>'
config/routes.rb:1:in `<main>'
Started GET "/users/sign_up" for 127.0.0.1 at 2018-09-07 13:49:08 -0400
  
NoMethodError (undefined method `attr_accessible' for User (call 'User.connection' to establish a connection):Class
Did you mean?  attr_accessor):
  
app/models/user.rb:6:in `<class:User>'
app/models/user.rb:1:in `<main>'
config/routes.rb:2:in `block in <main>'
config/routes.rb:1:in `<main>'
Started GET "/users/sign_up" for 127.0.0.1 at 2018-09-07 13:49:15 -0400
  
ActionController::RoutingError (No route matches [GET] "/users/sign_up"):
  
actionpack (5.2.1) lib/action_dispatch/middleware/debug_exceptions.rb:65:in `call'
web-console (3.7.0) lib/web_console/middleware.rb:135:in `call_app'
web-console (3.7.0) lib/web_console/middleware.rb:30:in `block in call'
web-console (3.7.0) lib/web_console/middleware.rb:20:in `catch'
web-console (3.7.0) lib/web_console/middleware.rb:20:in `call'
actionpack (5.2.1) lib/action_dispatch/middleware/show_exceptions.rb:33:in `call'
railties (5.2.1) lib/rails/rack/logger.rb:38:in `call_app'
railties (5.2.1) lib/rails/rack/logger.rb:26:in `block in call'
activesupport (5.2.1) lib/active_support/tagged_logging.rb:71:in `block in tagged'
activesupport (5.2.1) lib/active_support/tagged_logging.rb:28:in `tagged'
activesupport (5.2.1) lib/active_support/tagged_logging.rb:71:in `tagged'
railties (5.2.1) lib/rails/rack/logger.rb:26:in `call'
sprockets-rails (3.2.1) lib/sprockets/rails/quiet_assets.rb:13:in `call'
actionpack (5.2.1) lib/action_dispatch/middleware/remote_ip.rb:81:in `call'
actionpack (5.2.1) lib/action_dispatch/middleware/request_id.rb:27:in `call'
rack (2.0.5) lib/rack/method_override.rb:22:in `call'
rack (2.0.5) lib/rack/runtime.rb:22:in `call'
activesupport (5.2.1) lib/active_support/cache/strategy/local_cache_middleware.rb:29:in `call'
actionpack (5.2.1) lib/action_dispatch/middleware/executor.rb:14:in `call'
actionpack (5.2.1) lib/action_dispatch/middleware/static.rb:127:in `call'
rack (2.0.5) lib/rack/sendfile.rb:111:in `call'
railties (5.2.1) lib/rails/engine.rb:524:in `call'
puma (3.12.0) lib/puma/configuration.rb:225:in `call'
puma (3.12.0) lib/puma/server.rb:658:in `handle_request'
puma (3.12.0) lib/puma/server.rb:472:in `process_client'
puma (3.12.0) lib/puma/server.rb:332:in `block in run'
puma (3.12.0) lib/puma/thread_pool.rb:133:in `block in spawn_thread'
Started GET "/users/sign_up" for 127.0.0.1 at 2018-09-07 13:49:39 -0400
  
NoMethodError (undefined method `attr_accessible' for User (call 'User.connection' to establish a connection):Class
Did you mean?  attr_accessor):
  
app/models/user.rb:6:in `<class:User>'
app/models/user.rb:1:in `<main>'
config/routes.rb:2:in `block in <main>'
config/routes.rb:1:in `<main>'
Started GET "/users/sign_up" for 127.0.0.1 at 2018-09-07 13:49:47 -0400
  
ActionController::RoutingError (No route matches [GET] "/users/sign_up"):
  
actionpack (5.2.1) lib/action_dispatch/middleware/debug_exceptions.rb:65:in `call'
web-console (3.7.0) lib/web_console/middleware.rb:135:in `call_app'
web-console (3.7.0) lib/web_console/middleware.rb:30:in `block in call'
web-console (3.7.0) lib/web_console/middleware.rb:20:in `catch'
web-console (3.7.0) lib/web_console/middleware.rb:20:in `call'
actionpack (5.2.1) lib/action_dispatch/middleware/show_exceptions.rb:33:in `call'
railties (5.2.1) lib/rails/rack/logger.rb:38:in `call_app'
railties (5.2.1) lib/rails/rack/logger.rb:26:in `block in call'
activesupport (5.2.1) lib/active_support/tagged_logging.rb:71:in `block in tagged'
activesupport (5.2.1) lib/active_support/tagged_logging.rb:28:in `tagged'
activesupport (5.2.1) lib/active_support/tagged_logging.rb:71:in `tagged'
railties (5.2.1) lib/rails/rack/logger.rb:26:in `call'
sprockets-rails (3.2.1) lib/sprockets/rails/quiet_assets.rb:13:in `call'
actionpack (5.2.1) lib/action_dispatch/middleware/remote_ip.rb:81:in `call'
actionpack (5.2.1) lib/action_dispatch/middleware/request_id.rb:27:in `call'
rack (2.0.5) lib/rack/method_override.rb:22:in `call'
rack (2.0.5) lib/rack/runtime.rb:22:in `call'
activesupport (5.2.1) lib/active_support/cache/strategy/local_cache_middleware.rb:29:in `call'
actionpack (5.2.1) lib/action_dispatch/middleware/executor.rb:14:in `call'
actionpack (5.2.1) lib/action_dispatch/middleware/static.rb:127:in `call'
rack (2.0.5) lib/rack/sendfile.rb:111:in `call'
railties (5.2.1) lib/rails/engine.rb:524:in `call'
puma (3.12.0) lib/puma/configuration.rb:225:in `call'
puma (3.12.0) lib/puma/server.rb:658:in `handle_request'
puma (3.12.0) lib/puma/server.rb:472:in `process_client'
puma (3.12.0) lib/puma/server.rb:332:in `block in run'
puma (3.12.0) lib/puma/thread_pool.rb:133:in `block in spawn_thread'
Started GET "/users/sign_up" for 127.0.0.1 at 2018-09-07 13:49:49 -0400
  
ActionController::RoutingError (No route matches [GET] "/users/sign_up"):
  
actionpack (5.2.1) lib/action_dispatch/middleware/debug_exceptions.rb:65:in `call'
web-console (3.7.0) lib/web_console/middleware.rb:135:in `call_app'
web-console (3.7.0) lib/web_console/middleware.rb:30:in `block in call'
web-console (3.7.0) lib/web_console/middleware.rb:20:in `catch'
web-console (3.7.0) lib/web_console/middleware.rb:20:in `call'
actionpack (5.2.1) lib/action_dispatch/middleware/show_exceptions.rb:33:in `call'
railties (5.2.1) lib/rails/rack/logger.rb:38:in `call_app'
railties (5.2.1) lib/rails/rack/logger.rb:26:in `block in call'
activesupport (5.2.1) lib/active_support/tagged_logging.rb:71:in `block in tagged'
activesupport (5.2.1) lib/active_support/tagged_logging.rb:28:in `tagged'
activesupport (5.2.1) lib/active_support/tagged_logging.rb:71:in `tagged'
railties (5.2.1) lib/rails/rack/logger.rb:26:in `call'
sprockets-rails (3.2.1) lib/sprockets/rails/quiet_assets.rb:13:in `call'
actionpack (5.2.1) lib/action_dispatch/middleware/remote_ip.rb:81:in `call'
actionpack (5.2.1) lib/action_dispatch/middleware/request_id.rb:27:in `call'
rack (2.0.5) lib/rack/method_override.rb:22:in `call'
rack (2.0.5) lib/rack/runtime.rb:22:in `call'
activesupport (5.2.1) lib/active_support/cache/strategy/local_cache_middleware.rb:29:in `call'
actionpack (5.2.1) lib/action_dispatch/middleware/executor.rb:14:in `call'
actionpack (5.2.1) lib/action_dispatch/middleware/static.rb:127:in `call'
rack (2.0.5) lib/rack/sendfile.rb:111:in `call'
railties (5.2.1) lib/rails/engine.rb:524:in `call'
puma (3.12.0) lib/puma/configuration.rb:225:in `call'
puma (3.12.0) lib/puma/server.rb:658:in `handle_request'
puma (3.12.0) lib/puma/server.rb:472:in `process_client'
puma (3.12.0) lib/puma/server.rb:332:in `block in run'
puma (3.12.0) lib/puma/thread_pool.rb:133:in `block in spawn_thread'
Started GET "/" for 127.0.0.1 at 2018-09-07 13:49:53 -0400
  
ActionController::RoutingError (No route matches [GET] "/"):
  
actionpack (5.2.1) lib/action_dispatch/middleware/debug_exceptions.rb:65:in `call'
web-console (3.7.0) lib/web_console/middleware.rb:135:in `call_app'
web-console (3.7.0) lib/web_console/middleware.rb:30:in `block in call'
web-console (3.7.0) lib/web_console/middleware.rb:20:in `catch'
web-console (3.7.0) lib/web_console/middleware.rb:20:in `call'
actionpack (5.2.1) lib/action_dispatch/middleware/show_exceptions.rb:33:in `call'
railties (5.2.1) lib/rails/rack/logger.rb:38:in `call_app'
railties (5.2.1) lib/rails/rack/logger.rb:26:in `block in call'
activesupport (5.2.1) lib/active_support/tagged_logging.rb:71:in `block in tagged'
activesupport (5.2.1) lib/active_support/tagged_logging.rb:28:in `tagged'
activesupport (5.2.1) lib/active_support/tagged_logging.rb:71:in `tagged'
railties (5.2.1) lib/rails/rack/logger.rb:26:in `call'
sprockets-rails (3.2.1) lib/sprockets/rails/quiet_assets.rb:13:in `call'
actionpack (5.2.1) lib/action_dispatch/middleware/remote_ip.rb:81:in `call'
actionpack (5.2.1) lib/action_dispatch/middleware/request_id.rb:27:in `call'
rack (2.0.5) lib/rack/method_override.rb:22:in `call'
rack (2.0.5) lib/rack/runtime.rb:22:in `call'
activesupport (5.2.1) lib/active_support/cache/strategy/local_cache_middleware.rb:29:in `call'
actionpack (5.2.1) lib/action_dispatch/middleware/executor.rb:14:in `call'
actionpack (5.2.1) lib/action_dispatch/middleware/static.rb:127:in `call'
rack (2.0.5) lib/rack/sendfile.rb:111:in `call'
railties (5.2.1) lib/rails/engine.rb:524:in `call'
puma (3.12.0) lib/puma/configuration.rb:225:in `call'
puma (3.12.0) lib/puma/server.rb:658:in `handle_request'
puma (3.12.0) lib/puma/server.rb:472:in `process_client'
puma (3.12.0) lib/puma/server.rb:332:in `block in run'
puma (3.12.0) lib/puma/thread_pool.rb:133:in `block in spawn_thread'
Started GET "/" for 127.0.0.1 at 2018-09-07 13:49:57 -0400
  
ActionController::RoutingError (No route matches [GET] "/"):
  
actionpack (5.2.1) lib/action_dispatch/middleware/debug_exceptions.rb:65:in `call'
web-console (3.7.0) lib/web_console/middleware.rb:135:in `call_app'
web-console (3.7.0) lib/web_console/middleware.rb:30:in `block in call'
web-console (3.7.0) lib/web_console/middleware.rb:20:in `catch'
web-console (3.7.0) lib/web_console/middleware.rb:20:in `call'
actionpack (5.2.1) lib/action_dispatch/middleware/show_exceptions.rb:33:in `call'
railties (5.2.1) lib/rails/rack/logger.rb:38:in `call_app'
railties (5.2.1) lib/rails/rack/logger.rb:26:in `block in call'
activesupport (5.2.1) lib/active_support/tagged_logging.rb:71:in `block in tagged'
activesupport (5.2.1) lib/active_support/tagged_logging.rb:28:in `tagged'
activesupport (5.2.1) lib/active_support/tagged_logging.rb:71:in `tagged'
railties (5.2.1) lib/rails/rack/logger.rb:26:in `call'
sprockets-rails (3.2.1) lib/sprockets/rails/quiet_assets.rb:13:in `call'
actionpack (5.2.1) lib/action_dispatch/middleware/remote_ip.rb:81:in `call'
actionpack (5.2.1) lib/action_dispatch/middleware/request_id.rb:27:in `call'
rack (2.0.5) lib/rack/method_override.rb:22:in `call'
rack (2.0.5) lib/rack/runtime.rb:22:in `call'
activesupport (5.2.1) lib/active_support/cache/strategy/local_cache_middleware.rb:29:in `call'
actionpack (5.2.1) lib/action_dispatch/middleware/executor.rb:14:in `call'
actionpack (5.2.1) lib/action_dispatch/middleware/static.rb:127:in `call'
rack (2.0.5) lib/rack/sendfile.rb:111:in `call'
railties (5.2.1) lib/rails/engine.rb:524:in `call'
puma (3.12.0) lib/puma/configuration.rb:225:in `call'
puma (3.12.0) lib/puma/server.rb:658:in `handle_request'
puma (3.12.0) lib/puma/server.rb:472:in `process_client'
puma (3.12.0) lib/puma/server.rb:332:in `block in run'
puma (3.12.0) lib/puma/thread_pool.rb:133:in `block in spawn_thread'
Started GET "/" for 127.0.0.1 at 2018-09-07 13:49:59 -0400
  
ActionController::RoutingError (No route matches [GET] "/"):
  
actionpack (5.2.1) lib/action_dispatch/middleware/debug_exceptions.rb:65:in `call'
web-console (3.7.0) lib/web_console/middleware.rb:135:in `call_app'
web-console (3.7.0) lib/web_console/middleware.rb:30:in `block in call'
web-console (3.7.0) lib/web_console/middleware.rb:20:in `catch'
web-console (3.7.0) lib/web_console/middleware.rb:20:in `call'
actionpack (5.2.1) lib/action_dispatch/middleware/show_exceptions.rb:33:in `call'
railties (5.2.1) lib/rails/rack/logger.rb:38:in `call_app'
railties (5.2.1) lib/rails/rack/logger.rb:26:in `block in call'
activesupport (5.2.1) lib/active_support/tagged_logging.rb:71:in `block in tagged'
activesupport (5.2.1) lib/active_support/tagged_logging.rb:28:in `tagged'
activesupport (5.2.1) lib/active_support/tagged_logging.rb:71:in `tagged'
railties (5.2.1) lib/rails/rack/logger.rb:26:in `call'
sprockets-rails (3.2.1) lib/sprockets/rails/quiet_assets.rb:13:in `call'
actionpack (5.2.1) lib/action_dispatch/middleware/remote_ip.rb:81:in `call'
actionpack (5.2.1) lib/action_dispatch/middleware/request_id.rb:27:in `call'
rack (2.0.5) lib/rack/method_override.rb:22:in `call'
rack (2.0.5) lib/rack/runtime.rb:22:in `call'
activesupport (5.2.1) lib/active_support/cache/strategy/local_cache_middleware.rb:29:in `call'
actionpack (5.2.1) lib/action_dispatch/middleware/executor.rb:14:in `call'
actionpack (5.2.1) lib/action_dispatch/middleware/static.rb:127:in `call'
rack (2.0.5) lib/rack/sendfile.rb:111:in `call'
railties (5.2.1) lib/rails/engine.rb:524:in `call'
puma (3.12.0) lib/puma/configuration.rb:225:in `call'
puma (3.12.0) lib/puma/server.rb:658:in `handle_request'
puma (3.12.0) lib/puma/server.rb:472:in `process_client'
puma (3.12.0) lib/puma/server.rb:332:in `block in run'
puma (3.12.0) lib/puma/thread_pool.rb:133:in `block in spawn_thread'
Started GET "/users/sign_up" for 127.0.0.1 at 2018-09-07 13:50:06 -0400
  
ActionController::RoutingError (No route matches [GET] "/users/sign_up"):
  
actionpack (5.2.1) lib/action_dispatch/middleware/debug_exceptions.rb:65:in `call'
web-console (3.7.0) lib/web_console/middleware.rb:135:in `call_app'
web-console (3.7.0) lib/web_console/middleware.rb:30:in `block in call'
web-console (3.7.0) lib/web_console/middleware.rb:20:in `catch'
web-console (3.7.0) lib/web_console/middleware.rb:20:in `call'
actionpack (5.2.1) lib/action_dispatch/middleware/show_exceptions.rb:33:in `call'
railties (5.2.1) lib/rails/rack/logger.rb:38:in `call_app'
railties (5.2.1) lib/rails/rack/logger.rb:26:in `block in call'
activesupport (5.2.1) lib/active_support/tagged_logging.rb:71:in `block in tagged'
activesupport (5.2.1) lib/active_support/tagged_logging.rb:28:in `tagged'
activesupport (5.2.1) lib/active_support/tagged_logging.rb:71:in `tagged'
railties (5.2.1) lib/rails/rack/logger.rb:26:in `call'
sprockets-rails (3.2.1) lib/sprockets/rails/quiet_assets.rb:13:in `call'
actionpack (5.2.1) lib/action_dispatch/middleware/remote_ip.rb:81:in `call'
actionpack (5.2.1) lib/action_dispatch/middleware/request_id.rb:27:in `call'
rack (2.0.5) lib/rack/method_override.rb:22:in `call'
rack (2.0.5) lib/rack/runtime.rb:22:in `call'
activesupport (5.2.1) lib/active_support/cache/strategy/local_cache_middleware.rb:29:in `call'
actionpack (5.2.1) lib/action_dispatch/middleware/executor.rb:14:in `call'
actionpack (5.2.1) lib/action_dispatch/middleware/static.rb:127:in `call'
rack (2.0.5) lib/rack/sendfile.rb:111:in `call'
railties (5.2.1) lib/rails/engine.rb:524:in `call'
puma (3.12.0) lib/puma/configuration.rb:225:in `call'
puma (3.12.0) lib/puma/server.rb:658:in `handle_request'
puma (3.12.0) lib/puma/server.rb:472:in `process_client'
puma (3.12.0) lib/puma/server.rb:332:in `block in run'
puma (3.12.0) lib/puma/thread_pool.rb:133:in `block in spawn_thread'
Started GET "/users/sign_in" for 127.0.0.1 at 2018-09-07 13:50:08 -0400
  
ActionController::RoutingError (No route matches [GET] "/users/sign_in"):
  
actionpack (5.2.1) lib/action_dispatch/middleware/debug_exceptions.rb:65:in `call'
web-console (3.7.0) lib/web_console/middleware.rb:135:in `call_app'
web-console (3.7.0) lib/web_console/middleware.rb:30:in `block in call'
web-console (3.7.0) lib/web_console/middleware.rb:20:in `catch'
web-console (3.7.0) lib/web_console/middleware.rb:20:in `call'
actionpack (5.2.1) lib/action_dispatch/middleware/show_exceptions.rb:33:in `call'
railties (5.2.1) lib/rails/rack/logger.rb:38:in `call_app'
railties (5.2.1) lib/rails/rack/logger.rb:26:in `block in call'
activesupport (5.2.1) lib/active_support/tagged_logging.rb:71:in `block in tagged'
activesupport (5.2.1) lib/active_support/tagged_logging.rb:28:in `tagged'
activesupport (5.2.1) lib/active_support/tagged_logging.rb:71:in `tagged'
railties (5.2.1) lib/rails/rack/logger.rb:26:in `call'
sprockets-rails (3.2.1) lib/sprockets/rails/quiet_assets.rb:13:in `call'
actionpack (5.2.1) lib/action_dispatch/middleware/remote_ip.rb:81:in `call'
actionpack (5.2.1) lib/action_dispatch/middleware/request_id.rb:27:in `call'
rack (2.0.5) lib/rack/method_override.rb:22:in `call'
rack (2.0.5) lib/rack/runtime.rb:22:in `call'
activesupport (5.2.1) lib/active_support/cache/strategy/local_cache_middleware.rb:29:in `call'
actionpack (5.2.1) lib/action_dispatch/middleware/executor.rb:14:in `call'
actionpack (5.2.1) lib/action_dispatch/middleware/static.rb:127:in `call'
rack (2.0.5) lib/rack/sendfile.rb:111:in `call'
railties (5.2.1) lib/rails/engine.rb:524:in `call'
puma (3.12.0) lib/puma/configuration.rb:225:in `call'
puma (3.12.0) lib/puma/server.rb:658:in `handle_request'
puma (3.12.0) lib/puma/server.rb:472:in `process_client'
puma (3.12.0) lib/puma/server.rb:332:in `block in run'
puma (3.12.0) lib/puma/thread_pool.rb:133:in `block in spawn_thread'
Started GET "/users/sign_in" for 127.0.0.1 at 2018-09-07 13:50:12 -0400
  
ActionController::RoutingError (No route matches [GET] "/users/sign_in"):
  
actionpack (5.2.1) lib/action_dispatch/middleware/debug_exceptions.rb:65:in `call'
web-console (3.7.0) lib/web_console/middleware.rb:135:in `call_app'
web-console (3.7.0) lib/web_console/middleware.rb:30:in `block in call'
web-console (3.7.0) lib/web_console/middleware.rb:20:in `catch'
web-console (3.7.0) lib/web_console/middleware.rb:20:in `call'
actionpack (5.2.1) lib/action_dispatch/middleware/show_exceptions.rb:33:in `call'
railties (5.2.1) lib/rails/rack/logger.rb:38:in `call_app'
railties (5.2.1) lib/rails/rack/logger.rb:26:in `block in call'
activesupport (5.2.1) lib/active_support/tagged_logging.rb:71:in `block in tagged'
activesupport (5.2.1) lib/active_support/tagged_logging.rb:28:in `tagged'
activesupport (5.2.1) lib/active_support/tagged_logging.rb:71:in `tagged'
railties (5.2.1) lib/rails/rack/logger.rb:26:in `call'
sprockets-rails (3.2.1) lib/sprockets/rails/quiet_assets.rb:13:in `call'
actionpack (5.2.1) lib/action_dispatch/middleware/remote_ip.rb:81:in `call'
actionpack (5.2.1) lib/action_dispatch/middleware/request_id.rb:27:in `call'
rack (2.0.5) lib/rack/method_override.rb:22:in `call'
rack (2.0.5) lib/rack/runtime.rb:22:in `call'
activesupport (5.2.1) lib/active_support/cache/strategy/local_cache_middleware.rb:29:in `call'
actionpack (5.2.1) lib/action_dispatch/middleware/executor.rb:14:in `call'
actionpack (5.2.1) lib/action_dispatch/middleware/static.rb:127:in `call'
rack (2.0.5) lib/rack/sendfile.rb:111:in `call'
railties (5.2.1) lib/rails/engine.rb:524:in `call'
puma (3.12.0) lib/puma/configuration.rb:225:in `call'
puma (3.12.0) lib/puma/server.rb:658:in `handle_request'
puma (3.12.0) lib/puma/server.rb:472:in `process_client'
puma (3.12.0) lib/puma/server.rb:332:in `block in run'
puma (3.12.0) lib/puma/thread_pool.rb:133:in `block in spawn_thread'
Started GET "/users/sign_in" for 127.0.0.1 at 2018-09-07 13:50:13 -0400
  
ActionController::RoutingError (No route matches [GET] "/users/sign_in"):
  
actionpack (5.2.1) lib/action_dispatch/middleware/debug_exceptions.rb:65:in `call'
web-console (3.7.0) lib/web_console/middleware.rb:135:in `call_app'
web-console (3.7.0) lib/web_console/middleware.rb:30:in `block in call'
web-console (3.7.0) lib/web_console/middleware.rb:20:in `catch'
web-console (3.7.0) lib/web_console/middleware.rb:20:in `call'
actionpack (5.2.1) lib/action_dispatch/middleware/show_exceptions.rb:33:in `call'
railties (5.2.1) lib/rails/rack/logger.rb:38:in `call_app'
railties (5.2.1) lib/rails/rack/logger.rb:26:in `block in call'
activesupport (5.2.1) lib/active_support/tagged_logging.rb:71:in `block in tagged'
activesupport (5.2.1) lib/active_support/tagged_logging.rb:28:in `tagged'
activesupport (5.2.1) lib/active_support/tagged_logging.rb:71:in `tagged'
railties (5.2.1) lib/rails/rack/logger.rb:26:in `call'
sprockets-rails (3.2.1) lib/sprockets/rails/quiet_assets.rb:13:in `call'
actionpack (5.2.1) lib/action_dispatch/middleware/remote_ip.rb:81:in `call'
actionpack (5.2.1) lib/action_dispatch/middleware/request_id.rb:27:in `call'
rack (2.0.5) lib/rack/method_override.rb:22:in `call'
rack (2.0.5) lib/rack/runtime.rb:22:in `call'
activesupport (5.2.1) lib/active_support/cache/strategy/local_cache_middleware.rb:29:in `call'
actionpack (5.2.1) lib/action_dispatch/middleware/executor.rb:14:in `call'
actionpack (5.2.1) lib/action_dispatch/middleware/static.rb:127:in `call'
rack (2.0.5) lib/rack/sendfile.rb:111:in `call'
railties (5.2.1) lib/rails/engine.rb:524:in `call'
puma (3.12.0) lib/puma/configuration.rb:225:in `call'
puma (3.12.0) lib/puma/server.rb:658:in `handle_request'
puma (3.12.0) lib/puma/server.rb:472:in `process_client'
puma (3.12.0) lib/puma/server.rb:332:in `block in run'
puma (3.12.0) lib/puma/thread_pool.rb:133:in `block in spawn_thread'
Started GET "/users/sign_in" for 127.0.0.1 at 2018-09-07 13:50:17 -0400
  
ActionController::RoutingError (No route matches [GET] "/users/sign_in"):
  
actionpack (5.2.1) lib/action_dispatch/middleware/debug_exceptions.rb:65:in `call'
web-console (3.7.0) lib/web_console/middleware.rb:135:in `call_app'
web-console (3.7.0) lib/web_console/middleware.rb:30:in `block in call'
web-console (3.7.0) lib/web_console/middleware.rb:20:in `catch'
web-console (3.7.0) lib/web_console/middleware.rb:20:in `call'
actionpack (5.2.1) lib/action_dispatch/middleware/show_exceptions.rb:33:in `call'
railties (5.2.1) lib/rails/rack/logger.rb:38:in `call_app'
railties (5.2.1) lib/rails/rack/logger.rb:26:in `block in call'
activesupport (5.2.1) lib/active_support/tagged_logging.rb:71:in `block in tagged'
activesupport (5.2.1) lib/active_support/tagged_logging.rb:28:in `tagged'
activesupport (5.2.1) lib/active_support/tagged_logging.rb:71:in `tagged'
railties (5.2.1) lib/rails/rack/logger.rb:26:in `call'
sprockets-rails (3.2.1) lib/sprockets/rails/quiet_assets.rb:13:in `call'
actionpack (5.2.1) lib/action_dispatch/middleware/remote_ip.rb:81:in `call'
actionpack (5.2.1) lib/action_dispatch/middleware/request_id.rb:27:in `call'
rack (2.0.5) lib/rack/method_override.rb:22:in `call'
rack (2.0.5) lib/rack/runtime.rb:22:in `call'
activesupport (5.2.1) lib/active_support/cache/strategy/local_cache_middleware.rb:29:in `call'
actionpack (5.2.1) lib/action_dispatch/middleware/executor.rb:14:in `call'
actionpack (5.2.1) lib/action_dispatch/middleware/static.rb:127:in `call'
rack (2.0.5) lib/rack/sendfile.rb:111:in `call'
railties (5.2.1) lib/rails/engine.rb:524:in `call'
puma (3.12.0) lib/puma/configuration.rb:225:in `call'
puma (3.12.0) lib/puma/server.rb:658:in `handle_request'
puma (3.12.0) lib/puma/server.rb:472:in `process_client'
puma (3.12.0) lib/puma/server.rb:332:in `block in run'
puma (3.12.0) lib/puma/thread_pool.rb:133:in `block in spawn_thread'
Started GET "/users/sign_in" for 127.0.0.1 at 2018-09-07 13:50:48 -0400
  
RuntimeError (Circular dependency detected while autoloading constant Devise::SessionsController):
  
app/controllers/devise/sessions_controller.rb:3:in `<main>'
Started GET "/" for 127.0.0.1 at 2018-09-07 13:50:56 -0400
Processing by PrincipalController#index as HTML
  Rendering principal/index.html.erb within layouts/application
  Rendered principal/index.html.erb within layouts/application (0.6ms)
Completed 200 OK in 818ms (Views: 797.7ms | ActiveRecord: 0.0ms)


Started GET "/users/sign_up" for 127.0.0.1 at 2018-09-07 13:50:59 -0400
  
RuntimeError (Circular dependency detected while autoloading constant Devise::RegistrationsController):
  
app/controllers/devise/registrations_controller.rb:3:in `<main>'
Started GET "/users/sign_up" for 127.0.0.1 at 2018-09-07 13:53:39 -0400
  
ActionController::RoutingError (uninitialized constant RegistrationsController):
  
bootsnap (1.3.1) lib/bootsnap/load_path_cache/core_ext/active_support.rb:53:in `block in load_missing_constant'
bootsnap (1.3.1) lib/bootsnap/load_path_cache/core_ext/active_support.rb:8:in `without_bootsnap_cache'
bootsnap (1.3.1) lib/bootsnap/load_path_cache/core_ext/active_support.rb:53:in `rescue in load_missing_constant'
bootsnap (1.3.1) lib/bootsnap/load_path_cache/core_ext/active_support.rb:42:in `load_missing_constant'
activesupport (5.2.1) lib/active_support/inflector/methods.rb:283:in `const_get'
activesupport (5.2.1) lib/active_support/inflector/methods.rb:283:in `block in constantize'
activesupport (5.2.1) lib/active_support/inflector/methods.rb:281:in `each'
activesupport (5.2.1) lib/active_support/inflector/methods.rb:281:in `inject'
activesupport (5.2.1) lib/active_support/inflector/methods.rb:281:in `constantize'
actionpack (5.2.1) lib/action_dispatch/http/request.rb:88:in `controller_class_for'
actionpack (5.2.1) lib/action_dispatch/http/request.rb:81:in `controller_class'
actionpack (5.2.1) lib/action_dispatch/routing/route_set.rb:46:in `controller'
actionpack (5.2.1) lib/action_dispatch/routing/route_set.rb:32:in `serve'
actionpack (5.2.1) lib/action_dispatch/routing/mapper.rb:18:in `block in <class:Constraints>'
actionpack (5.2.1) lib/action_dispatch/routing/mapper.rb:48:in `serve'
actionpack (5.2.1) lib/action_dispatch/journey/router.rb:52:in `block in serve'
actionpack (5.2.1) lib/action_dispatch/journey/router.rb:35:in `each'
actionpack (5.2.1) lib/action_dispatch/journey/router.rb:35:in `serve'
actionpack (5.2.1) lib/action_dispatch/routing/route_set.rb:840:in `call'
warden (1.2.7) lib/warden/manager.rb:36:in `block in call'
warden (1.2.7) lib/warden/manager.rb:35:in `catch'
warden (1.2.7) lib/warden/manager.rb:35:in `call'
rack (2.0.5) lib/rack/tempfile_reaper.rb:15:in `call'
rack (2.0.5) lib/rack/etag.rb:25:in `call'
rack (2.0.5) lib/rack/conditional_get.rb:25:in `call'
rack (2.0.5) lib/rack/head.rb:12:in `call'
actionpack (5.2.1) lib/action_dispatch/http/content_security_policy.rb:18:in `call'
rack (2.0.5) lib/rack/session/abstract/id.rb:232:in `context'
rack (2.0.5) lib/rack/session/abstract/id.rb:226:in `call'
actionpack (5.2.1) lib/action_dispatch/middleware/cookies.rb:670:in `call'
activerecord (5.2.1) lib/active_record/migration.rb:559:in `call'
actionpack (5.2.1) lib/action_dispatch/middleware/callbacks.rb:28:in `block in call'
activesupport (5.2.1) lib/active_support/callbacks.rb:98:in `run_callbacks'
actionpack (5.2.1) lib/action_dispatch/middleware/callbacks.rb:26:in `call'
actionpack (5.2.1) lib/action_dispatch/middleware/executor.rb:14:in `call'
actionpack (5.2.1) lib/action_dispatch/middleware/debug_exceptions.rb:61:in `call'
web-console (3.7.0) lib/web_console/middleware.rb:135:in `call_app'
web-console (3.7.0) lib/web_console/middleware.rb:30:in `block in call'
web-console (3.7.0) lib/web_console/middleware.rb:20:in `catch'
web-console (3.7.0) lib/web_console/middleware.rb:20:in `call'
actionpack (5.2.1) lib/action_dispatch/middleware/show_exceptions.rb:33:in `call'
railties (5.2.1) lib/rails/rack/logger.rb:38:in `call_app'
railties (5.2.1) lib/rails/rack/logger.rb:26:in `block in call'
activesupport (5.2.1) lib/active_support/tagged_logging.rb:71:in `block in tagged'
activesupport (5.2.1) lib/active_support/tagged_logging.rb:28:in `tagged'
activesupport (5.2.1) lib/active_support/tagged_logging.rb:71:in `tagged'
railties (5.2.1) lib/rails/rack/logger.rb:26:in `call'
sprockets-rails (3.2.1) lib/sprockets/rails/quiet_assets.rb:13:in `call'
actionpack (5.2.1) lib/action_dispatch/middleware/remote_ip.rb:81:in `call'
actionpack (5.2.1) lib/action_dispatch/middleware/request_id.rb:27:in `call'
rack (2.0.5) lib/rack/method_override.rb:22:in `call'
rack (2.0.5) lib/rack/runtime.rb:22:in `call'
activesupport (5.2.1) lib/active_support/cache/strategy/local_cache_middleware.rb:29:in `call'
actionpack (5.2.1) lib/action_dispatch/middleware/executor.rb:14:in `call'
actionpack (5.2.1) lib/action_dispatch/middleware/static.rb:127:in `call'
rack (2.0.5) lib/rack/sendfile.rb:111:in `call'
railties (5.2.1) lib/rails/engine.rb:524:in `call'
puma (3.12.0) lib/puma/configuration.rb:225:in `call'
puma (3.12.0) lib/puma/server.rb:658:in `handle_request'
puma (3.12.0) lib/puma/server.rb:472:in `process_client'
puma (3.12.0) lib/puma/server.rb:332:in `block in run'
puma (3.12.0) lib/puma/thread_pool.rb:133:in `block in spawn_thread'
Started GET "/users/sign_up" for 127.0.0.1 at 2018-09-07 13:56:48 -0400
  
ActionController::RoutingError (uninitialized constant RegistrationsController):
  
bootsnap (1.3.1) lib/bootsnap/load_path_cache/core_ext/active_support.rb:53:in `block in load_missing_constant'
bootsnap (1.3.1) lib/bootsnap/load_path_cache/core_ext/active_support.rb:8:in `without_bootsnap_cache'
bootsnap (1.3.1) lib/bootsnap/load_path_cache/core_ext/active_support.rb:53:in `rescue in load_missing_constant'
bootsnap (1.3.1) lib/bootsnap/load_path_cache/core_ext/active_support.rb:42:in `load_missing_constant'
activesupport (5.2.1) lib/active_support/inflector/methods.rb:283:in `const_get'
activesupport (5.2.1) lib/active_support/inflector/methods.rb:283:in `block in constantize'
activesupport (5.2.1) lib/active_support/inflector/methods.rb:281:in `each'
activesupport (5.2.1) lib/active_support/inflector/methods.rb:281:in `inject'
activesupport (5.2.1) lib/active_support/inflector/methods.rb:281:in `constantize'
actionpack (5.2.1) lib/action_dispatch/http/request.rb:88:in `controller_class_for'
actionpack (5.2.1) lib/action_dispatch/http/request.rb:81:in `controller_class'
actionpack (5.2.1) lib/action_dispatch/routing/route_set.rb:46:in `controller'
actionpack (5.2.1) lib/action_dispatch/routing/route_set.rb:32:in `serve'
actionpack (5.2.1) lib/action_dispatch/routing/mapper.rb:18:in `block in <class:Constraints>'
actionpack (5.2.1) lib/action_dispatch/routing/mapper.rb:48:in `serve'
actionpack (5.2.1) lib/action_dispatch/journey/router.rb:52:in `block in serve'
actionpack (5.2.1) lib/action_dispatch/journey/router.rb:35:in `each'
actionpack (5.2.1) lib/action_dispatch/journey/router.rb:35:in `serve'
actionpack (5.2.1) lib/action_dispatch/routing/route_set.rb:840:in `call'
warden (1.2.7) lib/warden/manager.rb:36:in `block in call'
warden (1.2.7) lib/warden/manager.rb:35:in `catch'
warden (1.2.7) lib/warden/manager.rb:35:in `call'
rack (2.0.5) lib/rack/tempfile_reaper.rb:15:in `call'
rack (2.0.5) lib/rack/etag.rb:25:in `call'
rack (2.0.5) lib/rack/conditional_get.rb:25:in `call'
rack (2.0.5) lib/rack/head.rb:12:in `call'
actionpack (5.2.1) lib/action_dispatch/http/content_security_policy.rb:18:in `call'
rack (2.0.5) lib/rack/session/abstract/id.rb:232:in `context'
rack (2.0.5) lib/rack/session/abstract/id.rb:226:in `call'
actionpack (5.2.1) lib/action_dispatch/middleware/cookies.rb:670:in `call'
activerecord (5.2.1) lib/active_record/migration.rb:559:in `call'
actionpack (5.2.1) lib/action_dispatch/middleware/callbacks.rb:28:in `block in call'
activesupport (5.2.1) lib/active_support/callbacks.rb:98:in `run_callbacks'
actionpack (5.2.1) lib/action_dispatch/middleware/callbacks.rb:26:in `call'
actionpack (5.2.1) lib/action_dispatch/middleware/executor.rb:14:in `call'
actionpack (5.2.1) lib/action_dispatch/middleware/debug_exceptions.rb:61:in `call'
web-console (3.7.0) lib/web_console/middleware.rb:135:in `call_app'
web-console (3.7.0) lib/web_console/middleware.rb:30:in `block in call'
web-console (3.7.0) lib/web_console/middleware.rb:20:in `catch'
web-console (3.7.0) lib/web_console/middleware.rb:20:in `call'
actionpack (5.2.1) lib/action_dispatch/middleware/show_exceptions.rb:33:in `call'
railties (5.2.1) lib/rails/rack/logger.rb:38:in `call_app'
railties (5.2.1) lib/rails/rack/logger.rb:26:in `block in call'
activesupport (5.2.1) lib/active_support/tagged_logging.rb:71:in `block in tagged'
activesupport (5.2.1) lib/active_support/tagged_logging.rb:28:in `tagged'
activesupport (5.2.1) lib/active_support/tagged_logging.rb:71:in `tagged'
railties (5.2.1) lib/rails/rack/logger.rb:26:in `call'
sprockets-rails (3.2.1) lib/sprockets/rails/quiet_assets.rb:13:in `call'
actionpack (5.2.1) lib/action_dispatch/middleware/remote_ip.rb:81:in `call'
actionpack (5.2.1) lib/action_dispatch/middleware/request_id.rb:27:in `call'
rack (2.0.5) lib/rack/method_override.rb:22:in `call'
rack (2.0.5) lib/rack/runtime.rb:22:in `call'
activesupport (5.2.1) lib/active_support/cache/strategy/local_cache_middleware.rb:29:in `call'
actionpack (5.2.1) lib/action_dispatch/middleware/executor.rb:14:in `call'
actionpack (5.2.1) lib/action_dispatch/middleware/static.rb:127:in `call'
rack (2.0.5) lib/rack/sendfile.rb:111:in `call'
railties (5.2.1) lib/rails/engine.rb:524:in `call'
puma (3.12.0) lib/puma/configuration.rb:225:in `call'
puma (3.12.0) lib/puma/server.rb:658:in `handle_request'
puma (3.12.0) lib/puma/server.rb:472:in `process_client'
puma (3.12.0) lib/puma/server.rb:332:in `block in run'
puma (3.12.0) lib/puma/thread_pool.rb:133:in `block in spawn_thread'
Started GET "/users/sign_up" for 127.0.0.1 at 2018-09-07 13:59:50 -0400
  
RuntimeError (Circular dependency detected while autoloading constant Devise::RegistrationsController):
  
app/controllers/devise/registrations_controller.rb:3:in `<main>'
Started GET "/" for 127.0.0.1 at 2018-09-07 13:59:55 -0400
Processing by PrincipalController#index as HTML
  Rendering principal/index.html.erb within layouts/application
  Rendered principal/index.html.erb within layouts/application (0.8ms)
Completed 200 OK in 379ms (Views: 369.2ms | ActiveRecord: 0.0ms)


Started GET "/users/sign_in" for 127.0.0.1 at 2018-09-07 13:59:59 -0400
  
RuntimeError (Circular dependency detected while autoloading constant Devise::SessionsController):
  
app/controllers/devise/sessions_controller.rb:3:in `<main>'
Started GET "/users/sign_in" for 127.0.0.1 at 2018-09-07 14:00:36 -0400
Processing by Devise::SessionsController#new as HTML
  Rendering devise/sessions/new.html.erb within layouts/application
  Rendered devise/shared/_links.html.erb (3.0ms)
  Rendered devise/sessions/new.html.erb within layouts/application (128.0ms)
Completed 200 OK in 218ms (Views: 184.6ms | ActiveRecord: 1.9ms)


Started GET "/" for 127.0.0.1 at 2018-09-07 14:00:40 -0400
Processing by PrincipalController#index as HTML
  Rendering principal/index.html.erb within layouts/application
  Rendered principal/index.html.erb within layouts/application (0.6ms)
Completed 200 OK in 55ms (Views: 52.5ms | ActiveRecord: 0.0ms)


Started GET "/users/sign_up" for 127.0.0.1 at 2018-09-07 14:00:41 -0400
Processing by Devise::RegistrationsController#new as HTML
  Rendering devise/registrations/new.html.erb within layouts/application
  Rendered devise/shared/_links.html.erb (2.7ms)
  Rendered devise/registrations/new.html.erb within layouts/application (220.7ms)
Completed 200 OK in 287ms (Views: 283.4ms | ActiveRecord: 1.7ms)


Started GET "/users/sign_up" for 127.0.0.1 at 2018-09-07 14:04:27 -0400
Processing by Devise::RegistrationsController#new as HTML
  Rendering devise/registrations/new.html.erb within layouts/application
  Rendered devise/shared/_links.html.erb (2.4ms)
  Rendered devise/registrations/new.html.erb within layouts/application (44.0ms)
Completed 200 OK in 181ms (Views: 133.6ms | ActiveRecord: 2.9ms)


Started GET "/users/sign_in" for 127.0.0.1 at 2018-09-07 14:04:32 -0400
Processing by Devise::SessionsController#new as HTML
  Rendering devise/sessions/new.html.erb within layouts/application
  Rendered devise/shared/_links.html.erb (2.7ms)
  Rendered devise/sessions/new.html.erb within layouts/application (10.8ms)
Completed 200 OK in 114ms (Views: 111.3ms | ActiveRecord: 0.0ms)


Started GET "/users/sign_up" for 127.0.0.1 at 2018-09-07 14:04:33 -0400
Processing by Devise::RegistrationsController#new as HTML
  Rendering devise/registrations/new.html.erb within layouts/application
  Rendered devise/shared/_links.html.erb (1.9ms)
  Rendered devise/registrations/new.html.erb within layouts/application (10.7ms)
Completed 200 OK in 88ms (Views: 85.9ms | ActiveRecord: 0.0ms)


Started GET "/users/sign_up" for 127.0.0.1 at 2018-09-07 14:06:40 -0400
Processing by Devise::RegistrationsController#new as HTML
  Rendering devise/registrations/new.html.erb within layouts/application
  Rendered devise/shared/_links.html.erb (2.6ms)
  Rendered devise/registrations/new.html.erb within layouts/application (41.4ms)
Completed 200 OK in 137ms (Views: 105.9ms | ActiveRecord: 4.2ms)


Started POST "/users" for 127.0.0.1 at 2018-09-07 14:07:21 -0400
Processing by Devise::RegistrationsController#create as HTML
  Parameters: {"utf8"=>"âœ“", "authenticity_token"=>"RS/g2Izz2x2aO3rJCJ5HQIYqhowpV2YX5seCHMM29lfaXtN1Gi7E7RHz5C24PDCqdcV4gI37Pe129IL7x7PHzQ==", "user"=>{"email"=>"el_papi@mail.com", "password"=>"[FILTERED]", "password_confirmation"=>"[FILTERED]", "profile_attributes"=>{"nombre"=>"el", "apellido"=>"papi"}}, "commit"=>"Crear cuenta"}
Unpermitted parameter: :profile_attributes
  [1m[35m (0.1ms)[0m  [1m[36mbegin transaction[0m
  â†³ /home/juan/.rbenv/versions/2.5.1/lib/ruby/gems/2.5.0/gems/activerecord-5.2.1/lib/active_record/log_subscriber.rb:98
  [1m[36mUser Create (149.2ms)[0m  [1m[32mINSERT INTO "users" ("created_at", "updated_at") VALUES (?, ?)[0m  [["created_at", "2018-09-07 18:07:21.216072"], ["updated_at", "2018-09-07 18:07:21.216072"]]
  â†³ /home/juan/.rbenv/versions/2.5.1/lib/ruby/gems/2.5.0/gems/activerecord-5.2.1/lib/active_record/log_subscriber.rb:98
  [1m[35m (0.2ms)[0m  [1m[31mrollback transaction[0m
  â†³ /home/juan/.rbenv/versions/2.5.1/lib/ruby/gems/2.5.0/gems/activerecord-5.2.1/lib/active_record/log_subscriber.rb:98
Completed 500 Internal Server Error in 230ms (ActiveRecord: 149.5ms)


  
ActiveRecord::RecordNotUnique (SQLite3::ConstraintException: UNIQUE constraint failed: users.email: INSERT INTO "users" ("created_at", "updated_at") VALUES (?, ?)):
  
sqlite3 (1.3.13) lib/sqlite3/statement.rb:108:in `step'
sqlite3 (1.3.13) lib/sqlite3/statement.rb:108:in `block in each'
sqlite3 (1.3.13) lib/sqlite3/statement.rb:107:in `loop'
sqlite3 (1.3.13) lib/sqlite3/statement.rb:107:in `each'
activerecord (5.2.1) lib/active_record/connection_adapters/sqlite3_adapter.rb:222:in `to_a'
activerecord (5.2.1) lib/active_record/connection_adapters/sqlite3_adapter.rb:222:in `block (2 levels) in exec_query'
activesupport (5.2.1) lib/active_support/dependencies/interlock.rb:48:in `block in permit_concurrent_loads'
activesupport (5.2.1) lib/active_support/concurrency/share_lock.rb:187:in `yield_shares'
activesupport (5.2.1) lib/active_support/dependencies/interlock.rb:47:in `permit_concurrent_loads'
activerecord (5.2.1) lib/active_record/connection_adapters/sqlite3_adapter.rb:213:in `block in exec_query'
activerecord (5.2.1) lib/active_record/connection_adapters/abstract_adapter.rb:579:in `block (2 levels) in log'
/home/juan/.rbenv/versions/2.5.1/lib/ruby/2.5.0/monitor.rb:226:in `mon_synchronize'
activerecord (5.2.1) lib/active_record/connection_adapters/abstract_adapter.rb:578:in `block in log'
activesupport (5.2.1) lib/active_support/notifications/instrumenter.rb:23:in `instrument'
activerecord (5.2.1) lib/active_record/connection_adapters/abstract_adapter.rb:569:in `log'
activerecord (5.2.1) lib/active_record/connection_adapters/sqlite3_adapter.rb:212:in `exec_query'
activerecord (5.2.1) lib/active_record/connection_adapters/abstract/database_statements.rb:117:in `exec_insert'
activerecord (5.2.1) lib/active_record/connection_adapters/abstract/database_statements.rb:149:in `insert'
activerecord (5.2.1) lib/active_record/connection_adapters/abstract/query_cache.rb:21:in `insert'
activerecord (5.2.1) lib/active_record/persistence.rb:187:in `_insert_record'
activerecord (5.2.1) lib/active_record/persistence.rb:733:in `_create_record'
activerecord (5.2.1) lib/active_record/counter_cache.rb:184:in `_create_record'
activerecord (5.2.1) lib/active_record/locking/optimistic.rb:70:in `_create_record'
activerecord (5.2.1) lib/active_record/attribute_methods/dirty.rb:137:in `_create_record'
activerecord (5.2.1) lib/active_record/callbacks.rb:346:in `block in _create_record'
activesupport (5.2.1) lib/active_support/callbacks.rb:132:in `run_callbacks'
activesupport (5.2.1) lib/active_support/callbacks.rb:816:in `_run_create_callbacks'
activerecord (5.2.1) lib/active_record/callbacks.rb:346:in `_create_record'
activerecord (5.2.1) lib/active_record/timestamp.rb:102:in `_create_record'
activerecord (5.2.1) lib/active_record/persistence.rb:704:in `create_or_update'
activerecord (5.2.1) lib/active_record/callbacks.rb:342:in `block in create_or_update'
activesupport (5.2.1) lib/active_support/callbacks.rb:98:in `run_callbacks'
activesupport (5.2.1) lib/active_support/callbacks.rb:816:in `_run_save_callbacks'
activerecord (5.2.1) lib/active_record/callbacks.rb:342:in `create_or_update'
activerecord (5.2.1) lib/active_record/persistence.rb:275:in `save'
activerecord (5.2.1) lib/active_record/validations.rb:46:in `save'
activerecord (5.2.1) lib/active_record/transactions.rb:310:in `block (2 levels) in save'
activerecord (5.2.1) lib/active_record/transactions.rb:387:in `block in with_transaction_returning_status'
activerecord (5.2.1) lib/active_record/connection_adapters/abstract/database_statements.rb:254:in `block in transaction'
activerecord (5.2.1) lib/active_record/connection_adapters/abstract/transaction.rb:239:in `block in within_new_transaction'
/home/juan/.rbenv/versions/2.5.1/lib/ruby/2.5.0/monitor.rb:226:in `mon_synchronize'
activerecord (5.2.1) lib/active_record/connection_adapters/abstract/transaction.rb:236:in `within_new_transaction'
activerecord (5.2.1) lib/active_record/connection_adapters/abstract/database_statements.rb:254:in `transaction'
activerecord (5.2.1) lib/active_record/transactions.rb:212:in `transaction'
activerecord (5.2.1) lib/active_record/transactions.rb:385:in `with_transaction_returning_status'
activerecord (5.2.1) lib/active_record/transactions.rb:310:in `block in save'
activerecord (5.2.1) lib/active_record/transactions.rb:325:in `rollback_active_record_state!'
activerecord (5.2.1) lib/active_record/transactions.rb:309:in `save'
activerecord (5.2.1) lib/active_record/suppressor.rb:44:in `save'
devise (4.5.0) app/controllers/devise/registrations_controller.rb:19:in `create'
actionpack (5.2.1) lib/action_controller/metal/basic_implicit_render.rb:6:in `send_action'
actionpack (5.2.1) lib/abstract_controller/base.rb:194:in `process_action'
actionpack (5.2.1) lib/action_controller/metal/rendering.rb:30:in `process_action'
actionpack (5.2.1) lib/abstract_controller/callbacks.rb:42:in `block in process_action'
activesupport (5.2.1) lib/active_support/callbacks.rb:132:in `run_callbacks'
actionpack (5.2.1) lib/abstract_controller/callbacks.rb:41:in `process_action'
actionpack (5.2.1) lib/action_controller/metal/rescue.rb:22:in `process_action'
actionpack (5.2.1) lib/action_controller/metal/instrumentation.rb:34:in `block in process_action'
activesupport (5.2.1) lib/active_support/notifications.rb:168:in `block in instrument'
activesupport (5.2.1) lib/active_support/notifications/instrumenter.rb:23:in `instrument'
activesupport (5.2.1) lib/active_support/notifications.rb:168:in `instrument'
actionpack (5.2.1) lib/action_controller/metal/instrumentation.rb:32:in `process_action'
actionpack (5.2.1) lib/action_controller/metal/params_wrapper.rb:256:in `process_action'
activerecord (5.2.1) lib/active_record/railties/controller_runtime.rb:24:in `process_action'
actionpack (5.2.1) lib/abstract_controller/base.rb:134:in `process'
actionview (5.2.1) lib/action_view/rendering.rb:32:in `process'
actionpack (5.2.1) lib/action_controller/metal.rb:191:in `dispatch'
actionpack (5.2.1) lib/action_controller/metal.rb:252:in `dispatch'
actionpack (5.2.1) lib/action_dispatch/routing/route_set.rb:52:in `dispatch'
actionpack (5.2.1) lib/action_dispatch/routing/route_set.rb:34:in `serve'
actionpack (5.2.1) lib/action_dispatch/routing/mapper.rb:18:in `block in <class:Constraints>'
actionpack (5.2.1) lib/action_dispatch/routing/mapper.rb:48:in `serve'
actionpack (5.2.1) lib/action_dispatch/journey/router.rb:52:in `block in serve'
actionpack (5.2.1) lib/action_dispatch/journey/router.rb:35:in `each'
actionpack (5.2.1) lib/action_dispatch/journey/router.rb:35:in `serve'
actionpack (5.2.1) lib/action_dispatch/routing/route_set.rb:840:in `call'
warden (1.2.7) lib/warden/manager.rb:36:in `block in call'
warden (1.2.7) lib/warden/manager.rb:35:in `catch'
warden (1.2.7) lib/warden/manager.rb:35:in `call'
rack (2.0.5) lib/rack/tempfile_reaper.rb:15:in `call'
rack (2.0.5) lib/rack/etag.rb:25:in `call'
rack (2.0.5) lib/rack/conditional_get.rb:38:in `call'
rack (2.0.5) lib/rack/head.rb:12:in `call'
actionpack (5.2.1) lib/action_dispatch/http/content_security_policy.rb:18:in `call'
rack (2.0.5) lib/rack/session/abstract/id.rb:232:in `context'
rack (2.0.5) lib/rack/session/abstract/id.rb:226:in `call'
actionpack (5.2.1) lib/action_dispatch/middleware/cookies.rb:670:in `call'
activerecord (5.2.1) lib/active_record/migration.rb:559:in `call'
actionpack (5.2.1) lib/action_dispatch/middleware/callbacks.rb:28:in `block in call'
activesupport (5.2.1) lib/active_support/callbacks.rb:98:in `run_callbacks'
actionpack (5.2.1) lib/action_dispatch/middleware/callbacks.rb:26:in `call'
actionpack (5.2.1) lib/action_dispatch/middleware/executor.rb:14:in `call'
actionpack (5.2.1) lib/action_dispatch/middleware/debug_exceptions.rb:61:in `call'
web-console (3.7.0) lib/web_console/middleware.rb:135:in `call_app'
web-console (3.7.0) lib/web_console/middleware.rb:30:in `block in call'
web-console (3.7.0) lib/web_console/middleware.rb:20:in `catch'
web-console (3.7.0) lib/web_console/middleware.rb:20:in `call'
actionpack (5.2.1) lib/action_dispatch/middleware/show_exceptions.rb:33:in `call'
railties (5.2.1) lib/rails/rack/logger.rb:38:in `call_app'
railties (5.2.1) lib/rails/rack/logger.rb:26:in `block in call'
activesupport (5.2.1) lib/active_support/tagged_logging.rb:71:in `block in tagged'
activesupport (5.2.1) lib/active_support/tagged_logging.rb:28:in `tagged'
activesupport (5.2.1) lib/active_support/tagged_logging.rb:71:in `tagged'
railties (5.2.1) lib/rails/rack/logger.rb:26:in `call'
sprockets-rails (3.2.1) lib/sprockets/rails/quiet_assets.rb:13:in `call'
actionpack (5.2.1) lib/action_dispatch/middleware/remote_ip.rb:81:in `call'
actionpack (5.2.1) lib/action_dispatch/middleware/request_id.rb:27:in `call'
rack (2.0.5) lib/rack/method_override.rb:22:in `call'
rack (2.0.5) lib/rack/runtime.rb:22:in `call'
activesupport (5.2.1) lib/active_support/cache/strategy/local_cache_middleware.rb:29:in `call'
actionpack (5.2.1) lib/action_dispatch/middleware/executor.rb:14:in `call'
actionpack (5.2.1) lib/action_dispatch/middleware/static.rb:127:in `call'
rack (2.0.5) lib/rack/sendfile.rb:111:in `call'
railties (5.2.1) lib/rails/engine.rb:524:in `call'
puma (3.12.0) lib/puma/configuration.rb:225:in `call'
puma (3.12.0) lib/puma/server.rb:658:in `handle_request'
puma (3.12.0) lib/puma/server.rb:472:in `process_client'
puma (3.12.0) lib/puma/server.rb:332:in `block in run'
puma (3.12.0) lib/puma/thread_pool.rb:133:in `block in spawn_thread'
  [1m[36mUser Load (12.4ms)[0m  [1m[34mSELECT  "users".* FROM "users" ORDER BY "users"."id" DESC LIMIT ?[0m  [["LIMIT", 1]]
  [1m[36mUser Load (65.6ms)[0m  [1m[34mSELECT  "users".* FROM "users" LIMIT ?[0m  [["LIMIT", 11]]
